run=ablation-highdata device=mps n_train=6384 n_test=6385 n_params=228096
step=     0 train_loss=4.7530 train_acc=0.0075 test_loss=4.7577 test_acc=0.0108 t=1.3s
step=   100 train_loss=0.1386 train_acc=1.0000 test_loss=0.5084 test_acc=0.9681 t=9.1s
step=   200 train_loss=0.0220 train_acc=1.0000 test_loss=0.0629 test_acc=1.0000 t=16.6s
step=   300 train_loss=0.0088 train_acc=1.0000 test_loss=0.0188 test_acc=1.0000 t=24.1s
step=   400 train_loss=0.0036 train_acc=1.0000 test_loss=0.0064 test_acc=1.0000 t=31.7s
step=   500 train_loss=0.0015 train_acc=1.0000 test_loss=0.0025 test_acc=1.0000 t=40.0s
step=   600 train_loss=0.0006 train_acc=1.0000 test_loss=0.0010 test_acc=1.0000 t=47.6s
step=   700 train_loss=0.0003 train_acc=1.0000 test_loss=0.0004 test_acc=1.0000 t=55.2s
step=   800 train_loss=0.0021 train_acc=1.0000 test_loss=0.0031 test_acc=1.0000 t=62.8s
step=   900 train_loss=0.0021 train_acc=1.0000 test_loss=0.0027 test_acc=1.0000 t=70.3s
step=  1000 train_loss=0.0016 train_acc=1.0000 test_loss=0.0019 test_acc=1.0000 t=77.9s
step=  1100 train_loss=0.0008 train_acc=1.0000 test_loss=0.0009 test_acc=1.0000 t=85.6s
step=  1200 train_loss=0.0003 train_acc=1.0000 test_loss=0.0004 test_acc=1.0000 t=93.3s
step=  1300 train_loss=0.0001 train_acc=1.0000 test_loss=0.0002 test_acc=1.0000 t=102.4s
step=  1400 train_loss=0.0001 train_acc=1.0000 test_loss=0.0001 test_acc=1.0000 t=110.3s
step=  1500 train_loss=0.0000 train_acc=1.0000 test_loss=0.0000 test_acc=1.0000 t=117.9s
step=  1600 train_loss=0.0000 train_acc=1.0000 test_loss=0.0000 test_acc=1.0000 t=125.6s
step=  1700 train_loss=0.0000 train_acc=1.0000 test_loss=0.0000 test_acc=1.0000 t=133.2s
step=  1800 train_loss=0.0006 train_acc=1.0000 test_loss=0.0009 test_acc=1.0000 t=141.2s
step=  1900 train_loss=0.0009 train_acc=1.0000 test_loss=0.0011 test_acc=1.0000 t=151.0s
step=  2000 train_loss=0.0044 train_acc=1.0000 test_loss=0.0077 test_acc=1.0000 t=160.5s
step=  2100 train_loss=0.0067 train_acc=1.0000 test_loss=0.0083 test_acc=1.0000 t=168.2s
step=  2200 train_loss=0.0053 train_acc=1.0000 test_loss=0.0063 test_acc=1.0000 t=175.8s
step=  2300 train_loss=0.0026 train_acc=1.0000 test_loss=0.0030 test_acc=1.0000 t=183.4s
step=  2400 train_loss=0.0011 train_acc=1.0000 test_loss=0.0013 test_acc=1.0000 t=191.1s
step=  2500 train_loss=0.0005 train_acc=1.0000 test_loss=0.0006 test_acc=1.0000 t=198.7s
step=  2600 train_loss=0.0002 train_acc=1.0000 test_loss=0.0003 test_acc=1.0000 t=206.9s
step=  2700 train_loss=0.0001 train_acc=1.0000 test_loss=0.0001 test_acc=1.0000 t=214.4s
step=  2800 train_loss=0.0000 train_acc=1.0000 test_loss=0.0000 test_acc=1.0000 t=222.3s
step=  2900 train_loss=0.0000 train_acc=1.0000 test_loss=0.0000 test_acc=1.0000 t=229.8s
step=  3000 train_loss=0.0000 train_acc=1.0000 test_loss=0.0000 test_acc=1.0000 t=237.4s
step=  3100 train_loss=0.0000 train_acc=1.0000 test_loss=0.0000 test_acc=1.0000 t=245.0s
step=  3200 train_loss=0.0092 train_acc=1.0000 test_loss=0.0160 test_acc=0.9994 t=252.6s
step=  3300 train_loss=0.0006 train_acc=1.0000 test_loss=0.0009 test_acc=1.0000 t=260.5s
step=  3400 train_loss=0.0008 train_acc=1.0000 test_loss=0.0010 test_acc=1.0000 t=268.0s
step=  3500 train_loss=0.0006 train_acc=1.0000 test_loss=0.0007 test_acc=1.0000 t=275.7s
step=  3600 train_loss=0.0003 train_acc=1.0000 test_loss=0.0004 test_acc=1.0000 t=283.4s
step=  3700 train_loss=0.0001 train_acc=1.0000 test_loss=0.0002 test_acc=1.0000 t=291.0s
step=  3800 train_loss=0.0001 train_acc=1.0000 test_loss=0.0001 test_acc=1.0000 t=298.5s
step=  3900 train_loss=0.0000 train_acc=1.0000 test_loss=0.0000 test_acc=1.0000 t=306.1s
step=  4000 train_loss=0.0000 train_acc=1.0000 test_loss=0.0000 test_acc=1.0000 t=313.6s
step=  4100 train_loss=0.0000 train_acc=1.0000 test_loss=0.0000 test_acc=1.0000 t=321.2s
step=  4200 train_loss=0.0000 train_acc=1.0000 test_loss=0.0000 test_acc=1.0000 t=328.7s
step=  4300 train_loss=0.0260 train_acc=0.9978 test_loss=0.0354 test_acc=0.9967 t=336.3s
step=  4400 train_loss=0.0002 train_acc=1.0000 test_loss=0.0002 test_acc=1.0000 t=344.0s
step=  4500 train_loss=0.0003 train_acc=1.0000 test_loss=0.0003 test_acc=1.0000 t=351.6s
step=  4600 train_loss=0.0002 train_acc=1.0000 test_loss=0.0002 test_acc=1.0000 t=359.2s
step=  4700 train_loss=0.0001 train_acc=1.0000 test_loss=0.0001 test_acc=1.0000 t=366.7s
step=  4800 train_loss=0.0000 train_acc=1.0000 test_loss=0.0000 test_acc=1.0000 t=374.3s
step=  4900 train_loss=0.0000 train_acc=1.0000 test_loss=0.0000 test_acc=1.0000 t=381.8s
step=  5000 train_loss=0.0000 train_acc=1.0000 test_loss=0.0000 test_acc=1.0000 t=389.9s
step=  5100 train_loss=0.0000 train_acc=1.0000 test_loss=0.0000 test_acc=1.0000 t=397.6s
step=  5200 train_loss=0.0000 train_acc=1.0000 test_loss=0.0000 test_acc=1.0000 t=405.2s
step=  5300 train_loss=0.0000 train_acc=1.0000 test_loss=0.0000 test_acc=1.0000 t=412.9s
step=  5400 train_loss=0.0008 train_acc=1.0000 test_loss=0.0014 test_acc=1.0000 t=420.5s
step=  5500 train_loss=0.0012 train_acc=1.0000 test_loss=0.0016 test_acc=1.0000 t=428.1s
step=  5600 train_loss=0.0011 train_acc=1.0000 test_loss=0.0014 test_acc=1.0000 t=435.7s
step=  5700 train_loss=0.0007 train_acc=1.0000 test_loss=0.0008 test_acc=1.0000 t=443.2s
step=  5800 train_loss=0.0003 train_acc=1.0000 test_loss=0.0004 test_acc=1.0000 t=450.8s
step=  5900 train_loss=0.0001 train_acc=1.0000 test_loss=0.0002 test_acc=1.0000 t=458.4s
step=  6000 train_loss=0.0001 train_acc=1.0000 test_loss=0.0001 test_acc=1.0000 t=466.0s
step=  6100 train_loss=0.0000 train_acc=1.0000 test_loss=0.0000 test_acc=1.0000 t=473.8s
step=  6200 train_loss=0.0000 train_acc=1.0000 test_loss=0.0000 test_acc=1.0000 t=481.3s
step=  6300 train_loss=0.0000 train_acc=1.0000 test_loss=0.0000 test_acc=1.0000 t=488.8s
step=  6400 train_loss=0.0000 train_acc=1.0000 test_loss=0.0000 test_acc=1.0000 t=496.4s
step=  6500 train_loss=0.0000 train_acc=1.0000 test_loss=0.0000 test_acc=1.0000 t=504.1s
step=  6600 train_loss=0.0005 train_acc=1.0000 test_loss=0.0008 test_acc=1.0000 t=512.1s
step=  6700 train_loss=0.0008 train_acc=1.0000 test_loss=0.0011 test_acc=1.0000 t=519.7s
step=  6800 train_loss=0.0010 train_acc=1.0000 test_loss=0.0012 test_acc=1.0000 t=527.7s
step=  6900 train_loss=0.0005 train_acc=1.0000 test_loss=0.0006 test_acc=1.0000 t=535.4s
step=  7000 train_loss=0.0002 train_acc=1.0000 test_loss=0.0003 test_acc=1.0000 t=543.1s
step=  7100 train_loss=0.0001 train_acc=1.0000 test_loss=0.0001 test_acc=1.0000 t=550.6s
step=  7200 train_loss=0.0000 train_acc=1.0000 test_loss=0.0001 test_acc=1.0000 t=558.2s
step=  7300 train_loss=0.0000 train_acc=1.0000 test_loss=0.0000 test_acc=1.0000 t=566.1s
step=  7400 train_loss=0.0000 train_acc=1.0000 test_loss=0.0000 test_acc=1.0000 t=573.6s
step=  7500 train_loss=0.0000 train_acc=1.0000 test_loss=0.0000 test_acc=1.0000 t=581.3s
step=  7600 train_loss=0.0000 train_acc=1.0000 test_loss=0.0000 test_acc=1.0000 t=588.8s
step=  7700 train_loss=0.0009 train_acc=1.0000 test_loss=0.0016 test_acc=1.0000 t=596.4s
step=  7800 train_loss=0.0012 train_acc=1.0000 test_loss=0.0018 test_acc=1.0000 t=604.2s
step=  7900 train_loss=0.0012 train_acc=1.0000 test_loss=0.0015 test_acc=1.0000 t=611.7s
step=  8000 train_loss=0.0006 train_acc=1.0000 test_loss=0.0008 test_acc=1.0000 t=619.3s
step=  8100 train_loss=0.0003 train_acc=1.0000 test_loss=0.0004 test_acc=1.0000 t=626.8s
step=  8200 train_loss=0.0001 train_acc=1.0000 test_loss=0.0002 test_acc=1.0000 t=634.4s
step=  8300 train_loss=0.0001 train_acc=1.0000 test_loss=0.0001 test_acc=1.0000 t=641.9s
step=  8400 train_loss=0.0000 train_acc=1.0000 test_loss=0.0000 test_acc=1.0000 t=649.6s
step=  8500 train_loss=0.0000 train_acc=1.0000 test_loss=0.0000 test_acc=1.0000 t=657.4s
step=  8600 train_loss=0.0000 train_acc=1.0000 test_loss=0.0000 test_acc=1.0000 t=665.0s
step=  8700 train_loss=0.0000 train_acc=1.0000 test_loss=0.0000 test_acc=1.0000 t=672.5s
step=  8800 train_loss=0.0962 train_acc=0.9864 test_loss=0.1180 test_acc=0.9843 t=680.1s
step=  8900 train_loss=0.0008 train_acc=1.0000 test_loss=0.0013 test_acc=1.0000 t=687.8s
step=  9000 train_loss=0.0011 train_acc=1.0000 test_loss=0.0015 test_acc=1.0000 t=695.3s
step=  9100 train_loss=0.0009 train_acc=1.0000 test_loss=0.0010 test_acc=1.0000 t=702.9s
step=  9200 train_loss=0.0005 train_acc=1.0000 test_loss=0.0006 test_acc=1.0000 t=710.4s
step=  9300 train_loss=0.0002 train_acc=1.0000 test_loss=0.0003 test_acc=1.0000 t=718.0s
step=  9400 train_loss=0.0001 train_acc=1.0000 test_loss=0.0001 test_acc=1.0000 t=725.6s
step=  9500 train_loss=0.0000 train_acc=1.0000 test_loss=0.0001 test_acc=1.0000 t=733.2s
step=  9600 train_loss=0.0000 train_acc=1.0000 test_loss=0.0000 test_acc=1.0000 t=740.7s
step=  9700 train_loss=0.0000 train_acc=1.0000 test_loss=0.0000 test_acc=1.0000 t=748.3s
step=  9800 train_loss=0.0000 train_acc=1.0000 test_loss=0.0000 test_acc=1.0000 t=755.9s
step=  9900 train_loss=0.0000 train_acc=1.0000 test_loss=0.0000 test_acc=1.0000 t=763.5s
step= 10000 train_loss=0.0039 train_acc=1.0000 test_loss=0.0075 test_acc=1.0000 t=771.1s
step= 10100 train_loss=0.0008 train_acc=1.0000 test_loss=0.0012 test_acc=1.0000 t=778.7s
step= 10200 train_loss=0.0012 train_acc=1.0000 test_loss=0.0015 test_acc=1.0000 t=786.2s
step= 10300 train_loss=0.0010 train_acc=1.0000 test_loss=0.0012 test_acc=1.0000 t=793.8s
step= 10400 train_loss=0.0005 train_acc=1.0000 test_loss=0.0006 test_acc=1.0000 t=801.3s
step= 10500 train_loss=0.0002 train_acc=1.0000 test_loss=0.0003 test_acc=1.0000 t=809.2s
step= 10600 train_loss=0.0001 train_acc=1.0000 test_loss=0.0001 test_acc=1.0000 t=816.8s
step= 10700 train_loss=0.0000 train_acc=1.0000 test_loss=0.0001 test_acc=1.0000 t=824.4s
step= 10800 train_loss=0.0000 train_acc=1.0000 test_loss=0.0000 test_acc=1.0000 t=831.9s
step= 10900 train_loss=0.0000 train_acc=1.0000 test_loss=0.0000 test_acc=1.0000 t=839.6s
step= 11000 train_loss=0.0000 train_acc=1.0000 test_loss=0.0000 test_acc=1.0000 t=847.1s
step= 11100 train_loss=0.0000 train_acc=1.0000 test_loss=0.0000 test_acc=1.0000 t=854.8s
step= 11200 train_loss=0.0011 train_acc=1.0000 test_loss=0.0022 test_acc=1.0000 t=862.7s
step= 11300 train_loss=0.0012 train_acc=1.0000 test_loss=0.0017 test_acc=1.0000 t=870.4s
step= 11400 train_loss=0.0015 train_acc=1.0000 test_loss=0.0018 test_acc=1.0000 t=878.0s
step= 11500 train_loss=0.0011 train_acc=1.0000 test_loss=0.0013 test_acc=1.0000 t=885.6s
step= 11600 train_loss=0.0006 train_acc=1.0000 test_loss=0.0007 test_acc=1.0000 t=893.2s
step= 11700 train_loss=0.0003 train_acc=1.0000 test_loss=0.0003 test_acc=1.0000 t=900.8s
step= 11800 train_loss=0.0001 train_acc=1.0000 test_loss=0.0001 test_acc=1.0000 t=908.3s
step= 11900 train_loss=0.0001 train_acc=1.0000 test_loss=0.0001 test_acc=1.0000 t=915.9s
step= 12000 train_loss=0.0000 train_acc=1.0000 test_loss=0.0000 test_acc=1.0000 t=923.5s
step= 12100 train_loss=0.0000 train_acc=1.0000 test_loss=0.0000 test_acc=1.0000 t=931.0s
step= 12200 train_loss=0.0000 train_acc=1.0000 test_loss=0.0000 test_acc=1.0000 t=938.6s
step= 12300 train_loss=0.0023 train_acc=1.0000 test_loss=0.0043 test_acc=1.0000 t=946.2s
step= 12400 train_loss=0.0008 train_acc=1.0000 test_loss=0.0011 test_acc=1.0000 t=953.8s
step= 12500 train_loss=0.0010 train_acc=1.0000 test_loss=0.0013 test_acc=1.0000 t=961.9s
step= 12600 train_loss=0.0007 train_acc=1.0000 test_loss=0.0009 test_acc=1.0000 t=969.7s
step= 12700 train_loss=0.0004 train_acc=1.0000 test_loss=0.0004 test_acc=1.0000 t=977.2s
step= 12800 train_loss=0.0002 train_acc=1.0000 test_loss=0.0002 test_acc=1.0000 t=984.8s
step= 12900 train_loss=0.0001 train_acc=1.0000 test_loss=0.0001 test_acc=1.0000 t=992.8s
step= 13000 train_loss=0.0000 train_acc=1.0000 test_loss=0.0000 test_acc=1.0000 t=1000.4s
step= 13100 train_loss=0.0000 train_acc=1.0000 test_loss=0.0000 test_acc=1.0000 t=1008.0s
step= 13200 train_loss=0.0000 train_acc=1.0000 test_loss=0.0000 test_acc=1.0000 t=1015.6s
step= 13300 train_loss=0.0000 train_acc=1.0000 test_loss=0.0000 test_acc=1.0000 t=1023.2s
step= 13400 train_loss=0.0020 train_acc=1.0000 test_loss=0.0038 test_acc=1.0000 t=1030.9s
step= 13500 train_loss=0.0009 train_acc=1.0000 test_loss=0.0014 test_acc=1.0000 t=1038.4s
step= 13600 train_loss=0.0012 train_acc=1.0000 test_loss=0.0015 test_acc=1.0000 t=1046.0s
step= 13700 train_loss=0.0009 train_acc=1.0000 test_loss=0.0011 test_acc=1.0000 t=1053.5s
step= 13800 train_loss=0.0005 train_acc=1.0000 test_loss=0.0006 test_acc=1.0000 t=1061.3s
step= 13900 train_loss=0.0002 train_acc=1.0000 test_loss=0.0003 test_acc=1.0000 t=1068.8s
step= 14000 train_loss=0.0001 train_acc=1.0000 test_loss=0.0001 test_acc=1.0000 t=1076.6s
step= 14100 train_loss=0.0000 train_acc=1.0000 test_loss=0.0001 test_acc=1.0000 t=1084.1s
step= 14200 train_loss=0.0000 train_acc=1.0000 test_loss=0.0000 test_acc=1.0000 t=1091.7s
step= 14300 train_loss=0.0000 train_acc=1.0000 test_loss=0.0000 test_acc=1.0000 t=1099.2s
step= 14400 train_loss=0.0000 train_acc=1.0000 test_loss=0.0000 test_acc=1.0000 t=1107.4s
step= 14500 train_loss=0.0219 train_acc=0.9989 test_loss=0.0391 test_acc=0.9948 t=1115.0s
step= 14600 train_loss=0.0011 train_acc=1.0000 test_loss=0.0017 test_acc=1.0000 t=1123.6s
step= 14700 train_loss=0.0016 train_acc=1.0000 test_loss=0.0021 test_acc=1.0000 t=1131.2s
step= 14800 train_loss=0.2051 train_acc=0.9898 test_loss=0.2389 test_acc=0.9854 t=1138.8s
step= 14900 train_loss=0.0069 train_acc=1.0000 test_loss=0.0083 test_acc=1.0000 t=1146.7s
step= 15000 train_loss=0.0072 train_acc=1.0000 test_loss=0.0082 test_acc=1.0000 t=1154.4s
step= 15100 train_loss=0.0037 train_acc=1.0000 test_loss=0.0042 test_acc=1.0000 t=1162.3s
step= 15200 train_loss=0.0017 train_acc=1.0000 test_loss=0.0019 test_acc=1.0000 t=1170.1s
step= 15300 train_loss=0.0007 train_acc=1.0000 test_loss=0.0008 test_acc=1.0000 t=1177.8s
step= 15400 train_loss=0.0003 train_acc=1.0000 test_loss=0.0004 test_acc=1.0000 t=1185.4s
step= 15500 train_loss=0.0001 train_acc=1.0000 test_loss=0.0002 test_acc=1.0000 t=1192.9s
step= 15600 train_loss=0.0001 train_acc=1.0000 test_loss=0.0001 test_acc=1.0000 t=1200.9s
step= 15700 train_loss=0.0000 train_acc=1.0000 test_loss=0.0000 test_acc=1.0000 t=1208.5s
step= 15800 train_loss=0.0000 train_acc=1.0000 test_loss=0.0000 test_acc=1.0000 t=1216.1s
step= 15900 train_loss=0.0000 train_acc=1.0000 test_loss=0.0000 test_acc=1.0000 t=1223.7s
step= 16000 train_loss=0.0000 train_acc=1.0000 test_loss=0.0000 test_acc=1.0000 t=1231.4s
step= 16100 train_loss=0.0001 train_acc=1.0000 test_loss=0.0001 test_acc=1.0000 t=1239.0s
step= 16200 train_loss=0.0010 train_acc=1.0000 test_loss=0.0018 test_acc=1.0000 t=1246.7s
step= 16300 train_loss=0.0012 train_acc=1.0000 test_loss=0.0016 test_acc=1.0000 t=1254.2s
step= 16400 train_loss=0.0183 train_acc=1.0000 test_loss=0.0238 test_acc=1.0000 t=1261.8s
step= 16500 train_loss=0.0074 train_acc=1.0000 test_loss=0.0089 test_acc=1.0000 t=1269.3s
step= 16600 train_loss=0.0071 train_acc=1.0000 test_loss=0.0082 test_acc=1.0000 t=1276.9s
step= 16700 train_loss=0.0034 train_acc=1.0000 test_loss=0.0039 test_acc=1.0000 t=1284.4s
step= 16800 train_loss=0.0015 train_acc=1.0000 test_loss=0.0017 test_acc=1.0000 t=1291.9s
step= 16900 train_loss=0.0007 train_acc=1.0000 test_loss=0.0007 test_acc=1.0000 t=1299.5s
step= 17000 train_loss=0.0003 train_acc=1.0000 test_loss=0.0003 test_acc=1.0000 t=1307.1s
step= 17100 train_loss=0.0001 train_acc=1.0000 test_loss=0.0001 test_acc=1.0000 t=1314.7s
step= 17200 train_loss=0.0001 train_acc=1.0000 test_loss=0.0001 test_acc=1.0000 t=1324.8s
step= 17300 train_loss=0.0000 train_acc=1.0000 test_loss=0.0000 test_acc=1.0000 t=1336.5s
step= 17400 train_loss=0.0000 train_acc=1.0000 test_loss=0.0000 test_acc=1.0000 t=1350.1s
step= 17500 train_loss=0.0016 train_acc=1.0000 test_loss=0.0023 test_acc=1.0000 t=1363.5s
step= 17600 train_loss=0.0013 train_acc=1.0000 test_loss=0.0017 test_acc=1.0000 t=1375.0s
step= 17700 train_loss=0.0016 train_acc=1.0000 test_loss=0.0019 test_acc=1.0000 t=1384.9s
step= 17800 train_loss=0.0010 train_acc=1.0000 test_loss=0.0012 test_acc=1.0000 t=1393.8s
step= 17900 train_loss=0.0005 train_acc=1.0000 test_loss=0.0005 test_acc=1.0000 t=1403.3s
step= 18000 train_loss=0.0002 train_acc=1.0000 test_loss=0.0002 test_acc=1.0000 t=1412.4s
step= 18100 train_loss=0.0001 train_acc=1.0000 test_loss=0.0001 test_acc=1.0000 t=1421.3s
step= 18200 train_loss=0.0000 train_acc=1.0000 test_loss=0.0000 test_acc=1.0000 t=1433.0s
step= 18300 train_loss=0.0000 train_acc=1.0000 test_loss=0.0000 test_acc=1.0000 t=1443.8s
step= 18400 train_loss=0.0000 train_acc=1.0000 test_loss=0.0000 test_acc=1.0000 t=1453.0s
step= 18500 train_loss=0.0000 train_acc=1.0000 test_loss=0.0000 test_acc=1.0000 t=1462.1s
step= 18600 train_loss=0.0000 train_acc=1.0000 test_loss=0.0000 test_acc=1.0000 t=1471.1s
step= 18700 train_loss=0.0011 train_acc=1.0000 test_loss=0.0021 test_acc=1.0000 t=1479.8s
step= 18800 train_loss=0.0012 train_acc=1.0000 test_loss=0.0017 test_acc=1.0000 t=1490.6s
step= 18900 train_loss=0.0013 train_acc=1.0000 test_loss=0.0016 test_acc=1.0000 t=1502.7s
step= 19000 train_loss=0.0010 train_acc=1.0000 test_loss=0.0012 test_acc=1.0000 t=1516.3s
step= 19100 train_loss=0.0005 train_acc=1.0000 test_loss=0.0006 test_acc=1.0000 t=1528.1s
step= 19200 train_loss=0.0002 train_acc=1.0000 test_loss=0.0003 test_acc=1.0000 t=1537.4s
step= 19300 train_loss=0.0001 train_acc=1.0000 test_loss=0.0001 test_acc=1.0000 t=1546.4s
step= 19400 train_loss=0.0001 train_acc=1.0000 test_loss=0.0001 test_acc=1.0000 t=1556.1s
step= 19500 train_loss=0.0000 train_acc=1.0000 test_loss=0.0000 test_acc=1.0000 t=1564.9s
step= 19600 train_loss=0.0000 train_acc=1.0000 test_loss=0.0000 test_acc=1.0000 t=1573.9s
step= 19700 train_loss=2.5354 train_acc=0.3966 test_loss=2.6235 test_acc=0.3823 t=1582.8s
step= 19800 train_loss=0.0012 train_acc=1.0000 test_loss=0.0018 test_acc=1.0000 t=1591.6s
step= 19900 train_loss=0.0017 train_acc=1.0000 test_loss=0.0021 test_acc=1.0000 t=1599.8s
step= 20000 train_loss=0.0014 train_acc=1.0000 test_loss=0.0016 test_acc=1.0000 t=1609.0s
step= 20100 train_loss=0.0008 train_acc=1.0000 test_loss=0.0009 test_acc=1.0000 t=1617.9s
step= 20200 train_loss=0.0004 train_acc=1.0000 test_loss=0.0004 test_acc=1.0000 t=1626.7s
step= 20300 train_loss=0.0002 train_acc=1.0000 test_loss=0.0002 test_acc=1.0000 t=1635.6s
step= 20400 train_loss=0.0001 train_acc=1.0000 test_loss=0.0001 test_acc=1.0000 t=1644.4s
step= 20500 train_loss=0.0000 train_acc=1.0000 test_loss=0.0000 test_acc=1.0000 t=1653.2s
step= 20600 train_loss=0.0000 train_acc=1.0000 test_loss=0.0000 test_acc=1.0000 t=1662.1s
step= 20700 train_loss=0.0000 train_acc=1.0000 test_loss=0.0000 test_acc=1.0000 t=1673.6s
step= 20800 train_loss=0.0012 train_acc=1.0000 test_loss=0.0017 test_acc=1.0000 t=1685.0s
step= 20900 train_loss=0.0019 train_acc=1.0000 test_loss=0.0023 test_acc=1.0000 t=1694.9s
step= 21000 train_loss=0.0019 train_acc=1.0000 test_loss=0.0021 test_acc=1.0000 t=1704.3s
step= 21100 train_loss=0.0010 train_acc=1.0000 test_loss=0.0011 test_acc=1.0000 t=1714.0s
step= 21200 train_loss=0.0004 train_acc=1.0000 test_loss=0.0005 test_acc=1.0000 t=1723.3s
step= 21300 train_loss=0.0002 train_acc=1.0000 test_loss=0.0002 test_acc=1.0000 t=1736.1s
step= 21400 train_loss=0.0001 train_acc=1.0000 test_loss=0.0001 test_acc=1.0000 t=1747.2s
step= 21500 train_loss=0.0000 train_acc=1.0000 test_loss=0.0000 test_acc=1.0000 t=1756.3s
step= 21600 train_loss=0.0000 train_acc=1.0000 test_loss=0.0000 test_acc=1.0000 t=1767.1s
step= 21700 train_loss=0.0000 train_acc=1.0000 test_loss=0.0000 test_acc=1.0000 t=1776.7s
step= 21800 train_loss=0.0000 train_acc=1.0000 test_loss=0.0000 test_acc=1.0000 t=1786.0s
step= 21900 train_loss=0.0000 train_acc=1.0000 test_loss=0.0000 test_acc=1.0000 t=1794.9s
step= 22000 train_loss=0.0062 train_acc=1.0000 test_loss=0.0108 test_acc=0.9997 t=1803.9s
step= 22100 train_loss=0.0011 train_acc=1.0000 test_loss=0.0015 test_acc=1.0000 t=1812.7s
step= 22200 train_loss=0.0015 train_acc=1.0000 test_loss=0.0018 test_acc=1.0000 t=1821.5s
step= 22300 train_loss=0.0012 train_acc=1.0000 test_loss=0.0015 test_acc=1.0000 t=1831.5s
step= 22400 train_loss=0.0007 train_acc=1.0000 test_loss=0.0008 test_acc=1.0000 t=1840.4s
step= 22500 train_loss=0.0003 train_acc=1.0000 test_loss=0.0004 test_acc=1.0000 t=1849.5s
step= 22600 train_loss=0.0001 train_acc=1.0000 test_loss=0.0002 test_acc=1.0000 t=1858.9s
step= 22700 train_loss=0.0001 train_acc=1.0000 test_loss=0.0001 test_acc=1.0000 t=1867.7s
step= 22800 train_loss=0.0000 train_acc=1.0000 test_loss=0.0000 test_acc=1.0000 t=1876.5s
step= 22900 train_loss=0.0000 train_acc=1.0000 test_loss=0.0000 test_acc=1.0000 t=1885.4s
step= 23000 train_loss=0.0000 train_acc=1.0000 test_loss=0.0000 test_acc=1.0000 t=1894.1s
step= 23100 train_loss=0.0013 train_acc=1.0000 test_loss=0.0024 test_acc=1.0000 t=1902.8s
step= 23200 train_loss=0.0020 train_acc=1.0000 test_loss=0.0028 test_acc=1.0000 t=1911.6s
step= 23300 train_loss=0.0019 train_acc=1.0000 test_loss=0.0025 test_acc=1.0000 t=1920.6s
step= 23400 train_loss=0.0011 train_acc=1.0000 test_loss=0.0014 test_acc=1.0000 t=1929.4s
step= 23500 train_loss=0.0005 train_acc=1.0000 test_loss=0.0007 test_acc=1.0000 t=1938.5s
step= 23600 train_loss=0.0002 train_acc=1.0000 test_loss=0.0003 test_acc=1.0000 t=1947.6s
step= 23700 train_loss=0.0001 train_acc=1.0000 test_loss=0.0001 test_acc=1.0000 t=1956.6s
step= 23800 train_loss=0.0000 train_acc=1.0000 test_loss=0.0001 test_acc=1.0000 t=1965.6s
step= 23900 train_loss=0.0000 train_acc=1.0000 test_loss=0.0000 test_acc=1.0000 t=1978.0s
step= 24000 train_loss=0.0000 train_acc=1.0000 test_loss=0.0000 test_acc=1.0000 t=1987.6s
step= 24100 train_loss=0.0000 train_acc=1.0000 test_loss=0.0000 test_acc=1.0000 t=1996.3s
step= 24200 train_loss=0.3414 train_acc=0.9079 test_loss=0.4027 test_acc=0.8930 t=2005.6s
step= 24300 train_loss=0.0015 train_acc=1.0000 test_loss=0.0025 test_acc=1.0000 t=2014.6s
step= 24400 train_loss=0.0019 train_acc=1.0000 test_loss=0.0026 test_acc=1.0000 t=2023.3s
step= 24500 train_loss=0.0018 train_acc=1.0000 test_loss=0.0023 test_acc=1.0000 t=2032.7s
step= 24600 train_loss=0.0009 train_acc=1.0000 test_loss=0.0012 test_acc=1.0000 t=2041.9s
step= 24700 train_loss=0.0004 train_acc=1.0000 test_loss=0.0006 test_acc=1.0000 t=2050.6s
step= 24800 train_loss=0.0002 train_acc=1.0000 test_loss=0.0003 test_acc=1.0000 t=2059.3s
step= 24900 train_loss=0.0001 train_acc=1.0000 test_loss=0.0001 test_acc=1.0000 t=2068.1s
step= 25000 train_loss=0.0000 train_acc=1.0000 test_loss=0.0001 test_acc=1.0000 t=2077.0s
step= 25100 train_loss=0.0000 train_acc=1.0000 test_loss=0.0000 test_acc=1.0000 t=2085.9s
step= 25200 train_loss=0.0000 train_acc=1.0000 test_loss=0.0000 test_acc=1.0000 t=2095.7s
step= 25300 train_loss=0.0000 train_acc=1.0000 test_loss=0.0000 test_acc=1.0000 t=2105.5s
step= 25400 train_loss=0.0008 train_acc=1.0000 test_loss=0.0015 test_acc=1.0000 t=2114.8s
step= 25500 train_loss=0.0011 train_acc=1.0000 test_loss=0.0016 test_acc=1.0000 t=2123.6s
step= 25600 train_loss=0.0009 train_acc=1.0000 test_loss=0.0011 test_acc=1.0000 t=2132.8s
step= 25700 train_loss=0.0004 train_acc=1.0000 test_loss=0.0005 test_acc=1.0000 t=2141.8s
step= 25800 train_loss=0.0002 train_acc=1.0000 test_loss=0.0002 test_acc=1.0000 t=2150.8s
step= 25900 train_loss=0.0001 train_acc=1.0000 test_loss=0.0001 test_acc=1.0000 t=2159.6s
step= 26000 train_loss=0.0000 train_acc=1.0000 test_loss=0.0001 test_acc=1.0000 t=2168.3s
step= 26100 train_loss=0.0000 train_acc=1.0000 test_loss=0.0000 test_acc=1.0000 t=2177.5s
step= 26200 train_loss=0.0000 train_acc=1.0000 test_loss=0.0000 test_acc=1.0000 t=2186.7s
step= 26300 train_loss=0.0022 train_acc=1.0000 test_loss=0.0047 test_acc=1.0000 t=2196.0s
step= 26400 train_loss=0.0017 train_acc=1.0000 test_loss=0.0028 test_acc=1.0000 t=2204.7s
step= 26500 train_loss=0.0022 train_acc=1.0000 test_loss=0.0030 test_acc=1.0000 t=2214.0s
step= 26600 train_loss=0.0015 train_acc=1.0000 test_loss=0.0019 test_acc=1.0000 t=2222.7s
step= 26700 train_loss=0.0007 train_acc=1.0000 test_loss=0.0009 test_acc=1.0000 t=2231.5s
step= 26800 train_loss=0.0003 train_acc=1.0000 test_loss=0.0004 test_acc=1.0000 t=2240.3s
step= 26900 train_loss=0.0001 train_acc=1.0000 test_loss=0.0002 test_acc=1.0000 t=2249.4s
step= 27000 train_loss=0.0001 train_acc=1.0000 test_loss=0.0001 test_acc=1.0000 t=2258.5s
step= 27100 train_loss=0.0000 train_acc=1.0000 test_loss=0.0000 test_acc=1.0000 t=2267.3s
step= 27200 train_loss=0.0000 train_acc=1.0000 test_loss=0.0000 test_acc=1.0000 t=2276.3s
step= 27300 train_loss=0.0063 train_acc=1.0000 test_loss=0.0127 test_acc=0.9991 t=2286.0s
step= 27400 train_loss=0.0012 train_acc=1.0000 test_loss=0.0020 test_acc=1.0000 t=2294.8s
step= 27500 train_loss=0.0016 train_acc=1.0000 test_loss=0.0022 test_acc=1.0000 t=2304.0s
step= 27600 train_loss=0.0012 train_acc=1.0000 test_loss=0.0015 test_acc=1.0000 t=2314.5s
step= 27700 train_loss=0.0006 train_acc=1.0000 test_loss=0.0007 test_acc=1.0000 t=2324.5s
step= 27800 train_loss=0.0003 train_acc=1.0000 test_loss=0.0003 test_acc=1.0000 t=2336.5s
step= 27900 train_loss=0.0001 train_acc=1.0000 test_loss=0.0002 test_acc=1.0000 t=2347.6s
step= 28000 train_loss=0.0001 train_acc=1.0000 test_loss=0.0001 test_acc=1.0000 t=2356.6s
step= 28100 train_loss=0.0000 train_acc=1.0000 test_loss=0.0000 test_acc=1.0000 t=2365.7s
step= 28200 train_loss=0.0000 train_acc=1.0000 test_loss=0.0000 test_acc=1.0000 t=2374.7s
step= 28300 train_loss=0.0000 train_acc=1.0000 test_loss=0.0000 test_acc=1.0000 t=2383.9s
step= 28400 train_loss=0.0009 train_acc=1.0000 test_loss=0.0016 test_acc=1.0000 t=2393.1s
step= 28500 train_loss=0.0013 train_acc=1.0000 test_loss=0.0018 test_acc=1.0000 t=2402.1s
step= 28600 train_loss=0.0013 train_acc=1.0000 test_loss=0.0016 test_acc=1.0000 t=2410.9s
step= 28700 train_loss=0.0007 train_acc=1.0000 test_loss=0.0009 test_acc=1.0000 t=2420.0s
step= 28800 train_loss=0.0003 train_acc=1.0000 test_loss=0.0004 test_acc=1.0000 t=2428.9s
step= 28900 train_loss=0.0001 train_acc=1.0000 test_loss=0.0002 test_acc=1.0000 t=2438.2s
step= 29000 train_loss=0.0001 train_acc=1.0000 test_loss=0.0001 test_acc=1.0000 t=2447.3s
step= 29100 train_loss=0.0000 train_acc=1.0000 test_loss=0.0000 test_acc=1.0000 t=2456.4s
step= 29200 train_loss=0.0000 train_acc=1.0000 test_loss=0.0000 test_acc=1.0000 t=2465.4s
step= 29300 train_loss=0.0000 train_acc=1.0000 test_loss=0.0000 test_acc=1.0000 t=2474.3s
step= 29400 train_loss=0.0010 train_acc=1.0000 test_loss=0.0020 test_acc=1.0000 t=2483.3s
step= 29500 train_loss=0.0006 train_acc=1.0000 test_loss=0.0008 test_acc=1.0000 t=2492.1s
step= 29600 train_loss=0.0007 train_acc=1.0000 test_loss=0.0009 test_acc=1.0000 t=2500.9s
step= 29700 train_loss=0.0004 train_acc=1.0000 test_loss=0.0005 test_acc=1.0000 t=2510.1s
step= 29800 train_loss=0.0002 train_acc=1.0000 test_loss=0.0002 test_acc=1.0000 t=2518.9s
step= 29900 train_loss=0.0001 train_acc=1.0000 test_loss=0.0001 test_acc=1.0000 t=2527.8s
step= 30000 train_loss=0.0000 train_acc=1.0000 test_loss=0.0000 test_acc=1.0000 t=2536.8s
step= 30100 train_loss=0.0000 train_acc=1.0000 test_loss=0.0000 test_acc=1.0000 t=2545.8s
step= 30200 train_loss=0.0000 train_acc=1.0000 test_loss=0.0000 test_acc=1.0000 t=2554.8s
step= 30300 train_loss=0.0000 train_acc=1.0000 test_loss=0.0000 test_acc=1.0000 t=2563.7s
step= 30400 train_loss=0.0000 train_acc=1.0000 test_loss=0.0000 test_acc=1.0000 t=2572.7s
step= 30500 train_loss=0.0000 train_acc=1.0000 test_loss=0.0000 test_acc=1.0000 t=2581.7s
step= 30600 train_loss=0.0007 train_acc=1.0000 test_loss=0.0013 test_acc=1.0000 t=2590.7s
step= 30700 train_loss=0.0009 train_acc=1.0000 test_loss=0.0013 test_acc=1.0000 t=2600.0s
step= 30800 train_loss=0.0008 train_acc=1.0000 test_loss=0.0010 test_acc=1.0000 t=2609.0s
step= 30900 train_loss=0.0005 train_acc=1.0000 test_loss=0.0006 test_acc=1.0000 t=2618.2s
step= 31000 train_loss=0.0002 train_acc=1.0000 test_loss=0.0003 test_acc=1.0000 t=2629.4s
step= 31100 train_loss=0.0001 train_acc=1.0000 test_loss=0.0001 test_acc=1.0000 t=2638.4s
step= 31200 train_loss=0.0000 train_acc=1.0000 test_loss=0.0001 test_acc=1.0000 t=2647.4s
step= 31300 train_loss=0.0000 train_acc=1.0000 test_loss=0.0000 test_acc=1.0000 t=2656.5s
step= 31400 train_loss=0.0000 train_acc=1.0000 test_loss=0.0000 test_acc=1.0000 t=2665.7s
step= 31500 train_loss=0.0000 train_acc=1.0000 test_loss=0.0000 test_acc=1.0000 t=2674.6s
step= 31600 train_loss=0.0018 train_acc=1.0000 test_loss=0.0031 test_acc=1.0000 t=2683.4s
step= 31700 train_loss=0.0012 train_acc=1.0000 test_loss=0.0018 test_acc=1.0000 t=2692.6s
step= 31800 train_loss=0.0015 train_acc=1.0000 test_loss=0.0019 test_acc=1.0000 t=2701.5s
step= 31900 train_loss=0.0011 train_acc=1.0000 test_loss=0.0013 test_acc=1.0000 t=2710.4s
step= 32000 train_loss=0.0005 train_acc=1.0000 test_loss=0.0006 test_acc=1.0000 t=2719.5s
step= 32100 train_loss=0.0002 train_acc=1.0000 test_loss=0.0003 test_acc=1.0000 t=2728.9s
step= 32200 train_loss=0.0001 train_acc=1.0000 test_loss=0.0001 test_acc=1.0000 t=2739.2s
step= 32300 train_loss=0.0000 train_acc=1.0000 test_loss=0.0001 test_acc=1.0000 t=2750.3s
step= 32400 train_loss=0.0000 train_acc=1.0000 test_loss=0.0000 test_acc=1.0000 t=2760.3s
step= 32500 train_loss=0.0000 train_acc=1.0000 test_loss=0.0000 test_acc=1.0000 t=2769.7s
step= 32600 train_loss=0.0000 train_acc=1.0000 test_loss=0.0000 test_acc=1.0000 t=2779.0s
step= 32700 train_loss=0.0000 train_acc=1.0000 test_loss=0.0000 test_acc=1.0000 t=2789.5s
step= 32800 train_loss=0.0011 train_acc=1.0000 test_loss=0.0019 test_acc=1.0000 t=2799.2s
step= 32900 train_loss=0.0014 train_acc=1.0000 test_loss=0.0020 test_acc=1.0000 t=2809.1s
step= 33000 train_loss=0.0015 train_acc=1.0000 test_loss=0.0018 test_acc=1.0000 t=2818.0s
step= 33100 train_loss=0.0009 train_acc=1.0000 test_loss=0.0011 test_acc=1.0000 t=2827.5s
step= 33200 train_loss=0.0004 train_acc=1.0000 test_loss=0.0005 test_acc=1.0000 t=2837.2s
step= 33300 train_loss=0.0002 train_acc=1.0000 test_loss=0.0002 test_acc=1.0000 t=2846.3s
step= 33400 train_loss=0.0001 train_acc=1.0000 test_loss=0.0001 test_acc=1.0000 t=2855.6s
step= 33500 train_loss=0.0000 train_acc=1.0000 test_loss=0.0000 test_acc=1.0000 t=2864.5s
step= 33600 train_loss=0.0000 train_acc=1.0000 test_loss=0.0000 test_acc=1.0000 t=2873.5s
step= 33700 train_loss=0.0000 train_acc=1.0000 test_loss=0.0000 test_acc=1.0000 t=2882.3s
step= 33800 train_loss=0.0000 train_acc=1.0000 test_loss=0.0000 test_acc=1.0000 t=2893.1s
step= 33900 train_loss=0.0000 train_acc=1.0000 test_loss=0.0000 test_acc=1.0000 t=2902.7s
step= 34000 train_loss=0.0010 train_acc=1.0000 test_loss=0.0023 test_acc=0.9998 t=2912.6s
step= 34100 train_loss=0.0014 train_acc=1.0000 test_loss=0.0020 test_acc=1.0000 t=2921.9s
step= 34200 train_loss=0.0014 train_acc=1.0000 test_loss=0.0018 test_acc=1.0000 t=2931.0s
step= 34300 train_loss=0.0009 train_acc=1.0000 test_loss=0.0011 test_acc=1.0000 t=2940.4s
step= 34400 train_loss=0.0004 train_acc=1.0000 test_loss=0.0005 test_acc=1.0000 t=2949.2s
step= 34500 train_loss=0.0002 train_acc=1.0000 test_loss=0.0002 test_acc=1.0000 t=2958.2s
step= 34600 train_loss=0.0001 train_acc=1.0000 test_loss=0.0001 test_acc=1.0000 t=2967.0s
step= 34700 train_loss=0.0000 train_acc=1.0000 test_loss=0.0000 test_acc=1.0000 t=2975.9s
step= 34800 train_loss=0.0000 train_acc=1.0000 test_loss=0.0000 test_acc=1.0000 t=2984.8s
step= 34900 train_loss=0.0000 train_acc=1.0000 test_loss=0.0000 test_acc=1.0000 t=2993.6s
step= 35000 train_loss=0.0000 train_acc=1.0000 test_loss=0.0000 test_acc=1.0000 t=3002.6s
step= 35100 train_loss=0.0010 train_acc=1.0000 test_loss=0.0020 test_acc=1.0000 t=3011.5s
step= 35200 train_loss=0.0012 train_acc=1.0000 test_loss=0.0017 test_acc=1.0000 t=3023.4s
step= 35300 train_loss=0.0014 train_acc=1.0000 test_loss=0.0017 test_acc=1.0000 t=3043.0s
step= 35400 train_loss=0.0009 train_acc=1.0000 test_loss=0.0011 test_acc=1.0000 t=3054.3s
step= 35500 train_loss=0.0004 train_acc=1.0000 test_loss=0.0005 test_acc=1.0000 t=3063.6s
step= 35600 train_loss=0.0002 train_acc=1.0000 test_loss=0.0002 test_acc=1.0000 t=3072.6s
step= 35700 train_loss=0.0001 train_acc=1.0000 test_loss=0.0001 test_acc=1.0000 t=3081.7s
step= 35800 train_loss=0.0000 train_acc=1.0000 test_loss=0.0000 test_acc=1.0000 t=3090.5s
step= 35900 train_loss=0.0000 train_acc=1.0000 test_loss=0.0000 test_acc=1.0000 t=3101.9s
step= 36000 train_loss=0.0000 train_acc=1.0000 test_loss=0.0000 test_acc=1.0000 t=3111.1s
step= 36100 train_loss=0.0000 train_acc=1.0000 test_loss=0.0000 test_acc=1.0000 t=3120.0s
step= 36200 train_loss=0.0000 train_acc=1.0000 test_loss=0.0000 test_acc=1.0000 t=3128.9s
step= 36300 train_loss=0.0013 train_acc=1.0000 test_loss=0.0025 test_acc=1.0000 t=3137.9s
step= 36400 train_loss=0.0012 train_acc=1.0000 test_loss=0.0019 test_acc=1.0000 t=3146.7s
step= 36500 train_loss=0.0015 train_acc=1.0000 test_loss=0.0020 test_acc=1.0000 t=3155.5s
step= 36600 train_loss=0.0010 train_acc=1.0000 test_loss=0.0012 test_acc=1.0000 t=3164.3s
step= 36700 train_loss=0.0005 train_acc=1.0000 test_loss=0.0006 test_acc=1.0000 t=3173.2s
step= 36800 train_loss=0.0002 train_acc=1.0000 test_loss=0.0003 test_acc=1.0000 t=3182.1s
step= 36900 train_loss=0.0001 train_acc=1.0000 test_loss=0.0001 test_acc=1.0000 t=3190.9s
step= 37000 train_loss=0.0000 train_acc=1.0000 test_loss=0.0001 test_acc=1.0000 t=3199.6s
step= 37100 train_loss=0.0000 train_acc=1.0000 test_loss=0.0000 test_acc=1.0000 t=3208.9s
step= 37200 train_loss=0.0000 train_acc=1.0000 test_loss=0.0000 test_acc=1.0000 t=3217.7s
step= 37300 train_loss=0.0000 train_acc=1.0000 test_loss=0.0000 test_acc=1.0000 t=3226.4s
step= 37400 train_loss=0.0221 train_acc=0.9997 test_loss=0.0349 test_acc=0.9967 t=3235.2s
step= 37500 train_loss=0.0015 train_acc=1.0000 test_loss=0.0022 test_acc=1.0000 t=3244.0s
step= 37600 train_loss=0.0020 train_acc=1.0000 test_loss=0.0025 test_acc=1.0000 t=3252.8s
step= 37700 train_loss=0.0015 train_acc=1.0000 test_loss=0.0018 test_acc=1.0000 t=3262.0s
step= 37800 train_loss=0.0007 train_acc=1.0000 test_loss=0.0009 test_acc=1.0000 t=3273.1s
step= 37900 train_loss=0.0003 train_acc=1.0000 test_loss=0.0004 test_acc=1.0000 t=3283.8s
step= 38000 train_loss=0.0001 train_acc=1.0000 test_loss=0.0002 test_acc=1.0000 t=3292.5s
step= 38100 train_loss=0.0001 train_acc=1.0000 test_loss=0.0001 test_acc=1.0000 t=3301.7s
step= 38200 train_loss=0.0000 train_acc=1.0000 test_loss=0.0000 test_acc=1.0000 t=3310.9s
step= 38300 train_loss=0.0000 train_acc=1.0000 test_loss=0.0000 test_acc=1.0000 t=3319.8s
step= 38400 train_loss=0.0000 train_acc=1.0000 test_loss=0.0000 test_acc=1.0000 t=3329.1s
step= 38500 train_loss=0.0000 train_acc=1.0000 test_loss=0.0000 test_acc=1.0000 t=3337.9s
step= 38600 train_loss=0.0012 train_acc=1.0000 test_loss=0.0023 test_acc=1.0000 t=3346.7s
step= 38700 train_loss=0.0017 train_acc=1.0000 test_loss=0.0024 test_acc=1.0000 t=3355.5s
step= 38800 train_loss=0.0018 train_acc=1.0000 test_loss=0.0022 test_acc=1.0000 t=3364.4s
step= 38900 train_loss=0.0011 train_acc=1.0000 test_loss=0.0013 test_acc=1.0000 t=3373.1s
step= 39000 train_loss=0.0005 train_acc=1.0000 test_loss=0.0006 test_acc=1.0000 t=3381.9s
step= 39100 train_loss=0.0002 train_acc=1.0000 test_loss=0.0003 test_acc=1.0000 t=3390.9s
step= 39200 train_loss=0.0001 train_acc=1.0000 test_loss=0.0001 test_acc=1.0000 t=3399.7s
step= 39300 train_loss=0.0000 train_acc=1.0000 test_loss=0.0001 test_acc=1.0000 t=3408.5s
step= 39400 train_loss=0.0000 train_acc=1.0000 test_loss=0.0000 test_acc=1.0000 t=3417.4s
step= 39500 train_loss=0.0000 train_acc=1.0000 test_loss=0.0000 test_acc=1.0000 t=3426.5s
step= 39600 train_loss=0.0000 train_acc=1.0000 test_loss=0.0000 test_acc=1.0000 t=3435.3s
step= 39700 train_loss=0.0040 train_acc=1.0000 test_loss=0.0091 test_acc=0.9991 t=3444.0s
step= 39800 train_loss=0.0012 train_acc=1.0000 test_loss=0.0019 test_acc=1.0000 t=3452.8s
step= 39900 train_loss=0.0014 train_acc=1.0000 test_loss=0.0018 test_acc=1.0000 t=3461.6s
step= 40000 train_loss=0.0010 train_acc=1.0000 test_loss=0.0012 test_acc=1.0000 t=3470.6s
