run=main device=mps n_train=3192 n_test=9577 n_params=228096
step=     0 train_loss=4.7538 train_acc=0.0081 test_loss=4.7558 test_acc=0.0095 t=1.2s
step=   100 train_loss=0.1360 train_acc=1.0000 test_loss=4.5748 test_acc=0.2487 t=5.8s
step=   200 train_loss=0.0260 train_acc=1.0000 test_loss=4.6351 test_acc=0.2497 t=10.4s
step=   300 train_loss=0.0211 train_acc=1.0000 test_loss=4.7197 test_acc=0.2498 t=15.2s
step=   400 train_loss=0.0119 train_acc=1.0000 test_loss=4.5869 test_acc=0.2509 t=19.8s
step=   500 train_loss=0.0061 train_acc=1.0000 test_loss=4.6430 test_acc=0.2517 t=24.2s
step=   600 train_loss=0.0132 train_acc=1.0000 test_loss=4.4693 test_acc=0.2544 t=28.6s
step=   700 train_loss=0.0117 train_acc=1.0000 test_loss=4.2642 test_acc=0.2571 t=33.0s
step=   800 train_loss=0.0280 train_acc=1.0000 test_loss=4.0900 test_acc=0.2621 t=36.9s
step=   900 train_loss=0.0130 train_acc=1.0000 test_loss=3.8458 test_acc=0.2693 t=41.0s
step=  1000 train_loss=0.0076 train_acc=1.0000 test_loss=3.7934 test_acc=0.2734 t=46.5s
step=  1100 train_loss=0.0033 train_acc=1.0000 test_loss=3.7766 test_acc=0.2765 t=50.9s
step=  1200 train_loss=0.0014 train_acc=1.0000 test_loss=3.7695 test_acc=0.2822 t=55.3s
step=  1300 train_loss=0.0006 train_acc=1.0000 test_loss=3.7630 test_acc=0.2880 t=59.6s
step=  1400 train_loss=0.0003 train_acc=1.0000 test_loss=3.7641 test_acc=0.2934 t=63.8s
step=  1500 train_loss=0.0001 train_acc=1.0000 test_loss=3.7634 test_acc=0.3021 t=67.8s
step=  1600 train_loss=0.0000 train_acc=1.0000 test_loss=3.7724 test_acc=0.3055 t=71.8s
step=  1700 train_loss=0.0051 train_acc=1.0000 test_loss=2.8848 test_acc=0.3575 t=76.2s
step=  1800 train_loss=0.0044 train_acc=1.0000 test_loss=2.4996 test_acc=0.3878 t=80.3s
step=  1900 train_loss=0.0047 train_acc=1.0000 test_loss=2.4370 test_acc=0.3933 t=84.1s
step=  2000 train_loss=0.0027 train_acc=1.0000 test_loss=2.3320 test_acc=0.4161 t=88.0s
step=  2100 train_loss=0.0012 train_acc=1.0000 test_loss=2.1786 test_acc=0.4493 t=92.7s
step=  2200 train_loss=0.0005 train_acc=1.0000 test_loss=2.0330 test_acc=0.4810 t=97.3s
step=  2300 train_loss=0.0002 train_acc=1.0000 test_loss=1.9201 test_acc=0.5052 t=102.6s
step=  2400 train_loss=0.0001 train_acc=1.0000 test_loss=1.8320 test_acc=0.5261 t=107.9s
step=  2500 train_loss=0.0000 train_acc=1.0000 test_loss=1.7741 test_acc=0.5427 t=112.2s
step=  2600 train_loss=0.0000 train_acc=1.0000 test_loss=1.7277 test_acc=0.5589 t=116.7s
step=  2700 train_loss=0.0237 train_acc=1.0000 test_loss=1.8980 test_acc=0.5151 t=121.5s
step=  2800 train_loss=0.0024 train_acc=1.0000 test_loss=0.9967 test_acc=0.7362 t=126.2s
step=  2900 train_loss=0.0029 train_acc=1.0000 test_loss=0.9619 test_acc=0.7736 t=130.0s
step=  3000 train_loss=0.0127 train_acc=1.0000 test_loss=0.4267 test_acc=0.9577 t=133.9s
step=  3100 train_loss=0.0127 train_acc=1.0000 test_loss=0.4431 test_acc=0.9714 t=137.7s
step=  3200 train_loss=0.0068 train_acc=1.0000 test_loss=0.3534 test_acc=0.9788 t=141.6s
step=  3300 train_loss=0.0030 train_acc=1.0000 test_loss=0.2446 test_acc=0.9858 t=145.4s
step=  3400 train_loss=0.0013 train_acc=1.0000 test_loss=0.1693 test_acc=0.9898 t=149.2s
step=  3500 train_loss=0.0006 train_acc=1.0000 test_loss=0.1213 test_acc=0.9925 t=153.0s
step=  3600 train_loss=0.0002 train_acc=1.0000 test_loss=0.0929 test_acc=0.9938 t=156.9s
step=  3700 train_loss=0.0001 train_acc=1.0000 test_loss=0.0749 test_acc=0.9954 t=160.7s
step=  3800 train_loss=0.0158 train_acc=1.0000 test_loss=0.3917 test_acc=0.9127 t=164.5s
step=  3900 train_loss=0.0009 train_acc=1.0000 test_loss=0.0420 test_acc=0.9986 t=168.3s
step=  4000 train_loss=0.0009 train_acc=1.0000 test_loss=0.0364 test_acc=0.9995 t=172.2s
step=  4100 train_loss=0.0005 train_acc=1.0000 test_loss=0.0243 test_acc=0.9998 t=176.0s
step=  4200 train_loss=0.0002 train_acc=1.0000 test_loss=0.0140 test_acc=0.9998 t=179.8s
step=  4300 train_loss=0.0001 train_acc=1.0000 test_loss=0.0080 test_acc=0.9998 t=183.6s
step=  4400 train_loss=0.0000 train_acc=1.0000 test_loss=0.0047 test_acc=0.9998 t=187.5s
step=  4500 train_loss=0.0000 train_acc=1.0000 test_loss=0.0029 test_acc=0.9998 t=191.3s
step=  4600 train_loss=0.0000 train_acc=1.0000 test_loss=0.0020 test_acc=0.9998 t=195.1s
step=  4700 train_loss=0.0000 train_acc=1.0000 test_loss=0.0014 test_acc=0.9998 t=199.1s
step=  4800 train_loss=0.0000 train_acc=1.0000 test_loss=0.0011 test_acc=0.9998 t=203.4s
step=  4900 train_loss=0.0007 train_acc=1.0000 test_loss=0.0166 test_acc=0.9999 t=207.3s
step=  5000 train_loss=0.0009 train_acc=1.0000 test_loss=0.0104 test_acc=1.0000 t=211.3s
step=  5100 train_loss=0.0009 train_acc=1.0000 test_loss=0.0077 test_acc=1.0000 t=215.1s
step=  5200 train_loss=0.0004 train_acc=1.0000 test_loss=0.0039 test_acc=1.0000 t=218.9s
step=  5300 train_loss=0.0002 train_acc=1.0000 test_loss=0.0015 test_acc=1.0000 t=222.8s
step=  5400 train_loss=0.0001 train_acc=1.0000 test_loss=0.0006 test_acc=1.0000 t=226.7s
step=  5500 train_loss=0.0000 train_acc=1.0000 test_loss=0.0002 test_acc=1.0000 t=231.5s
step=  5600 train_loss=0.0000 train_acc=1.0000 test_loss=0.0001 test_acc=1.0000 t=236.6s
step=  5700 train_loss=0.0000 train_acc=1.0000 test_loss=0.0001 test_acc=1.0000 t=240.4s
step=  5800 train_loss=0.0000 train_acc=1.0000 test_loss=0.0000 test_acc=1.0000 t=244.2s
step=  5900 train_loss=0.0000 train_acc=1.0000 test_loss=0.0000 test_acc=1.0000 t=248.0s
step=  6000 train_loss=0.0000 train_acc=1.0000 test_loss=0.0000 test_acc=1.0000 t=251.9s
step=  6100 train_loss=0.0007 train_acc=1.0000 test_loss=0.0058 test_acc=1.0000 t=255.8s
step=  6200 train_loss=0.0007 train_acc=1.0000 test_loss=0.0028 test_acc=1.0000 t=259.9s
step=  6300 train_loss=0.0008 train_acc=1.0000 test_loss=0.0023 test_acc=1.0000 t=263.8s
step=  6400 train_loss=0.0005 train_acc=1.0000 test_loss=0.0015 test_acc=1.0000 t=267.6s
step=  6500 train_loss=0.0003 train_acc=1.0000 test_loss=0.0007 test_acc=1.0000 t=271.5s
step=  6600 train_loss=0.0001 train_acc=1.0000 test_loss=0.0003 test_acc=1.0000 t=275.3s
step=  6700 train_loss=0.0001 train_acc=1.0000 test_loss=0.0002 test_acc=1.0000 t=279.1s
step=  6800 train_loss=0.0000 train_acc=1.0000 test_loss=0.0001 test_acc=1.0000 t=282.9s
step=  6900 train_loss=0.0000 train_acc=1.0000 test_loss=0.0000 test_acc=1.0000 t=286.8s
step=  7000 train_loss=0.0000 train_acc=1.0000 test_loss=0.0000 test_acc=1.0000 t=290.6s
step=  7100 train_loss=0.0000 train_acc=1.0000 test_loss=0.0000 test_acc=1.0000 t=294.4s
step=  7200 train_loss=0.0000 train_acc=1.0000 test_loss=0.0000 test_acc=1.0000 t=298.3s
step=  7300 train_loss=0.0004 train_acc=1.0000 test_loss=0.0016 test_acc=1.0000 t=302.3s
step=  7400 train_loss=0.0005 train_acc=1.0000 test_loss=0.0015 test_acc=1.0000 t=306.7s
step=  7500 train_loss=0.0005 train_acc=1.0000 test_loss=0.0011 test_acc=1.0000 t=310.8s
step=  7600 train_loss=0.0002 train_acc=1.0000 test_loss=0.0005 test_acc=1.0000 t=314.6s
step=  7700 train_loss=0.0001 train_acc=1.0000 test_loss=0.0002 test_acc=1.0000 t=318.4s
step=  7800 train_loss=0.0000 train_acc=1.0000 test_loss=0.0001 test_acc=1.0000 t=322.2s
step=  7900 train_loss=0.0000 train_acc=1.0000 test_loss=0.0001 test_acc=1.0000 t=326.0s
step=  8000 train_loss=0.0000 train_acc=1.0000 test_loss=0.0000 test_acc=1.0000 t=329.8s
step=  8100 train_loss=0.0000 train_acc=1.0000 test_loss=0.0000 test_acc=1.0000 t=333.6s
step=  8200 train_loss=0.0000 train_acc=1.0000 test_loss=0.0000 test_acc=1.0000 t=337.4s
step=  8300 train_loss=0.0000 train_acc=1.0000 test_loss=0.0000 test_acc=1.0000 t=341.2s
step=  8400 train_loss=0.0006 train_acc=1.0000 test_loss=0.0026 test_acc=1.0000 t=345.1s
step=  8500 train_loss=0.0010 train_acc=1.0000 test_loss=0.0026 test_acc=1.0000 t=349.4s
step=  8600 train_loss=0.0010 train_acc=1.0000 test_loss=0.0021 test_acc=1.0000 t=353.2s
step=  8700 train_loss=0.0006 train_acc=1.0000 test_loss=0.0011 test_acc=1.0000 t=357.0s
step=  8800 train_loss=0.0003 train_acc=1.0000 test_loss=0.0005 test_acc=1.0000 t=360.9s
step=  8900 train_loss=0.0001 train_acc=1.0000 test_loss=0.0002 test_acc=1.0000 t=364.7s
step=  9000 train_loss=0.0001 train_acc=1.0000 test_loss=0.0001 test_acc=1.0000 t=368.9s
step=  9100 train_loss=0.0000 train_acc=1.0000 test_loss=0.0000 test_acc=1.0000 t=373.1s
step=  9200 train_loss=0.0000 train_acc=1.0000 test_loss=0.0000 test_acc=1.0000 t=377.6s
step=  9300 train_loss=0.0000 train_acc=1.0000 test_loss=0.0000 test_acc=1.0000 t=382.0s
step=  9400 train_loss=0.0000 train_acc=1.0000 test_loss=0.0000 test_acc=1.0000 t=386.4s
step=  9500 train_loss=0.0000 train_acc=1.0000 test_loss=0.0000 test_acc=1.0000 t=390.4s
step=  9600 train_loss=0.0203 train_acc=0.9987 test_loss=0.0436 test_acc=0.9936 t=394.4s
step=  9700 train_loss=0.0005 train_acc=1.0000 test_loss=0.0013 test_acc=1.0000 t=398.3s
step=  9800 train_loss=0.0007 train_acc=1.0000 test_loss=0.0013 test_acc=1.0000 t=402.6s
step=  9900 train_loss=0.0007 train_acc=1.0000 test_loss=0.0011 test_acc=1.0000 t=406.5s
step= 10000 train_loss=0.0003 train_acc=1.0000 test_loss=0.0005 test_acc=1.0000 t=410.8s
step= 10100 train_loss=0.0001 train_acc=1.0000 test_loss=0.0002 test_acc=1.0000 t=415.3s
step= 10200 train_loss=0.0001 train_acc=1.0000 test_loss=0.0001 test_acc=1.0000 t=419.2s
step= 10300 train_loss=0.0000 train_acc=1.0000 test_loss=0.0000 test_acc=1.0000 t=423.1s
step= 10400 train_loss=0.0000 train_acc=1.0000 test_loss=0.0000 test_acc=1.0000 t=427.1s
step= 10500 train_loss=0.0000 train_acc=1.0000 test_loss=0.0000 test_acc=1.0000 t=430.9s
step= 10600 train_loss=0.0000 train_acc=1.0000 test_loss=0.0000 test_acc=1.0000 t=434.9s
step= 10700 train_loss=0.0000 train_acc=1.0000 test_loss=0.0000 test_acc=1.0000 t=438.7s
step= 10800 train_loss=0.0006 train_acc=1.0000 test_loss=0.0027 test_acc=0.9999 t=442.7s
step= 10900 train_loss=0.0009 train_acc=1.0000 test_loss=0.0021 test_acc=1.0000 t=446.5s
step= 11000 train_loss=0.0008 train_acc=1.0000 test_loss=0.0012 test_acc=1.0000 t=450.4s
step= 11100 train_loss=0.0051 train_acc=1.0000 test_loss=0.0112 test_acc=1.0000 t=454.3s
step= 11200 train_loss=0.0073 train_acc=1.0000 test_loss=0.0114 test_acc=1.0000 t=458.1s
step= 11300 train_loss=0.0045 train_acc=1.0000 test_loss=0.0064 test_acc=1.0000 t=461.9s
step= 11400 train_loss=0.0021 train_acc=1.0000 test_loss=0.0029 test_acc=1.0000 t=465.8s
step= 11500 train_loss=0.0009 train_acc=1.0000 test_loss=0.0013 test_acc=1.0000 t=469.6s
step= 11600 train_loss=0.0004 train_acc=1.0000 test_loss=0.0006 test_acc=1.0000 t=473.5s
step= 11700 train_loss=0.0002 train_acc=1.0000 test_loss=0.0002 test_acc=1.0000 t=477.3s
step= 11800 train_loss=0.0001 train_acc=1.0000 test_loss=0.0001 test_acc=1.0000 t=481.1s
step= 11900 train_loss=0.0000 train_acc=1.0000 test_loss=0.0000 test_acc=1.0000 t=485.3s
step= 12000 train_loss=0.0000 train_acc=1.0000 test_loss=0.0000 test_acc=1.0000 t=489.6s
step= 12100 train_loss=0.0000 train_acc=1.0000 test_loss=0.0000 test_acc=1.0000 t=493.4s
step= 12200 train_loss=0.0000 train_acc=1.0000 test_loss=0.0000 test_acc=1.0000 t=497.2s
step= 12300 train_loss=0.0000 train_acc=1.0000 test_loss=0.0000 test_acc=1.0000 t=501.1s
step= 12400 train_loss=0.0026 train_acc=1.0000 test_loss=0.0088 test_acc=0.9995 t=504.9s
step= 12500 train_loss=0.0005 train_acc=1.0000 test_loss=0.0010 test_acc=1.0000 t=508.7s
step= 12600 train_loss=0.0007 train_acc=1.0000 test_loss=0.0010 test_acc=1.0000 t=512.5s
step= 12700 train_loss=0.0005 train_acc=1.0000 test_loss=0.0008 test_acc=1.0000 t=516.4s
step= 12800 train_loss=0.0003 train_acc=1.0000 test_loss=0.0004 test_acc=1.0000 t=520.9s
step= 12900 train_loss=0.0001 train_acc=1.0000 test_loss=0.0002 test_acc=1.0000 t=524.7s
step= 13000 train_loss=0.0001 train_acc=1.0000 test_loss=0.0001 test_acc=1.0000 t=528.6s
step= 13100 train_loss=0.0000 train_acc=1.0000 test_loss=0.0000 test_acc=1.0000 t=532.4s
step= 13200 train_loss=0.0000 train_acc=1.0000 test_loss=0.0000 test_acc=1.0000 t=536.3s
step= 13300 train_loss=0.0000 train_acc=1.0000 test_loss=0.0000 test_acc=1.0000 t=540.3s
step= 13400 train_loss=0.0000 train_acc=1.0000 test_loss=0.0000 test_acc=1.0000 t=544.1s
step= 13500 train_loss=0.0008 train_acc=1.0000 test_loss=0.0033 test_acc=0.9998 t=547.9s
step= 13600 train_loss=0.0011 train_acc=1.0000 test_loss=0.0027 test_acc=1.0000 t=551.7s
step= 13700 train_loss=0.0010 train_acc=1.0000 test_loss=0.0019 test_acc=1.0000 t=555.7s
step= 13800 train_loss=0.0061 train_acc=1.0000 test_loss=0.0122 test_acc=0.9999 t=559.6s
step= 13900 train_loss=0.0081 train_acc=1.0000 test_loss=0.0120 test_acc=1.0000 t=563.6s
step= 14000 train_loss=0.0045 train_acc=1.0000 test_loss=0.0064 test_acc=1.0000 t=567.5s
step= 14100 train_loss=0.0020 train_acc=1.0000 test_loss=0.0029 test_acc=1.0000 t=571.5s
step= 14200 train_loss=0.0009 train_acc=1.0000 test_loss=0.0013 test_acc=1.0000 t=575.4s
step= 14300 train_loss=0.0004 train_acc=1.0000 test_loss=0.0006 test_acc=1.0000 t=579.3s
step= 14400 train_loss=0.0002 train_acc=1.0000 test_loss=0.0003 test_acc=1.0000 t=583.6s
step= 14500 train_loss=0.0001 train_acc=1.0000 test_loss=0.0001 test_acc=1.0000 t=587.8s
step= 14600 train_loss=0.0000 train_acc=1.0000 test_loss=0.0001 test_acc=1.0000 t=591.7s
step= 14700 train_loss=0.0000 train_acc=1.0000 test_loss=0.0000 test_acc=1.0000 t=595.5s
step= 14800 train_loss=0.0000 train_acc=1.0000 test_loss=0.0000 test_acc=1.0000 t=599.5s
step= 14900 train_loss=0.0000 train_acc=1.0000 test_loss=0.0000 test_acc=1.0000 t=603.4s
step= 15000 train_loss=0.0019 train_acc=1.0000 test_loss=0.0073 test_acc=0.9999 t=607.3s
step= 15100 train_loss=0.0015 train_acc=1.0000 test_loss=0.0038 test_acc=0.9999 t=611.2s
step= 15200 train_loss=0.0017 train_acc=1.0000 test_loss=0.0031 test_acc=1.0000 t=615.2s
step= 15300 train_loss=0.0013 train_acc=1.0000 test_loss=0.0021 test_acc=1.0000 t=619.0s
step= 15400 train_loss=0.0006 train_acc=1.0000 test_loss=0.0011 test_acc=1.0000 t=622.9s
step= 15500 train_loss=0.0003 train_acc=1.0000 test_loss=0.0005 test_acc=1.0000 t=626.7s
step= 15600 train_loss=0.0001 train_acc=1.0000 test_loss=0.0002 test_acc=1.0000 t=630.6s
step= 15700 train_loss=0.0001 train_acc=1.0000 test_loss=0.0001 test_acc=1.0000 t=634.5s
step= 15800 train_loss=0.0000 train_acc=1.0000 test_loss=0.0001 test_acc=1.0000 t=638.3s
step= 15900 train_loss=0.0000 train_acc=1.0000 test_loss=0.0000 test_acc=1.0000 t=642.1s
step= 16000 train_loss=0.0000 train_acc=1.0000 test_loss=0.0000 test_acc=1.0000 t=646.7s
step= 16100 train_loss=0.0000 train_acc=1.0000 test_loss=0.0000 test_acc=1.0000 t=652.1s
step= 16200 train_loss=0.0010 train_acc=1.0000 test_loss=0.0061 test_acc=0.9998 t=656.0s
step= 16300 train_loss=0.0011 train_acc=1.0000 test_loss=0.0036 test_acc=1.0000 t=659.9s
step= 16400 train_loss=0.0010 train_acc=1.0000 test_loss=0.0023 test_acc=1.0000 t=663.7s
step= 16500 train_loss=0.0007 train_acc=1.0000 test_loss=0.0014 test_acc=1.0000 t=667.5s
step= 16600 train_loss=0.0004 train_acc=1.0000 test_loss=0.0007 test_acc=1.0000 t=671.3s
step= 16700 train_loss=0.0002 train_acc=1.0000 test_loss=0.0003 test_acc=1.0000 t=675.1s
step= 16800 train_loss=0.0001 train_acc=1.0000 test_loss=0.0002 test_acc=1.0000 t=679.0s
step= 16900 train_loss=0.0000 train_acc=1.0000 test_loss=0.0001 test_acc=1.0000 t=682.9s
step= 17000 train_loss=0.0000 train_acc=1.0000 test_loss=0.0000 test_acc=1.0000 t=686.7s
step= 17100 train_loss=0.0000 train_acc=1.0000 test_loss=0.0000 test_acc=1.0000 t=690.6s
step= 17200 train_loss=0.0000 train_acc=1.0000 test_loss=0.0000 test_acc=1.0000 t=694.4s
step= 17300 train_loss=0.0015 train_acc=1.0000 test_loss=0.0050 test_acc=1.0000 t=698.2s
step= 17400 train_loss=0.0019 train_acc=1.0000 test_loss=0.0043 test_acc=1.0000 t=702.2s
step= 17500 train_loss=0.0016 train_acc=1.0000 test_loss=0.0032 test_acc=1.0000 t=706.0s
step= 17600 train_loss=0.0008 train_acc=1.0000 test_loss=0.0016 test_acc=1.0000 t=709.8s
step= 17700 train_loss=0.0004 train_acc=1.0000 test_loss=0.0006 test_acc=1.0000 t=713.6s
step= 17800 train_loss=0.0002 train_acc=1.0000 test_loss=0.0003 test_acc=1.0000 t=717.5s
step= 17900 train_loss=0.0001 train_acc=1.0000 test_loss=0.0001 test_acc=1.0000 t=721.3s
step= 18000 train_loss=0.0000 train_acc=1.0000 test_loss=0.0001 test_acc=1.0000 t=725.1s
step= 18100 train_loss=0.0000 train_acc=1.0000 test_loss=0.0000 test_acc=1.0000 t=728.9s
step= 18200 train_loss=0.0000 train_acc=1.0000 test_loss=0.0000 test_acc=1.0000 t=732.7s
step= 18300 train_loss=0.0000 train_acc=1.0000 test_loss=0.0000 test_acc=1.0000 t=736.6s
step= 18400 train_loss=0.0000 train_acc=1.0000 test_loss=0.0000 test_acc=1.0000 t=740.4s
step= 18500 train_loss=0.0007 train_acc=1.0000 test_loss=0.0019 test_acc=1.0000 t=744.2s
step= 18600 train_loss=0.0011 train_acc=1.0000 test_loss=0.0021 test_acc=1.0000 t=748.1s
step= 18700 train_loss=0.0011 train_acc=1.0000 test_loss=0.0017 test_acc=1.0000 t=751.9s
step= 18800 train_loss=0.0006 train_acc=1.0000 test_loss=0.0009 test_acc=1.0000 t=757.9s
step= 18900 train_loss=0.0003 train_acc=1.0000 test_loss=0.0004 test_acc=1.0000 t=763.5s
step= 19000 train_loss=0.0001 train_acc=1.0000 test_loss=0.0002 test_acc=1.0000 t=768.8s
step= 19100 train_loss=0.0001 train_acc=1.0000 test_loss=0.0001 test_acc=1.0000 t=774.2s
step= 19200 train_loss=0.0000 train_acc=1.0000 test_loss=0.0000 test_acc=1.0000 t=779.2s
step= 19300 train_loss=0.0000 train_acc=1.0000 test_loss=0.0000 test_acc=1.0000 t=783.4s
step= 19400 train_loss=0.0000 train_acc=1.0000 test_loss=0.0000 test_acc=1.0000 t=787.6s
step= 19500 train_loss=0.0319 train_acc=0.9987 test_loss=0.0825 test_acc=0.9868 t=791.8s
step= 19600 train_loss=0.0007 train_acc=1.0000 test_loss=0.0024 test_acc=1.0000 t=796.0s
step= 19700 train_loss=0.0009 train_acc=1.0000 test_loss=0.0020 test_acc=1.0000 t=800.0s
step= 19800 train_loss=0.0007 train_acc=1.0000 test_loss=0.0013 test_acc=1.0000 t=804.1s
step= 19900 train_loss=0.0004 train_acc=1.0000 test_loss=0.0006 test_acc=1.0000 t=808.2s
step= 20000 train_loss=0.0002 train_acc=1.0000 test_loss=0.0003 test_acc=1.0000 t=812.2s
step= 20100 train_loss=0.0001 train_acc=1.0000 test_loss=0.0001 test_acc=1.0000 t=816.3s
step= 20200 train_loss=0.0000 train_acc=1.0000 test_loss=0.0001 test_acc=1.0000 t=820.3s
step= 20300 train_loss=0.0000 train_acc=1.0000 test_loss=0.0000 test_acc=1.0000 t=824.4s
step= 20400 train_loss=0.0000 train_acc=1.0000 test_loss=0.0000 test_acc=1.0000 t=828.5s
step= 20500 train_loss=0.0000 train_acc=1.0000 test_loss=0.0000 test_acc=1.0000 t=832.5s
step= 20600 train_loss=0.1318 train_acc=0.9668 test_loss=0.1892 test_acc=0.9494 t=836.5s
step= 20700 train_loss=0.0007 train_acc=1.0000 test_loss=0.0027 test_acc=1.0000 t=841.3s
step= 20800 train_loss=0.0009 train_acc=1.0000 test_loss=0.0023 test_acc=1.0000 t=845.2s
step= 20900 train_loss=0.0008 train_acc=1.0000 test_loss=0.0015 test_acc=1.0000 t=849.2s
step= 21000 train_loss=0.0004 train_acc=1.0000 test_loss=0.0008 test_acc=1.0000 t=853.2s
step= 21100 train_loss=0.0002 train_acc=1.0000 test_loss=0.0004 test_acc=1.0000 t=857.3s
step= 21200 train_loss=0.0001 train_acc=1.0000 test_loss=0.0002 test_acc=1.0000 t=861.3s
step= 21300 train_loss=0.0000 train_acc=1.0000 test_loss=0.0001 test_acc=1.0000 t=865.4s
step= 21400 train_loss=0.0000 train_acc=1.0000 test_loss=0.0000 test_acc=1.0000 t=869.4s
step= 21500 train_loss=0.0000 train_acc=1.0000 test_loss=0.0000 test_acc=1.0000 t=873.4s
step= 21600 train_loss=0.0000 train_acc=1.0000 test_loss=0.0000 test_acc=1.0000 t=877.4s
step= 21700 train_loss=0.0017 train_acc=1.0000 test_loss=0.0093 test_acc=0.9996 t=881.4s
step= 21800 train_loss=0.0011 train_acc=1.0000 test_loss=0.0035 test_acc=1.0000 t=885.4s
step= 21900 train_loss=0.0013 train_acc=1.0000 test_loss=0.0026 test_acc=1.0000 t=889.4s
step= 22000 train_loss=0.0051 train_acc=1.0000 test_loss=0.0116 test_acc=0.9998 t=893.4s
step= 22100 train_loss=0.0056 train_acc=1.0000 test_loss=0.0093 test_acc=1.0000 t=897.4s
step= 22200 train_loss=0.0038 train_acc=1.0000 test_loss=0.0057 test_acc=1.0000 t=901.4s
step= 22300 train_loss=0.0018 train_acc=1.0000 test_loss=0.0027 test_acc=1.0000 t=905.3s
step= 22400 train_loss=0.0008 train_acc=1.0000 test_loss=0.0012 test_acc=1.0000 t=909.6s
step= 22500 train_loss=0.0003 train_acc=1.0000 test_loss=0.0005 test_acc=1.0000 t=914.2s
step= 22600 train_loss=0.0002 train_acc=1.0000 test_loss=0.0002 test_acc=1.0000 t=918.1s
step= 22700 train_loss=0.0001 train_acc=1.0000 test_loss=0.0001 test_acc=1.0000 t=922.1s
step= 22800 train_loss=0.0000 train_acc=1.0000 test_loss=0.0001 test_acc=1.0000 t=926.2s
step= 22900 train_loss=0.0000 train_acc=1.0000 test_loss=0.0000 test_acc=1.0000 t=930.2s
step= 23000 train_loss=0.0000 train_acc=1.0000 test_loss=0.0000 test_acc=1.0000 t=934.2s
step= 23100 train_loss=0.0000 train_acc=1.0000 test_loss=0.0000 test_acc=1.0000 t=938.2s
step= 23200 train_loss=0.4463 train_acc=0.8872 test_loss=0.5613 test_acc=0.8626 t=942.3s
step= 23300 train_loss=0.0011 train_acc=1.0000 test_loss=0.0036 test_acc=1.0000 t=946.9s
step= 23400 train_loss=0.0014 train_acc=1.0000 test_loss=0.0030 test_acc=1.0000 t=950.9s
step= 23500 train_loss=0.0012 train_acc=1.0000 test_loss=0.0023 test_acc=1.0000 t=954.9s
step= 23600 train_loss=0.0006 train_acc=1.0000 test_loss=0.0011 test_acc=1.0000 t=958.9s
step= 23700 train_loss=0.0003 train_acc=1.0000 test_loss=0.0004 test_acc=1.0000 t=962.9s
step= 23800 train_loss=0.0001 train_acc=1.0000 test_loss=0.0002 test_acc=1.0000 t=966.9s
step= 23900 train_loss=0.0001 train_acc=1.0000 test_loss=0.0001 test_acc=1.0000 t=970.9s
step= 24000 train_loss=0.0000 train_acc=1.0000 test_loss=0.0000 test_acc=1.0000 t=974.9s
step= 24100 train_loss=0.0000 train_acc=1.0000 test_loss=0.0000 test_acc=1.0000 t=979.0s
step= 24200 train_loss=0.0000 train_acc=1.0000 test_loss=0.0000 test_acc=1.0000 t=983.0s
step= 24300 train_loss=0.0000 train_acc=1.0000 test_loss=0.0000 test_acc=1.0000 t=987.0s
step= 24400 train_loss=0.0020 train_acc=1.0000 test_loss=0.0084 test_acc=1.0000 t=992.7s
step= 24500 train_loss=0.0012 train_acc=1.0000 test_loss=0.0032 test_acc=1.0000 t=998.0s
step= 24600 train_loss=0.0016 train_acc=1.0000 test_loss=0.0029 test_acc=1.0000 t=1002.3s
step= 24700 train_loss=0.0115 train_acc=1.0000 test_loss=0.0268 test_acc=0.9994 t=1006.3s
step= 24800 train_loss=0.0116 train_acc=1.0000 test_loss=0.0187 test_acc=1.0000 t=1010.2s
step= 24900 train_loss=0.0078 train_acc=1.0000 test_loss=0.0112 test_acc=1.0000 t=1014.1s
step= 25000 train_loss=0.0037 train_acc=1.0000 test_loss=0.0052 test_acc=1.0000 t=1018.0s
step= 25100 train_loss=0.0016 train_acc=1.0000 test_loss=0.0023 test_acc=1.0000 t=1022.4s
step= 25200 train_loss=0.0007 train_acc=1.0000 test_loss=0.0010 test_acc=1.0000 t=1026.5s
step= 25300 train_loss=0.0003 train_acc=1.0000 test_loss=0.0005 test_acc=1.0000 t=1030.3s
step= 25400 train_loss=0.0001 train_acc=1.0000 test_loss=0.0002 test_acc=1.0000 t=1034.1s
step= 25500 train_loss=0.0001 train_acc=1.0000 test_loss=0.0001 test_acc=1.0000 t=1037.9s
step= 25600 train_loss=0.0000 train_acc=1.0000 test_loss=0.0000 test_acc=1.0000 t=1041.7s
step= 25700 train_loss=0.0000 train_acc=1.0000 test_loss=0.0000 test_acc=1.0000 t=1045.5s
step= 25800 train_loss=0.0000 train_acc=1.0000 test_loss=0.0000 test_acc=1.0000 t=1049.3s
step= 25900 train_loss=0.0000 train_acc=1.0000 test_loss=0.0000 test_acc=1.0000 t=1053.1s
step= 26000 train_loss=0.0008 train_acc=1.0000 test_loss=0.0037 test_acc=0.9999 t=1056.9s
step= 26100 train_loss=0.0012 train_acc=1.0000 test_loss=0.0030 test_acc=1.0000 t=1060.8s
step= 26200 train_loss=0.0013 train_acc=1.0000 test_loss=0.0024 test_acc=1.0000 t=1064.7s
step= 26300 train_loss=0.0067 train_acc=1.0000 test_loss=0.0126 test_acc=1.0000 t=1068.6s
step= 26400 train_loss=0.0072 train_acc=1.0000 test_loss=0.0113 test_acc=1.0000 t=1072.4s
step= 26500 train_loss=0.0041 train_acc=1.0000 test_loss=0.0061 test_acc=1.0000 t=1076.3s
step= 26600 train_loss=0.0018 train_acc=1.0000 test_loss=0.0026 test_acc=1.0000 t=1080.1s
step= 26700 train_loss=0.0008 train_acc=1.0000 test_loss=0.0012 test_acc=1.0000 t=1084.0s
step= 26800 train_loss=0.0003 train_acc=1.0000 test_loss=0.0005 test_acc=1.0000 t=1087.8s
step= 26900 train_loss=0.0002 train_acc=1.0000 test_loss=0.0002 test_acc=1.0000 t=1091.7s
step= 27000 train_loss=0.0001 train_acc=1.0000 test_loss=0.0001 test_acc=1.0000 t=1095.6s
step= 27100 train_loss=0.0000 train_acc=1.0000 test_loss=0.0000 test_acc=1.0000 t=1099.4s
step= 27200 train_loss=0.0000 train_acc=1.0000 test_loss=0.0000 test_acc=1.0000 t=1103.2s
step= 27300 train_loss=0.0000 train_acc=1.0000 test_loss=0.0000 test_acc=1.0000 t=1107.1s
step= 27400 train_loss=0.0000 train_acc=1.0000 test_loss=0.0000 test_acc=1.0000 t=1110.9s
step= 27500 train_loss=0.0066 train_acc=1.0000 test_loss=0.0282 test_acc=0.9976 t=1114.9s
step= 27600 train_loss=0.0006 train_acc=1.0000 test_loss=0.0022 test_acc=0.9999 t=1118.7s
step= 27700 train_loss=0.0008 train_acc=1.0000 test_loss=0.0016 test_acc=1.0000 t=1122.9s
step= 27800 train_loss=0.0006 train_acc=1.0000 test_loss=0.0010 test_acc=1.0000 t=1126.8s
step= 27900 train_loss=0.0035 train_acc=1.0000 test_loss=0.0062 test_acc=1.0000 t=1130.6s
step= 28000 train_loss=0.0047 train_acc=1.0000 test_loss=0.0069 test_acc=1.0000 t=1134.4s
step= 28100 train_loss=0.0027 train_acc=1.0000 test_loss=0.0038 test_acc=1.0000 t=1138.3s
step= 28200 train_loss=0.0012 train_acc=1.0000 test_loss=0.0017 test_acc=1.0000 t=1142.1s
step= 28300 train_loss=0.0005 train_acc=1.0000 test_loss=0.0008 test_acc=1.0000 t=1145.9s
step= 28400 train_loss=0.0002 train_acc=1.0000 test_loss=0.0003 test_acc=1.0000 t=1149.7s
step= 28500 train_loss=0.0001 train_acc=1.0000 test_loss=0.0002 test_acc=1.0000 t=1153.6s
step= 28600 train_loss=0.0000 train_acc=1.0000 test_loss=0.0001 test_acc=1.0000 t=1157.4s
step= 28700 train_loss=0.0000 train_acc=1.0000 test_loss=0.0000 test_acc=1.0000 t=1161.2s
step= 28800 train_loss=0.0000 train_acc=1.0000 test_loss=0.0000 test_acc=1.0000 t=1165.4s
step= 28900 train_loss=0.0000 train_acc=1.0000 test_loss=0.0000 test_acc=1.0000 t=1169.2s
step= 29000 train_loss=0.0000 train_acc=1.0000 test_loss=0.0000 test_acc=1.0000 t=1173.0s
step= 29100 train_loss=0.0013 train_acc=1.0000 test_loss=0.0055 test_acc=1.0000 t=1176.8s
step= 29200 train_loss=0.0016 train_acc=1.0000 test_loss=0.0039 test_acc=1.0000 t=1180.7s
step= 29300 train_loss=0.0020 train_acc=1.0000 test_loss=0.0035 test_acc=1.0000 t=1184.5s
step= 29400 train_loss=0.0015 train_acc=1.0000 test_loss=0.0022 test_acc=1.0000 t=1188.3s
step= 29500 train_loss=0.0007 train_acc=1.0000 test_loss=0.0011 test_acc=1.0000 t=1192.1s
step= 29600 train_loss=0.0003 train_acc=1.0000 test_loss=0.0005 test_acc=1.0000 t=1196.0s
step= 29700 train_loss=0.0001 train_acc=1.0000 test_loss=0.0002 test_acc=1.0000 t=1199.8s
step= 29800 train_loss=0.0001 train_acc=1.0000 test_loss=0.0001 test_acc=1.0000 t=1203.6s
step= 29900 train_loss=0.0000 train_acc=1.0000 test_loss=0.0000 test_acc=1.0000 t=1207.4s
step= 30000 train_loss=0.0000 train_acc=1.0000 test_loss=0.0000 test_acc=1.0000 t=1211.2s
step= 30100 train_loss=0.0000 train_acc=1.0000 test_loss=0.0000 test_acc=1.0000 t=1215.2s
step= 30200 train_loss=0.0000 train_acc=1.0000 test_loss=0.0000 test_acc=1.0000 t=1219.1s
step= 30300 train_loss=0.0015 train_acc=1.0000 test_loss=0.0051 test_acc=1.0000 t=1222.9s
step= 30400 train_loss=0.0019 train_acc=1.0000 test_loss=0.0041 test_acc=1.0000 t=1226.7s
step= 30500 train_loss=0.0017 train_acc=1.0000 test_loss=0.0030 test_acc=1.0000 t=1230.5s
step= 30600 train_loss=0.0008 train_acc=1.0000 test_loss=0.0014 test_acc=1.0000 t=1234.3s
step= 30700 train_loss=0.0004 train_acc=1.0000 test_loss=0.0006 test_acc=1.0000 t=1238.2s
step= 30800 train_loss=0.0002 train_acc=1.0000 test_loss=0.0003 test_acc=1.0000 t=1242.0s
step= 30900 train_loss=0.0001 train_acc=1.0000 test_loss=0.0001 test_acc=1.0000 t=1246.2s
step= 31000 train_loss=0.0000 train_acc=1.0000 test_loss=0.0001 test_acc=1.0000 t=1250.1s
step= 31100 train_loss=0.0000 train_acc=1.0000 test_loss=0.0000 test_acc=1.0000 t=1253.9s
step= 31200 train_loss=0.0000 train_acc=1.0000 test_loss=0.0000 test_acc=1.0000 t=1257.8s
step= 31300 train_loss=0.0000 train_acc=1.0000 test_loss=0.0000 test_acc=1.0000 t=1261.6s
step= 31400 train_loss=0.0018 train_acc=1.0000 test_loss=0.0089 test_acc=0.9998 t=1265.4s
step= 31500 train_loss=0.0017 train_acc=1.0000 test_loss=0.0050 test_acc=1.0000 t=1269.3s
step= 31600 train_loss=0.0021 train_acc=1.0000 test_loss=0.0038 test_acc=1.0000 t=1273.1s
step= 31700 train_loss=0.0017 train_acc=1.0000 test_loss=0.0026 test_acc=1.0000 t=1277.0s
step= 31800 train_loss=0.0008 train_acc=1.0000 test_loss=0.0013 test_acc=1.0000 t=1280.8s
step= 31900 train_loss=0.0004 train_acc=1.0000 test_loss=0.0006 test_acc=1.0000 t=1284.7s
step= 32000 train_loss=0.0002 train_acc=1.0000 test_loss=0.0003 test_acc=1.0000 t=1288.5s
step= 32100 train_loss=0.0001 train_acc=1.0000 test_loss=0.0001 test_acc=1.0000 t=1292.4s
step= 32200 train_loss=0.0000 train_acc=1.0000 test_loss=0.0001 test_acc=1.0000 t=1296.2s
step= 32300 train_loss=0.0000 train_acc=1.0000 test_loss=0.0000 test_acc=1.0000 t=1301.0s
step= 32400 train_loss=0.0000 train_acc=1.0000 test_loss=0.0000 test_acc=1.0000 t=1306.0s
step= 32500 train_loss=0.0097 train_acc=1.0000 test_loss=0.0348 test_acc=0.9967 t=1311.3s
step= 32600 train_loss=0.0007 train_acc=1.0000 test_loss=0.0021 test_acc=1.0000 t=1315.8s
step= 32700 train_loss=0.0010 train_acc=1.0000 test_loss=0.0019 test_acc=1.0000 t=1321.3s
step= 32800 train_loss=0.0007 train_acc=1.0000 test_loss=0.0011 test_acc=1.0000 t=1325.6s
step= 32900 train_loss=0.0003 train_acc=1.0000 test_loss=0.0005 test_acc=1.0000 t=1329.4s
step= 33000 train_loss=0.0001 train_acc=1.0000 test_loss=0.0002 test_acc=1.0000 t=1334.0s
step= 33100 train_loss=0.0001 train_acc=1.0000 test_loss=0.0001 test_acc=1.0000 t=1338.5s
step= 33200 train_loss=0.0000 train_acc=1.0000 test_loss=0.0001 test_acc=1.0000 t=1345.6s
step= 33300 train_loss=0.0000 train_acc=1.0000 test_loss=0.0000 test_acc=1.0000 t=1352.7s
step= 33400 train_loss=0.0000 train_acc=1.0000 test_loss=0.0000 test_acc=1.0000 t=1358.8s
step= 33500 train_loss=0.0000 train_acc=1.0000 test_loss=0.0000 test_acc=1.0000 t=1364.6s
step= 33600 train_loss=0.0022 train_acc=1.0000 test_loss=0.0113 test_acc=0.9991 t=1368.8s
step= 33700 train_loss=0.0012 train_acc=1.0000 test_loss=0.0037 test_acc=1.0000 t=1372.8s
step= 33800 train_loss=0.0015 train_acc=1.0000 test_loss=0.0028 test_acc=1.0000 t=1376.7s
step= 33900 train_loss=0.0074 train_acc=1.0000 test_loss=0.0226 test_acc=0.9987 t=1380.6s
step= 34000 train_loss=0.0084 train_acc=1.0000 test_loss=0.0141 test_acc=1.0000 t=1384.5s
step= 34100 train_loss=0.0060 train_acc=1.0000 test_loss=0.0089 test_acc=1.0000 t=1388.5s
step= 34200 train_loss=0.0028 train_acc=1.0000 test_loss=0.0040 test_acc=1.0000 t=1392.4s
step= 34300 train_loss=0.0012 train_acc=1.0000 test_loss=0.0017 test_acc=1.0000 t=1396.2s
step= 34400 train_loss=0.0005 train_acc=1.0000 test_loss=0.0008 test_acc=1.0000 t=1400.5s
step= 34500 train_loss=0.0002 train_acc=1.0000 test_loss=0.0003 test_acc=1.0000 t=1405.0s
step= 34600 train_loss=0.0001 train_acc=1.0000 test_loss=0.0002 test_acc=1.0000 t=1409.3s
step= 34700 train_loss=0.0000 train_acc=1.0000 test_loss=0.0001 test_acc=1.0000 t=1413.5s
step= 34800 train_loss=0.0000 train_acc=1.0000 test_loss=0.0000 test_acc=1.0000 t=1417.6s
step= 34900 train_loss=0.0000 train_acc=1.0000 test_loss=0.0000 test_acc=1.0000 t=1421.4s
step= 35000 train_loss=0.0152 train_acc=1.0000 test_loss=0.0437 test_acc=0.9967 t=1425.3s
step= 35100 train_loss=0.0011 train_acc=1.0000 test_loss=0.0030 test_acc=1.0000 t=1429.1s
step= 35200 train_loss=0.0013 train_acc=1.0000 test_loss=0.0025 test_acc=1.0000 t=1432.8s
step= 35300 train_loss=0.0010 train_acc=1.0000 test_loss=0.0018 test_acc=1.0000 t=1436.6s
step= 35400 train_loss=0.0005 train_acc=1.0000 test_loss=0.0008 test_acc=1.0000 t=1440.4s
step= 35500 train_loss=0.0002 train_acc=1.0000 test_loss=0.0003 test_acc=1.0000 t=1444.2s
step= 35600 train_loss=0.0001 train_acc=1.0000 test_loss=0.0002 test_acc=1.0000 t=1448.0s
step= 35700 train_loss=0.0000 train_acc=1.0000 test_loss=0.0001 test_acc=1.0000 t=1451.7s
step= 35800 train_loss=0.0000 train_acc=1.0000 test_loss=0.0000 test_acc=1.0000 t=1455.6s
step= 35900 train_loss=0.0000 train_acc=1.0000 test_loss=0.0000 test_acc=1.0000 t=1459.4s
step= 36000 train_loss=0.0000 train_acc=1.0000 test_loss=0.0000 test_acc=1.0000 t=1463.2s
step= 36100 train_loss=0.0015 train_acc=1.0000 test_loss=0.0086 test_acc=0.9994 t=1466.9s
step= 36200 train_loss=0.0013 train_acc=1.0000 test_loss=0.0042 test_acc=1.0000 t=1470.8s
step= 36300 train_loss=0.0016 train_acc=1.0000 test_loss=0.0027 test_acc=1.0000 t=1474.5s
step= 36400 train_loss=0.0077 train_acc=1.0000 test_loss=0.0136 test_acc=1.0000 t=1478.3s
step= 36500 train_loss=0.0085 train_acc=1.0000 test_loss=0.0127 test_acc=1.0000 t=1482.0s
step= 36600 train_loss=0.0049 train_acc=1.0000 test_loss=0.0069 test_acc=1.0000 t=1486.0s
step= 36700 train_loss=0.0022 train_acc=1.0000 test_loss=0.0031 test_acc=1.0000 t=1489.7s
step= 36800 train_loss=0.0010 train_acc=1.0000 test_loss=0.0014 test_acc=1.0000 t=1493.6s
step= 36900 train_loss=0.0004 train_acc=1.0000 test_loss=0.0006 test_acc=1.0000 t=1497.4s
step= 37000 train_loss=0.0002 train_acc=1.0000 test_loss=0.0003 test_acc=1.0000 t=1501.2s
step= 37100 train_loss=0.0001 train_acc=1.0000 test_loss=0.0001 test_acc=1.0000 t=1505.0s
step= 37200 train_loss=0.0000 train_acc=1.0000 test_loss=0.0001 test_acc=1.0000 t=1508.8s
step= 37300 train_loss=0.0000 train_acc=1.0000 test_loss=0.0000 test_acc=1.0000 t=1512.6s
step= 37400 train_loss=0.0000 train_acc=1.0000 test_loss=0.0000 test_acc=1.0000 t=1516.4s
step= 37500 train_loss=0.0026 train_acc=1.0000 test_loss=0.0112 test_acc=0.9998 t=1520.2s
step= 37600 train_loss=0.0008 train_acc=1.0000 test_loss=0.0022 test_acc=1.0000 t=1523.9s
step= 37700 train_loss=0.0010 train_acc=1.0000 test_loss=0.0019 test_acc=1.0000 t=1527.7s
step= 37800 train_loss=0.0007 train_acc=1.0000 test_loss=0.0011 test_acc=1.0000 t=1531.5s
step= 37900 train_loss=0.0004 train_acc=1.0000 test_loss=0.0006 test_acc=1.0000 t=1535.2s
step= 38000 train_loss=0.0002 train_acc=1.0000 test_loss=0.0003 test_acc=1.0000 t=1539.0s
step= 38100 train_loss=0.0001 train_acc=1.0000 test_loss=0.0001 test_acc=1.0000 t=1542.8s
step= 38200 train_loss=0.0000 train_acc=1.0000 test_loss=0.0001 test_acc=1.0000 t=1547.1s
step= 38300 train_loss=0.0000 train_acc=1.0000 test_loss=0.0000 test_acc=1.0000 t=1551.0s
step= 38400 train_loss=0.0000 train_acc=1.0000 test_loss=0.0000 test_acc=1.0000 t=1554.8s
step= 38500 train_loss=0.0000 train_acc=1.0000 test_loss=0.0000 test_acc=1.0000 t=1558.6s
step= 38600 train_loss=0.0000 train_acc=1.0000 test_loss=0.0000 test_acc=1.0000 t=1562.4s
step= 38700 train_loss=0.0040 train_acc=1.0000 test_loss=0.0225 test_acc=0.9969 t=1566.1s
step= 38800 train_loss=0.0003 train_acc=1.0000 test_loss=0.0009 test_acc=1.0000 t=1569.9s
step= 38900 train_loss=0.0004 train_acc=1.0000 test_loss=0.0007 test_acc=1.0000 t=1573.7s
step= 39000 train_loss=0.0003 train_acc=1.0000 test_loss=0.0005 test_acc=1.0000 t=1577.5s
step= 39100 train_loss=0.0001 train_acc=1.0000 test_loss=0.0002 test_acc=1.0000 t=1581.3s
step= 39200 train_loss=0.0001 train_acc=1.0000 test_loss=0.0001 test_acc=1.0000 t=1585.1s
step= 39300 train_loss=0.0000 train_acc=1.0000 test_loss=0.0000 test_acc=1.0000 t=1588.9s
step= 39400 train_loss=0.0000 train_acc=1.0000 test_loss=0.0000 test_acc=1.0000 t=1592.6s
step= 39500 train_loss=0.0000 train_acc=1.0000 test_loss=0.0000 test_acc=1.0000 t=1596.4s
step= 39600 train_loss=0.0000 train_acc=1.0000 test_loss=0.0000 test_acc=1.0000 t=1600.2s
step= 39700 train_loss=0.0376 train_acc=0.9991 test_loss=0.1003 test_acc=0.9890 t=1604.2s
step= 39800 train_loss=0.0017 train_acc=1.0000 test_loss=0.0062 test_acc=1.0000 t=1608.1s
step= 39900 train_loss=0.0022 train_acc=1.0000 test_loss=0.0048 test_acc=1.0000 t=1611.9s
step= 40000 train_loss=0.0019 train_acc=1.0000 test_loss=0.0031 test_acc=1.0000 t=1615.7s
