run=sanity device=mps n_train=3831 n_test=8938 n_params=228096
step=     0 train_loss=4.7535 train_acc=0.0076 test_loss=4.7561 test_acc=0.0098 t=4.4s
step=   100 train_loss=0.1607 train_acc=1.0000 test_loss=3.8509 test_acc=0.3041 t=14.2s
step=   200 train_loss=0.0286 train_acc=1.0000 test_loss=3.7455 test_acc=0.3102 t=20.0s
step=   300 train_loss=0.0452 train_acc=1.0000 test_loss=3.3654 test_acc=0.3267 t=25.8s
step=   400 train_loss=0.0128 train_acc=1.0000 test_loss=3.1843 test_acc=0.3367 t=32.2s
step=   500 train_loss=0.0068 train_acc=1.0000 test_loss=3.1584 test_acc=0.3436 t=38.2s
step=   600 train_loss=0.1385 train_acc=0.9997 test_loss=2.9137 test_acc=0.3635 t=43.9s
step=   700 train_loss=0.0108 train_acc=1.0000 test_loss=2.1145 test_acc=0.4665 t=49.5s
step=   800 train_loss=0.0079 train_acc=1.0000 test_loss=1.9995 test_acc=0.4965 t=54.7s
step=   900 train_loss=0.0037 train_acc=1.0000 test_loss=1.7142 test_acc=0.5559 t=61.1s
step=  1000 train_loss=0.0016 train_acc=1.0000 test_loss=1.4060 test_acc=0.6367 t=68.2s
step=  1100 train_loss=0.0007 train_acc=1.0000 test_loss=1.1250 test_acc=0.7065 t=74.5s
step=  1200 train_loss=0.0003 train_acc=1.0000 test_loss=0.9018 test_acc=0.7663 t=79.9s
step=  1300 train_loss=0.0001 train_acc=1.0000 test_loss=0.7447 test_acc=0.8078 t=85.2s
step=  1400 train_loss=0.0001 train_acc=1.0000 test_loss=0.6288 test_acc=0.8352 t=90.6s
step=  1500 train_loss=0.0034 train_acc=1.0000 test_loss=0.1427 test_acc=0.9885 t=95.9s
step=  1600 train_loss=0.0038 train_acc=1.0000 test_loss=0.1212 test_acc=0.9960 t=101.7s
step=  1700 train_loss=0.0133 train_acc=1.0000 test_loss=0.0581 test_acc=1.0000 t=107.2s
step=  1800 train_loss=0.0130 train_acc=1.0000 test_loss=0.0471 test_acc=1.0000 t=113.6s
step=  1900 train_loss=0.0150 train_acc=1.0000 test_loss=0.0364 test_acc=0.9999 t=119.4s
step=  2000 train_loss=0.0105 train_acc=1.0000 test_loss=0.0220 test_acc=1.0000 t=124.7s
step=  2100 train_loss=0.0058 train_acc=1.0000 test_loss=0.0116 test_acc=1.0000 t=130.1s
step=  2200 train_loss=0.0025 train_acc=1.0000 test_loss=0.0048 test_acc=1.0000 t=135.5s
step=  2300 train_loss=0.0011 train_acc=1.0000 test_loss=0.0020 test_acc=1.0000 t=140.7s
step=  2400 train_loss=0.0005 train_acc=1.0000 test_loss=0.0008 test_acc=1.0000 t=146.1s
step=  2500 train_loss=0.0002 train_acc=1.0000 test_loss=0.0003 test_acc=1.0000 t=151.5s
step=  2600 train_loss=0.0001 train_acc=1.0000 test_loss=0.0002 test_acc=1.0000 t=157.2s
step=  2700 train_loss=0.0000 train_acc=1.0000 test_loss=0.0001 test_acc=1.0000 t=162.8s
step=  2800 train_loss=0.0000 train_acc=1.0000 test_loss=0.0000 test_acc=1.0000 t=168.0s
step=  2900 train_loss=0.0000 train_acc=1.0000 test_loss=0.0000 test_acc=1.0000 t=173.5s
step=  3000 train_loss=0.0007 train_acc=1.0000 test_loss=0.0014 test_acc=1.0000 t=178.8s
step=  3100 train_loss=0.0012 train_acc=1.0000 test_loss=0.0018 test_acc=1.0000 t=184.1s
step=  3200 train_loss=0.0012 train_acc=1.0000 test_loss=0.0017 test_acc=1.0000 t=190.0s
step=  3300 train_loss=0.0005 train_acc=1.0000 test_loss=0.0007 test_acc=1.0000 t=195.9s
step=  3400 train_loss=0.0003 train_acc=1.0000 test_loss=0.0004 test_acc=1.0000 t=201.6s
step=  3500 train_loss=0.0001 train_acc=1.0000 test_loss=0.0002 test_acc=1.0000 t=208.1s
step=  3600 train_loss=0.0001 train_acc=1.0000 test_loss=0.0001 test_acc=1.0000 t=213.9s
step=  3700 train_loss=0.0000 train_acc=1.0000 test_loss=0.0000 test_acc=1.0000 t=219.7s
step=  3800 train_loss=0.0000 train_acc=1.0000 test_loss=0.0000 test_acc=1.0000 t=225.1s
step=  3900 train_loss=0.0013 train_acc=1.0000 test_loss=0.0021 test_acc=1.0000 t=232.3s
step=  4000 train_loss=0.0020 train_acc=1.0000 test_loss=0.0027 test_acc=1.0000 t=237.4s
step=  4100 train_loss=0.0018 train_acc=1.0000 test_loss=0.0024 test_acc=1.0000 t=242.6s
step=  4200 train_loss=0.0009 train_acc=1.0000 test_loss=0.0012 test_acc=1.0000 t=248.8s
step=  4300 train_loss=0.0004 train_acc=1.0000 test_loss=0.0006 test_acc=1.0000 t=257.3s
step=  4400 train_loss=0.0002 train_acc=1.0000 test_loss=0.0003 test_acc=1.0000 t=263.8s
step=  4500 train_loss=0.0001 train_acc=1.0000 test_loss=0.0001 test_acc=1.0000 t=269.7s
step=  4600 train_loss=0.0000 train_acc=1.0000 test_loss=0.0001 test_acc=1.0000 t=275.7s
step=  4700 train_loss=0.0000 train_acc=1.0000 test_loss=0.0000 test_acc=1.0000 t=282.0s
step=  4800 train_loss=0.1297 train_acc=0.9757 test_loss=0.2099 test_acc=0.9519 t=288.4s
step=  4900 train_loss=0.0027 train_acc=1.0000 test_loss=0.0059 test_acc=1.0000 t=293.8s
step=  5000 train_loss=0.0024 train_acc=1.0000 test_loss=0.0040 test_acc=1.0000 t=299.5s
step=  5100 train_loss=0.0016 train_acc=1.0000 test_loss=0.0025 test_acc=1.0000 t=308.1s
step=  5200 train_loss=0.0007 train_acc=1.0000 test_loss=0.0011 test_acc=1.0000 t=315.3s
step=  5300 train_loss=0.0004 train_acc=1.0000 test_loss=0.0005 test_acc=1.0000 t=322.8s
step=  5400 train_loss=0.0002 train_acc=1.0000 test_loss=0.0002 test_acc=1.0000 t=329.0s
step=  5500 train_loss=0.0001 train_acc=1.0000 test_loss=0.0001 test_acc=1.0000 t=334.7s
step=  5600 train_loss=0.0000 train_acc=1.0000 test_loss=0.0000 test_acc=1.0000 t=340.8s
step=  5700 train_loss=0.0000 train_acc=1.0000 test_loss=0.0000 test_acc=1.0000 t=347.5s
step=  5800 train_loss=0.4894 train_acc=0.8603 test_loss=0.5748 test_acc=0.8430 t=354.7s
step=  5900 train_loss=0.0013 train_acc=1.0000 test_loss=0.0029 test_acc=1.0000 t=361.6s
step=  6000 train_loss=0.0018 train_acc=1.0000 test_loss=0.0029 test_acc=1.0000 t=374.6s
step=  6100 train_loss=0.0015 train_acc=1.0000 test_loss=0.0022 test_acc=1.0000 t=390.4s
step=  6200 train_loss=0.0007 train_acc=1.0000 test_loss=0.0011 test_acc=1.0000 t=398.8s
step=  6300 train_loss=0.0003 train_acc=1.0000 test_loss=0.0005 test_acc=1.0000 t=405.3s
step=  6400 train_loss=0.0001 train_acc=1.0000 test_loss=0.0002 test_acc=1.0000 t=411.0s
step=  6500 train_loss=0.0001 train_acc=1.0000 test_loss=0.0001 test_acc=1.0000 t=416.6s
step=  6600 train_loss=0.0000 train_acc=1.0000 test_loss=0.0000 test_acc=1.0000 t=423.6s
step=  6700 train_loss=0.0000 train_acc=1.0000 test_loss=0.0000 test_acc=1.0000 t=431.2s
step=  6800 train_loss=0.0000 train_acc=1.0000 test_loss=0.0000 test_acc=1.0000 t=438.4s
step=  6900 train_loss=0.0015 train_acc=1.0000 test_loss=0.0035 test_acc=1.0000 t=446.0s
step=  7000 train_loss=0.0018 train_acc=1.0000 test_loss=0.0029 test_acc=1.0000 t=454.1s
step=  7100 train_loss=0.0024 train_acc=1.0000 test_loss=0.0034 test_acc=1.0000 t=461.8s
step=  7200 train_loss=0.0016 train_acc=1.0000 test_loss=0.0023 test_acc=1.0000 t=469.5s
step=  7300 train_loss=0.0007 train_acc=1.0000 test_loss=0.0011 test_acc=1.0000 t=476.2s
step=  7400 train_loss=0.0003 train_acc=1.0000 test_loss=0.0005 test_acc=1.0000 t=481.7s
step=  7500 train_loss=0.0001 train_acc=1.0000 test_loss=0.0002 test_acc=1.0000 t=487.8s
step=  7600 train_loss=0.0001 train_acc=1.0000 test_loss=0.0001 test_acc=1.0000 t=494.6s
step=  7700 train_loss=0.0000 train_acc=1.0000 test_loss=0.0000 test_acc=1.0000 t=499.9s
step=  7800 train_loss=0.0030 train_acc=1.0000 test_loss=0.0088 test_acc=1.0000 t=505.3s
step=  7900 train_loss=0.0022 train_acc=1.0000 test_loss=0.0044 test_acc=1.0000 t=510.7s
step=  8000 train_loss=0.0028 train_acc=1.0000 test_loss=0.0043 test_acc=1.0000 t=515.9s
step=  8100 train_loss=0.0017 train_acc=1.0000 test_loss=0.0025 test_acc=1.0000 t=521.3s
step=  8200 train_loss=0.0007 train_acc=1.0000 test_loss=0.0010 test_acc=1.0000 t=526.8s
step=  8300 train_loss=0.0003 train_acc=1.0000 test_loss=0.0005 test_acc=1.0000 t=532.0s
step=  8400 train_loss=0.0001 train_acc=1.0000 test_loss=0.0002 test_acc=1.0000 t=537.3s
step=  8500 train_loss=0.0001 train_acc=1.0000 test_loss=0.0001 test_acc=1.0000 t=543.4s
step=  8600 train_loss=0.0000 train_acc=1.0000 test_loss=0.0000 test_acc=1.0000 t=548.9s
step=  8700 train_loss=0.0000 train_acc=1.0000 test_loss=0.0000 test_acc=1.0000 t=555.2s
step=  8800 train_loss=0.0000 train_acc=1.0000 test_loss=0.0000 test_acc=1.0000 t=562.3s
step=  8900 train_loss=0.0012 train_acc=1.0000 test_loss=0.0025 test_acc=1.0000 t=568.4s
step=  9000 train_loss=0.0018 train_acc=1.0000 test_loss=0.0027 test_acc=1.0000 t=573.6s
step=  9100 train_loss=0.0019 train_acc=1.0000 test_loss=0.0027 test_acc=1.0000 t=578.8s
step=  9200 train_loss=0.0010 train_acc=1.0000 test_loss=0.0015 test_acc=1.0000 t=584.1s
step=  9300 train_loss=0.0005 train_acc=1.0000 test_loss=0.0007 test_acc=1.0000 t=589.8s
step=  9400 train_loss=0.0002 train_acc=1.0000 test_loss=0.0003 test_acc=1.0000 t=595.6s
step=  9500 train_loss=0.0001 train_acc=1.0000 test_loss=0.0001 test_acc=1.0000 t=600.8s
step=  9600 train_loss=0.0000 train_acc=1.0000 test_loss=0.0001 test_acc=1.0000 t=606.1s
step=  9700 train_loss=0.0000 train_acc=1.0000 test_loss=0.0000 test_acc=1.0000 t=611.7s
step=  9800 train_loss=0.0000 train_acc=1.0000 test_loss=0.0000 test_acc=1.0000 t=616.8s
step=  9900 train_loss=0.0024 train_acc=1.0000 test_loss=0.0078 test_acc=0.9992 t=622.0s
step= 10000 train_loss=0.0014 train_acc=1.0000 test_loss=0.0028 test_acc=1.0000 t=627.2s
step= 10100 train_loss=0.0019 train_acc=1.0000 test_loss=0.0029 test_acc=1.0000 t=632.4s
step= 10200 train_loss=0.0013 train_acc=1.0000 test_loss=0.0019 test_acc=1.0000 t=638.2s
step= 10300 train_loss=0.0006 train_acc=1.0000 test_loss=0.0008 test_acc=1.0000 t=643.5s
step= 10400 train_loss=0.0003 train_acc=1.0000 test_loss=0.0004 test_acc=1.0000 t=649.6s
step= 10500 train_loss=0.0001 train_acc=1.0000 test_loss=0.0002 test_acc=1.0000 t=656.7s
step= 10600 train_loss=0.0001 train_acc=1.0000 test_loss=0.0001 test_acc=1.0000 t=665.7s
step= 10700 train_loss=0.0000 train_acc=1.0000 test_loss=0.0000 test_acc=1.0000 t=675.6s
step= 10800 train_loss=0.0000 train_acc=1.0000 test_loss=0.0000 test_acc=1.0000 t=686.3s
step= 10900 train_loss=0.0000 train_acc=1.0000 test_loss=0.0000 test_acc=1.0000 t=695.5s
step= 11000 train_loss=0.0024 train_acc=1.0000 test_loss=0.0067 test_acc=1.0000 t=721.6s
step= 11100 train_loss=0.0021 train_acc=1.0000 test_loss=0.0043 test_acc=1.0000 t=730.6s
step= 11200 train_loss=0.0019 train_acc=1.0000 test_loss=0.0030 test_acc=1.0000 t=739.1s
step= 11300 train_loss=0.0013 train_acc=1.0000 test_loss=0.0019 test_acc=1.0000 t=747.4s
step= 11400 train_loss=0.0006 train_acc=1.0000 test_loss=0.0008 test_acc=1.0000 t=755.6s
step= 11500 train_loss=0.0003 train_acc=1.0000 test_loss=0.0004 test_acc=1.0000 t=764.3s
step= 11600 train_loss=0.0001 train_acc=1.0000 test_loss=0.0002 test_acc=1.0000 t=772.4s
step= 11700 train_loss=0.0001 train_acc=1.0000 test_loss=0.0001 test_acc=1.0000 t=780.6s
step= 11800 train_loss=0.0000 train_acc=1.0000 test_loss=0.0000 test_acc=1.0000 t=789.6s
step= 11900 train_loss=0.0000 train_acc=1.0000 test_loss=0.0000 test_acc=1.0000 t=798.3s
step= 12000 train_loss=0.1111 train_acc=0.9773 test_loss=0.1808 test_acc=0.9538 t=807.1s
step= 12100 train_loss=0.0017 train_acc=1.0000 test_loss=0.0042 test_acc=1.0000 t=816.5s
step= 12200 train_loss=0.0020 train_acc=1.0000 test_loss=0.0036 test_acc=1.0000 t=825.4s
step= 12300 train_loss=0.0016 train_acc=1.0000 test_loss=0.0026 test_acc=1.0000 t=835.4s
step= 12400 train_loss=0.0008 train_acc=1.0000 test_loss=0.0012 test_acc=1.0000 t=844.9s
step= 12500 train_loss=0.0004 train_acc=1.0000 test_loss=0.0005 test_acc=1.0000 t=854.2s
step= 12600 train_loss=0.0002 train_acc=1.0000 test_loss=0.0002 test_acc=1.0000 t=862.2s
step= 12700 train_loss=0.0001 train_acc=1.0000 test_loss=0.0001 test_acc=1.0000 t=869.2s
step= 12800 train_loss=0.0000 train_acc=1.0000 test_loss=0.0001 test_acc=1.0000 t=875.9s
step= 12900 train_loss=0.0000 train_acc=1.0000 test_loss=0.0000 test_acc=1.0000 t=883.3s
step= 13000 train_loss=0.0000 train_acc=1.0000 test_loss=0.0000 test_acc=1.0000 t=893.3s
step= 13100 train_loss=0.0021 train_acc=1.0000 test_loss=0.0052 test_acc=0.9998 t=901.1s
step= 13200 train_loss=0.0019 train_acc=1.0000 test_loss=0.0032 test_acc=1.0000 t=907.1s
step= 13300 train_loss=0.0023 train_acc=1.0000 test_loss=0.0033 test_acc=1.0000 t=912.4s
step= 13400 train_loss=0.0017 train_acc=1.0000 test_loss=0.0024 test_acc=1.0000 t=917.6s
step= 13500 train_loss=0.0008 train_acc=1.0000 test_loss=0.0012 test_acc=1.0000 t=922.8s
step= 13600 train_loss=0.0004 train_acc=1.0000 test_loss=0.0005 test_acc=1.0000 t=928.4s
step= 13700 train_loss=0.0001 train_acc=1.0000 test_loss=0.0002 test_acc=1.0000 t=934.0s
step= 13800 train_loss=0.0001 train_acc=1.0000 test_loss=0.0001 test_acc=1.0000 t=939.1s
step= 13900 train_loss=0.0000 train_acc=1.0000 test_loss=0.0000 test_acc=1.0000 t=944.3s
step= 14000 train_loss=0.0000 train_acc=1.0000 test_loss=0.0000 test_acc=1.0000 t=949.4s
step= 14100 train_loss=0.0056 train_acc=1.0000 test_loss=0.0166 test_acc=0.9987 t=955.4s
step= 14200 train_loss=0.0013 train_acc=1.0000 test_loss=0.0027 test_acc=1.0000 t=960.7s
step= 14300 train_loss=0.0019 train_acc=1.0000 test_loss=0.0029 test_acc=1.0000 t=965.7s
step= 14400 train_loss=0.0012 train_acc=1.0000 test_loss=0.0016 test_acc=1.0000 t=971.4s
step= 14500 train_loss=0.0006 train_acc=1.0000 test_loss=0.0008 test_acc=1.0000 t=976.5s
step= 14600 train_loss=0.0003 train_acc=1.0000 test_loss=0.0004 test_acc=1.0000 t=981.4s
step= 14700 train_loss=0.0001 train_acc=1.0000 test_loss=0.0002 test_acc=1.0000 t=986.2s
step= 14800 train_loss=0.0001 train_acc=1.0000 test_loss=0.0001 test_acc=1.0000 t=991.0s
step= 14900 train_loss=0.0000 train_acc=1.0000 test_loss=0.0000 test_acc=1.0000 t=995.8s
step= 15000 train_loss=0.0000 train_acc=1.0000 test_loss=0.0000 test_acc=1.0000 t=1000.8s
step= 15100 train_loss=0.0324 train_acc=0.9982 test_loss=0.0687 test_acc=0.9885 t=1005.6s
step= 15200 train_loss=0.0016 train_acc=1.0000 test_loss=0.0037 test_acc=1.0000 t=1010.4s
step= 15300 train_loss=0.0017 train_acc=1.0000 test_loss=0.0028 test_acc=1.0000 t=1015.3s
step= 15400 train_loss=0.0014 train_acc=1.0000 test_loss=0.0019 test_acc=1.0000 t=1020.7s
step= 15500 train_loss=0.0007 train_acc=1.0000 test_loss=0.0010 test_acc=1.0000 t=1025.5s
step= 15600 train_loss=0.0003 train_acc=1.0000 test_loss=0.0005 test_acc=1.0000 t=1030.5s
step= 15700 train_loss=0.0002 train_acc=1.0000 test_loss=0.0002 test_acc=1.0000 t=1035.3s
step= 15800 train_loss=0.0001 train_acc=1.0000 test_loss=0.0001 test_acc=1.0000 t=1040.1s
step= 15900 train_loss=0.0000 train_acc=1.0000 test_loss=0.0000 test_acc=1.0000 t=1044.9s
step= 16000 train_loss=0.0000 train_acc=1.0000 test_loss=0.0000 test_acc=1.0000 t=1050.6s
step= 16100 train_loss=0.1651 train_acc=0.9640 test_loss=0.2207 test_acc=0.9438 t=1055.3s
step= 16200 train_loss=0.0016 train_acc=1.0000 test_loss=0.0033 test_acc=1.0000 t=1060.4s
step= 16300 train_loss=0.0022 train_acc=1.0000 test_loss=0.0034 test_acc=1.0000 t=1065.2s
step= 16400 train_loss=0.0019 train_acc=1.0000 test_loss=0.0026 test_acc=1.0000 t=1070.0s
step= 16500 train_loss=0.0009 train_acc=1.0000 test_loss=0.0013 test_acc=1.0000 t=1074.7s
step= 16600 train_loss=0.0004 train_acc=1.0000 test_loss=0.0005 test_acc=1.0000 t=1079.6s
step= 16700 train_loss=0.0002 train_acc=1.0000 test_loss=0.0002 test_acc=1.0000 t=1084.4s
step= 16800 train_loss=0.0001 train_acc=1.0000 test_loss=0.0001 test_acc=1.0000 t=1089.7s
step= 16900 train_loss=0.0000 train_acc=1.0000 test_loss=0.0000 test_acc=1.0000 t=1094.5s
step= 17000 train_loss=0.0000 train_acc=1.0000 test_loss=0.0000 test_acc=1.0000 t=1099.3s
step= 17100 train_loss=0.0000 train_acc=1.0000 test_loss=0.0000 test_acc=1.0000 t=1104.1s
step= 17200 train_loss=0.0011 train_acc=1.0000 test_loss=0.0024 test_acc=1.0000 t=1108.9s
step= 17300 train_loss=0.0017 train_acc=1.0000 test_loss=0.0026 test_acc=1.0000 t=1113.7s
step= 17400 train_loss=0.0018 train_acc=1.0000 test_loss=0.0025 test_acc=1.0000 t=1118.5s
step= 17500 train_loss=0.0010 train_acc=1.0000 test_loss=0.0014 test_acc=1.0000 t=1125.7s
step= 17600 train_loss=0.0005 train_acc=1.0000 test_loss=0.0007 test_acc=1.0000 t=1131.0s
step= 17700 train_loss=0.0002 train_acc=1.0000 test_loss=0.0002 test_acc=1.0000 t=1136.2s
step= 17800 train_loss=0.0001 train_acc=1.0000 test_loss=0.0001 test_acc=1.0000 t=1141.5s
step= 17900 train_loss=0.0000 train_acc=1.0000 test_loss=0.0000 test_acc=1.0000 t=1147.0s
step= 18000 train_loss=0.0000 train_acc=1.0000 test_loss=0.0000 test_acc=1.0000 t=1152.2s
step= 18100 train_loss=0.0051 train_acc=1.0000 test_loss=0.0169 test_acc=0.9985 t=1157.4s
step= 18200 train_loss=0.0020 train_acc=1.0000 test_loss=0.0041 test_acc=1.0000 t=1162.6s
step= 18300 train_loss=0.0022 train_acc=1.0000 test_loss=0.0033 test_acc=1.0000 t=1167.9s
step= 18400 train_loss=0.0014 train_acc=1.0000 test_loss=0.0018 test_acc=1.0000 t=1174.7s
step= 18500 train_loss=0.0007 train_acc=1.0000 test_loss=0.0009 test_acc=1.0000 t=1179.6s
step= 18600 train_loss=0.0003 train_acc=1.0000 test_loss=0.0004 test_acc=1.0000 t=1184.3s
step= 18700 train_loss=0.0001 train_acc=1.0000 test_loss=0.0002 test_acc=1.0000 t=1189.2s
step= 18800 train_loss=0.0001 train_acc=1.0000 test_loss=0.0001 test_acc=1.0000 t=1193.9s
step= 18900 train_loss=0.0000 train_acc=1.0000 test_loss=0.0000 test_acc=1.0000 t=1198.6s
step= 19000 train_loss=0.0000 train_acc=1.0000 test_loss=0.0000 test_acc=1.0000 t=1203.3s
step= 19100 train_loss=0.0000 train_acc=1.0000 test_loss=0.0000 test_acc=1.0000 t=1208.0s
step= 19200 train_loss=0.0015 train_acc=1.0000 test_loss=0.0036 test_acc=1.0000 t=1212.7s
step= 19300 train_loss=0.0018 train_acc=1.0000 test_loss=0.0032 test_acc=1.0000 t=1217.4s
step= 19400 train_loss=0.0019 train_acc=1.0000 test_loss=0.0028 test_acc=1.0000 t=1222.1s
step= 19500 train_loss=0.0011 train_acc=1.0000 test_loss=0.0015 test_acc=1.0000 t=1226.9s
step= 19600 train_loss=0.0005 train_acc=1.0000 test_loss=0.0006 test_acc=1.0000 t=1231.6s
step= 19700 train_loss=0.0002 train_acc=1.0000 test_loss=0.0003 test_acc=1.0000 t=1236.4s
step= 19800 train_loss=0.0001 train_acc=1.0000 test_loss=0.0001 test_acc=1.0000 t=1241.3s
step= 19900 train_loss=0.0000 train_acc=1.0000 test_loss=0.0001 test_acc=1.0000 t=1246.3s
step= 20000 train_loss=0.0000 train_acc=1.0000 test_loss=0.0000 test_acc=1.0000 t=1251.1s
step= 20100 train_loss=0.0000 train_acc=1.0000 test_loss=0.0000 test_acc=1.0000 t=1255.8s
step= 20200 train_loss=0.0022 train_acc=1.0000 test_loss=0.0058 test_acc=0.9998 t=1260.6s
step= 20300 train_loss=0.0026 train_acc=1.0000 test_loss=0.0047 test_acc=1.0000 t=1266.7s
step= 20400 train_loss=0.0019 train_acc=1.0000 test_loss=0.0030 test_acc=1.0000 t=1273.4s
step= 20500 train_loss=0.0011 train_acc=1.0000 test_loss=0.0015 test_acc=1.0000 t=1279.0s
step= 20600 train_loss=0.0005 train_acc=1.0000 test_loss=0.0007 test_acc=1.0000 t=1284.8s
step= 20700 train_loss=0.0002 train_acc=1.0000 test_loss=0.0003 test_acc=1.0000 t=1289.6s
step= 20800 train_loss=0.0001 train_acc=1.0000 test_loss=0.0001 test_acc=1.0000 t=1294.3s
step= 20900 train_loss=0.0000 train_acc=1.0000 test_loss=0.0001 test_acc=1.0000 t=1299.0s
step= 21000 train_loss=0.0000 train_acc=1.0000 test_loss=0.0000 test_acc=1.0000 t=1303.7s
step= 21100 train_loss=0.0000 train_acc=1.0000 test_loss=0.0000 test_acc=1.0000 t=1308.4s
step= 21200 train_loss=0.0016 train_acc=1.0000 test_loss=0.0034 test_acc=1.0000 t=1313.1s
step= 21300 train_loss=0.0023 train_acc=1.0000 test_loss=0.0035 test_acc=1.0000 t=1317.7s
step= 21400 train_loss=0.0024 train_acc=1.0000 test_loss=0.0033 test_acc=1.0000 t=1322.4s
step= 21500 train_loss=0.0013 train_acc=1.0000 test_loss=0.0018 test_acc=1.0000 t=1327.1s
step= 21600 train_loss=0.0006 train_acc=1.0000 test_loss=0.0008 test_acc=1.0000 t=1331.9s
step= 21700 train_loss=0.0003 train_acc=1.0000 test_loss=0.0004 test_acc=1.0000 t=1336.5s
step= 21800 train_loss=0.0001 train_acc=1.0000 test_loss=0.0001 test_acc=1.0000 t=1341.2s
step= 21900 train_loss=0.0000 train_acc=1.0000 test_loss=0.0001 test_acc=1.0000 t=1345.9s
step= 22000 train_loss=0.0000 train_acc=1.0000 test_loss=0.0000 test_acc=1.0000 t=1350.5s
step= 22100 train_loss=0.0000 train_acc=1.0000 test_loss=0.0000 test_acc=1.0000 t=1355.3s
step= 22200 train_loss=0.0000 train_acc=1.0000 test_loss=0.0000 test_acc=1.0000 t=1360.6s
step= 22300 train_loss=0.0002 train_acc=1.0000 test_loss=0.0005 test_acc=1.0000 t=1365.3s
step= 22400 train_loss=0.0004 train_acc=1.0000 test_loss=0.0006 test_acc=1.0000 t=1370.0s
step= 22500 train_loss=0.0004 train_acc=1.0000 test_loss=0.0006 test_acc=1.0000 t=1374.6s
step= 22600 train_loss=0.0002 train_acc=1.0000 test_loss=0.0003 test_acc=1.0000 t=1379.3s
step= 22700 train_loss=0.0001 train_acc=1.0000 test_loss=0.0001 test_acc=1.0000 t=1383.9s
step= 22800 train_loss=0.0000 train_acc=1.0000 test_loss=0.0001 test_acc=1.0000 t=1389.0s
step= 22900 train_loss=0.0000 train_acc=1.0000 test_loss=0.0000 test_acc=1.0000 t=1394.2s
step= 23000 train_loss=0.0000 train_acc=1.0000 test_loss=0.0000 test_acc=1.0000 t=1398.8s
step= 23100 train_loss=0.0000 train_acc=1.0000 test_loss=0.0000 test_acc=1.0000 t=1403.5s
step= 23200 train_loss=0.0000 train_acc=1.0000 test_loss=0.0000 test_acc=1.0000 t=1408.5s
step= 23300 train_loss=0.0009 train_acc=1.0000 test_loss=0.0021 test_acc=1.0000 t=1413.6s
step= 23400 train_loss=0.0015 train_acc=1.0000 test_loss=0.0023 test_acc=1.0000 t=1419.1s
step= 23500 train_loss=0.0018 train_acc=1.0000 test_loss=0.0024 test_acc=1.0000 t=1424.7s
step= 23600 train_loss=0.0010 train_acc=1.0000 test_loss=0.0014 test_acc=1.0000 t=1429.5s
step= 23700 train_loss=0.0005 train_acc=1.0000 test_loss=0.0007 test_acc=1.0000 t=1434.6s
step= 23800 train_loss=0.0002 train_acc=1.0000 test_loss=0.0003 test_acc=1.0000 t=1439.8s
step= 23900 train_loss=0.0001 train_acc=1.0000 test_loss=0.0001 test_acc=1.0000 t=1445.5s
step= 24000 train_loss=0.0000 train_acc=1.0000 test_loss=0.0000 test_acc=1.0000 t=1450.8s
step= 24100 train_loss=0.0000 train_acc=1.0000 test_loss=0.0000 test_acc=1.0000 t=1456.3s
step= 24200 train_loss=0.0022 train_acc=1.0000 test_loss=0.0055 test_acc=0.9998 t=1461.7s
step= 24300 train_loss=0.0028 train_acc=1.0000 test_loss=0.0048 test_acc=1.0000 t=1469.4s
step= 24400 train_loss=0.0023 train_acc=1.0000 test_loss=0.0034 test_acc=1.0000 t=1474.7s
step= 24500 train_loss=0.0012 train_acc=1.0000 test_loss=0.0017 test_acc=1.0000 t=1479.9s
step= 24600 train_loss=0.0005 train_acc=1.0000 test_loss=0.0007 test_acc=1.0000 t=1484.8s
step= 24700 train_loss=0.0002 train_acc=1.0000 test_loss=0.0003 test_acc=1.0000 t=1489.6s
step= 24800 train_loss=0.0001 train_acc=1.0000 test_loss=0.0001 test_acc=1.0000 t=1494.3s
step= 24900 train_loss=0.0000 train_acc=1.0000 test_loss=0.0001 test_acc=1.0000 t=1499.1s
step= 25000 train_loss=0.0000 train_acc=1.0000 test_loss=0.0000 test_acc=1.0000 t=1503.8s
step= 25100 train_loss=0.0016 train_acc=1.0000 test_loss=0.0032 test_acc=1.0000 t=1509.5s
step= 25200 train_loss=0.0020 train_acc=1.0000 test_loss=0.0030 test_acc=1.0000 t=1516.0s
step= 25300 train_loss=0.0021 train_acc=1.0000 test_loss=0.0028 test_acc=1.0000 t=1520.6s
step= 25400 train_loss=0.0012 train_acc=1.0000 test_loss=0.0016 test_acc=1.0000 t=1525.3s
step= 25500 train_loss=0.0005 train_acc=1.0000 test_loss=0.0007 test_acc=1.0000 t=1530.2s
step= 25600 train_loss=0.0002 train_acc=1.0000 test_loss=0.0003 test_acc=1.0000 t=1535.3s
step= 25700 train_loss=0.0001 train_acc=1.0000 test_loss=0.0001 test_acc=1.0000 t=1540.3s
step= 25800 train_loss=0.0000 train_acc=1.0000 test_loss=0.0001 test_acc=1.0000 t=1545.0s
step= 25900 train_loss=0.0000 train_acc=1.0000 test_loss=0.0000 test_acc=1.0000 t=1549.7s
step= 26000 train_loss=0.0014 train_acc=1.0000 test_loss=0.0042 test_acc=1.0000 t=1554.9s
step= 26100 train_loss=0.0018 train_acc=1.0000 test_loss=0.0034 test_acc=1.0000 t=1559.7s
step= 26200 train_loss=0.0017 train_acc=1.0000 test_loss=0.0025 test_acc=1.0000 t=1565.1s
step= 26300 train_loss=0.0009 train_acc=1.0000 test_loss=0.0012 test_acc=1.0000 t=1569.9s
step= 26400 train_loss=0.0004 train_acc=1.0000 test_loss=0.0006 test_acc=1.0000 t=1574.6s
step= 26500 train_loss=0.0002 train_acc=1.0000 test_loss=0.0003 test_acc=1.0000 t=1579.2s
step= 26600 train_loss=0.0001 train_acc=1.0000 test_loss=0.0001 test_acc=1.0000 t=1583.9s
step= 26700 train_loss=0.0000 train_acc=1.0000 test_loss=0.0001 test_acc=1.0000 t=1588.5s
step= 26800 train_loss=0.0000 train_acc=1.0000 test_loss=0.0000 test_acc=1.0000 t=1593.2s
step= 26900 train_loss=0.0000 train_acc=1.0000 test_loss=0.0000 test_acc=1.0000 t=1597.8s
step= 27000 train_loss=0.0010 train_acc=1.0000 test_loss=0.0019 test_acc=1.0000 t=1602.5s
step= 27100 train_loss=0.0013 train_acc=1.0000 test_loss=0.0020 test_acc=1.0000 t=1607.1s
step= 27200 train_loss=0.0011 train_acc=1.0000 test_loss=0.0016 test_acc=1.0000 t=1611.7s
step= 27300 train_loss=0.0006 train_acc=1.0000 test_loss=0.0008 test_acc=1.0000 t=1616.3s
step= 27400 train_loss=0.0002 train_acc=1.0000 test_loss=0.0003 test_acc=1.0000 t=1621.0s
step= 27500 train_loss=0.0001 train_acc=1.0000 test_loss=0.0001 test_acc=1.0000 t=1625.6s
step= 27600 train_loss=0.0000 train_acc=1.0000 test_loss=0.0001 test_acc=1.0000 t=1630.9s
step= 27700 train_loss=0.0000 train_acc=1.0000 test_loss=0.0000 test_acc=1.0000 t=1635.8s
step= 27800 train_loss=0.0000 train_acc=1.0000 test_loss=0.0000 test_acc=1.0000 t=1640.6s
step= 27900 train_loss=0.0000 train_acc=1.0000 test_loss=0.0000 test_acc=1.0000 t=1645.4s
step= 28000 train_loss=0.0016 train_acc=1.0000 test_loss=0.0049 test_acc=0.9998 t=1650.1s
step= 28100 train_loss=0.0014 train_acc=1.0000 test_loss=0.0029 test_acc=1.0000 t=1654.9s
step= 28200 train_loss=0.0015 train_acc=1.0000 test_loss=0.0025 test_acc=1.0000 t=1660.1s
step= 28300 train_loss=0.0010 train_acc=1.0000 test_loss=0.0015 test_acc=1.0000 t=1664.9s
step= 28400 train_loss=0.0005 train_acc=1.0000 test_loss=0.0006 test_acc=1.0000 t=1669.6s
step= 28500 train_loss=0.0002 train_acc=1.0000 test_loss=0.0003 test_acc=1.0000 t=1674.3s
step= 28600 train_loss=0.0001 train_acc=1.0000 test_loss=0.0001 test_acc=1.0000 t=1679.1s
step= 28700 train_loss=0.0000 train_acc=1.0000 test_loss=0.0001 test_acc=1.0000 t=1684.4s
step= 28800 train_loss=0.0000 train_acc=1.0000 test_loss=0.0000 test_acc=1.0000 t=1693.6s
step= 28900 train_loss=0.0000 train_acc=1.0000 test_loss=0.0000 test_acc=1.0000 t=1702.1s
step= 29000 train_loss=0.0007 train_acc=1.0000 test_loss=0.0012 test_acc=1.0000 t=1709.0s
step= 29100 train_loss=0.0010 train_acc=1.0000 test_loss=0.0015 test_acc=1.0000 t=1714.3s
step= 29200 train_loss=0.0008 train_acc=1.0000 test_loss=0.0011 test_acc=1.0000 t=1719.3s
step= 29300 train_loss=0.0004 train_acc=1.0000 test_loss=0.0005 test_acc=1.0000 t=1724.3s
step= 29400 train_loss=0.0002 train_acc=1.0000 test_loss=0.0002 test_acc=1.0000 t=1729.1s
step= 29500 train_loss=0.0001 train_acc=1.0000 test_loss=0.0001 test_acc=1.0000 t=1734.7s
step= 29600 train_loss=0.0000 train_acc=1.0000 test_loss=0.0000 test_acc=1.0000 t=1739.8s
step= 29700 train_loss=0.0000 train_acc=1.0000 test_loss=0.0000 test_acc=1.0000 t=1744.9s
step= 29800 train_loss=0.0000 train_acc=1.0000 test_loss=0.0000 test_acc=1.0000 t=1749.9s
step= 29900 train_loss=0.0410 train_acc=0.9971 test_loss=0.0846 test_acc=0.9837 t=1755.0s
step= 30000 train_loss=0.0011 train_acc=1.0000 test_loss=0.0023 test_acc=1.0000 t=1761.7s
step= 30100 train_loss=0.0019 train_acc=1.0000 test_loss=0.0028 test_acc=1.0000 t=1766.9s
step= 30200 train_loss=0.0017 train_acc=1.0000 test_loss=0.0024 test_acc=1.0000 t=1772.9s
step= 30300 train_loss=0.0008 train_acc=1.0000 test_loss=0.0012 test_acc=1.0000 t=1778.2s
step= 30400 train_loss=0.0004 train_acc=1.0000 test_loss=0.0005 test_acc=1.0000 t=1784.1s
step= 30500 train_loss=0.0002 train_acc=1.0000 test_loss=0.0002 test_acc=1.0000 t=1789.7s
step= 30600 train_loss=0.0001 train_acc=1.0000 test_loss=0.0001 test_acc=1.0000 t=1794.7s
step= 30700 train_loss=0.0000 train_acc=1.0000 test_loss=0.0000 test_acc=1.0000 t=1800.0s
step= 30800 train_loss=0.0000 train_acc=1.0000 test_loss=0.0000 test_acc=1.0000 t=1804.7s
step= 30900 train_loss=0.0016 train_acc=1.0000 test_loss=0.0050 test_acc=0.9998 t=1810.2s
step= 31000 train_loss=0.0018 train_acc=1.0000 test_loss=0.0031 test_acc=1.0000 t=1817.5s
step= 31100 train_loss=0.0021 train_acc=1.0000 test_loss=0.0030 test_acc=1.0000 t=1823.3s
step= 31200 train_loss=0.0013 train_acc=1.0000 test_loss=0.0018 test_acc=1.0000 t=1828.2s
step= 31300 train_loss=0.0006 train_acc=1.0000 test_loss=0.0009 test_acc=1.0000 t=1833.2s
step= 31400 train_loss=0.0003 train_acc=1.0000 test_loss=0.0004 test_acc=1.0000 t=1837.9s
step= 31500 train_loss=0.0001 train_acc=1.0000 test_loss=0.0002 test_acc=1.0000 t=1842.5s
step= 31600 train_loss=0.0001 train_acc=1.0000 test_loss=0.0001 test_acc=1.0000 t=1847.3s
step= 31700 train_loss=0.0000 train_acc=1.0000 test_loss=0.0000 test_acc=1.0000 t=1851.9s
step= 31800 train_loss=0.0000 train_acc=1.0000 test_loss=0.0000 test_acc=1.0000 t=1856.6s
step= 31900 train_loss=0.0107 train_acc=1.0000 test_loss=0.0367 test_acc=0.9933 t=1861.3s
step= 32000 train_loss=0.0009 train_acc=1.0000 test_loss=0.0020 test_acc=1.0000 t=1866.2s
step= 32100 train_loss=0.0011 train_acc=1.0000 test_loss=0.0019 test_acc=1.0000 t=1871.7s
step= 32200 train_loss=0.0008 train_acc=1.0000 test_loss=0.0012 test_acc=1.0000 t=1876.5s
step= 32300 train_loss=0.0004 train_acc=1.0000 test_loss=0.0006 test_acc=1.0000 t=1881.2s
step= 32400 train_loss=0.0002 train_acc=1.0000 test_loss=0.0003 test_acc=1.0000 t=1886.2s
step= 32500 train_loss=0.0001 train_acc=1.0000 test_loss=0.0001 test_acc=1.0000 t=1891.3s
step= 32600 train_loss=0.0000 train_acc=1.0000 test_loss=0.0001 test_acc=1.0000 t=1895.9s
step= 32700 train_loss=0.0000 train_acc=1.0000 test_loss=0.0000 test_acc=1.0000 t=1900.5s
step= 32800 train_loss=0.0000 train_acc=1.0000 test_loss=0.0000 test_acc=1.0000 t=1905.1s
step= 32900 train_loss=0.0000 train_acc=1.0000 test_loss=0.0000 test_acc=1.0000 t=1909.8s
step= 33000 train_loss=0.0115 train_acc=1.0000 test_loss=0.0426 test_acc=0.9944 t=1914.4s
step= 33100 train_loss=0.0025 train_acc=1.0000 test_loss=0.0086 test_acc=1.0000 t=1919.8s
step= 33200 train_loss=0.0027 train_acc=1.0000 test_loss=0.0060 test_acc=1.0000 t=1924.5s
step= 33300 train_loss=0.0019 train_acc=1.0000 test_loss=0.0033 test_acc=1.0000 t=1929.2s
step= 33400 train_loss=0.0010 train_acc=1.0000 test_loss=0.0018 test_acc=1.0000 t=1933.9s
step= 33500 train_loss=0.0005 train_acc=1.0000 test_loss=0.0008 test_acc=1.0000 t=1938.6s
step= 33600 train_loss=0.0002 train_acc=1.0000 test_loss=0.0003 test_acc=1.0000 t=1943.3s
step= 33700 train_loss=0.0001 train_acc=1.0000 test_loss=0.0002 test_acc=1.0000 t=1948.0s
step= 33800 train_loss=0.0000 train_acc=1.0000 test_loss=0.0001 test_acc=1.0000 t=1952.8s
step= 33900 train_loss=0.0000 train_acc=1.0000 test_loss=0.0000 test_acc=1.0000 t=1957.6s
step= 34000 train_loss=0.0000 train_acc=1.0000 test_loss=0.0000 test_acc=1.0000 t=1962.3s
step= 34100 train_loss=0.0072 train_acc=1.0000 test_loss=0.0260 test_acc=0.9981 t=1967.1s
step= 34200 train_loss=0.0016 train_acc=1.0000 test_loss=0.0043 test_acc=1.0000 t=1971.8s
step= 34300 train_loss=0.0019 train_acc=1.0000 test_loss=0.0035 test_acc=1.0000 t=1976.5s
step= 34400 train_loss=0.0064 train_acc=1.0000 test_loss=0.0103 test_acc=1.0000 t=1981.1s
step= 34500 train_loss=0.0073 train_acc=1.0000 test_loss=0.0105 test_acc=1.0000 t=1986.5s
step= 34600 train_loss=0.0044 train_acc=1.0000 test_loss=0.0061 test_acc=1.0000 t=1991.6s
step= 34700 train_loss=0.0020 train_acc=1.0000 test_loss=0.0029 test_acc=1.0000 t=1996.2s
step= 34800 train_loss=0.0009 train_acc=1.0000 test_loss=0.0013 test_acc=1.0000 t=2000.9s
step= 34900 train_loss=0.0004 train_acc=1.0000 test_loss=0.0006 test_acc=1.0000 t=2005.6s
step= 35000 train_loss=0.0002 train_acc=1.0000 test_loss=0.0003 test_acc=1.0000 t=2010.3s
step= 35100 train_loss=0.0001 train_acc=1.0000 test_loss=0.0001 test_acc=1.0000 t=2015.0s
step= 35200 train_loss=0.0000 train_acc=1.0000 test_loss=0.0001 test_acc=1.0000 t=2019.8s
step= 35300 train_loss=0.0000 train_acc=1.0000 test_loss=0.0000 test_acc=1.0000 t=2024.6s
step= 35400 train_loss=0.0000 train_acc=1.0000 test_loss=0.0000 test_acc=1.0000 t=2029.4s
step= 35500 train_loss=0.0004 train_acc=1.0000 test_loss=0.0011 test_acc=1.0000 t=2034.1s
step= 35600 train_loss=0.0006 train_acc=1.0000 test_loss=0.0011 test_acc=1.0000 t=2038.7s
step= 35700 train_loss=0.0006 train_acc=1.0000 test_loss=0.0009 test_acc=1.0000 t=2043.3s
step= 35800 train_loss=0.0003 train_acc=1.0000 test_loss=0.0005 test_acc=1.0000 t=2048.3s
step= 35900 train_loss=0.0001 train_acc=1.0000 test_loss=0.0002 test_acc=1.0000 t=2053.0s
step= 36000 train_loss=0.0001 train_acc=1.0000 test_loss=0.0001 test_acc=1.0000 t=2057.7s
step= 36100 train_loss=0.0000 train_acc=1.0000 test_loss=0.0000 test_acc=1.0000 t=2062.4s
step= 36200 train_loss=0.0000 train_acc=1.0000 test_loss=0.0000 test_acc=1.0000 t=2067.2s
step= 36300 train_loss=0.0000 train_acc=1.0000 test_loss=0.0000 test_acc=1.0000 t=2072.0s
step= 36400 train_loss=0.0023 train_acc=1.0000 test_loss=0.0086 test_acc=0.9999 t=2076.7s
step= 36500 train_loss=0.0020 train_acc=1.0000 test_loss=0.0049 test_acc=1.0000 t=2081.4s
step= 36600 train_loss=0.0027 train_acc=1.0000 test_loss=0.0046 test_acc=1.0000 t=2086.1s
step= 36700 train_loss=0.0019 train_acc=1.0000 test_loss=0.0032 test_acc=1.0000 t=2090.7s
step= 36800 train_loss=0.0009 train_acc=1.0000 test_loss=0.0015 test_acc=1.0000 t=2095.4s
step= 36900 train_loss=0.0004 train_acc=1.0000 test_loss=0.0007 test_acc=1.0000 t=2100.1s
step= 37000 train_loss=0.0002 train_acc=1.0000 test_loss=0.0003 test_acc=1.0000 t=2104.7s
step= 37100 train_loss=0.0001 train_acc=1.0000 test_loss=0.0001 test_acc=1.0000 t=2109.4s
step= 37200 train_loss=0.0000 train_acc=1.0000 test_loss=0.0000 test_acc=1.0000 t=2114.1s
step= 37300 train_loss=0.0000 train_acc=1.0000 test_loss=0.0000 test_acc=1.0000 t=2119.7s
step= 37400 train_loss=0.0000 train_acc=1.0000 test_loss=0.0000 test_acc=1.0000 t=2125.7s
step= 37500 train_loss=0.0018 train_acc=1.0000 test_loss=0.0061 test_acc=0.9998 t=2132.1s
step= 37600 train_loss=0.0019 train_acc=1.0000 test_loss=0.0042 test_acc=1.0000 t=2511.1s
step= 37700 train_loss=0.0020 train_acc=1.0000 test_loss=0.0031 test_acc=1.0000 t=2517.5s
step= 37800 train_loss=0.0013 train_acc=1.0000 test_loss=0.0019 test_acc=1.0000 t=2562.2s
step= 37900 train_loss=0.0006 train_acc=1.0000 test_loss=0.0009 test_acc=1.0000 t=2568.3s
step= 38000 train_loss=0.0003 train_acc=1.0000 test_loss=0.0004 test_acc=1.0000 t=2584.2s
step= 38100 train_loss=0.0001 train_acc=1.0000 test_loss=0.0002 test_acc=1.0000 t=2658.5s
step= 38200 train_loss=0.0001 train_acc=1.0000 test_loss=0.0001 test_acc=1.0000 t=2664.2s
step= 38300 train_loss=0.0000 train_acc=1.0000 test_loss=0.0000 test_acc=1.0000 t=2669.3s
step= 38400 train_loss=0.0000 train_acc=1.0000 test_loss=0.0000 test_acc=1.0000 t=2675.1s
step= 38500 train_loss=0.0030 train_acc=1.0000 test_loss=0.0076 test_acc=0.9999 t=2679.8s
step= 38600 train_loss=0.0015 train_acc=1.0000 test_loss=0.0028 test_acc=1.0000 t=2684.8s
step= 38700 train_loss=0.0017 train_acc=1.0000 test_loss=0.0025 test_acc=1.0000 t=2689.5s
step= 38800 train_loss=0.0010 train_acc=1.0000 test_loss=0.0013 test_acc=1.0000 t=2694.1s
step= 38900 train_loss=0.0005 train_acc=1.0000 test_loss=0.0006 test_acc=1.0000 t=2698.7s
step= 39000 train_loss=0.0002 train_acc=1.0000 test_loss=0.0003 test_acc=1.0000 t=2703.3s
step= 39100 train_loss=0.0001 train_acc=1.0000 test_loss=0.0001 test_acc=1.0000 t=2707.9s
step= 39200 train_loss=0.0000 train_acc=1.0000 test_loss=0.0001 test_acc=1.0000 t=2712.6s
step= 39300 train_loss=0.0000 train_acc=1.0000 test_loss=0.0000 test_acc=1.0000 t=2717.2s
step= 39400 train_loss=0.0000 train_acc=1.0000 test_loss=0.0000 test_acc=1.0000 t=2721.8s
step= 39500 train_loss=0.0020 train_acc=1.0000 test_loss=0.0063 test_acc=0.9998 t=2726.5s
step= 39600 train_loss=0.0016 train_acc=1.0000 test_loss=0.0031 test_acc=1.0000 t=2731.1s
step= 39700 train_loss=0.0016 train_acc=1.0000 test_loss=0.0023 test_acc=1.0000 t=2735.7s
step= 39800 train_loss=0.0011 train_acc=1.0000 test_loss=0.0014 test_acc=1.0000 t=2740.2s
step= 39900 train_loss=0.0005 train_acc=1.0000 test_loss=0.0007 test_acc=1.0000 t=2747.0s
step= 40000 train_loss=0.0002 train_acc=1.0000 test_loss=0.0003 test_acc=1.0000 t=2753.4s
