run=ablation-wd0 device=mps n_train=3192 n_test=9577 n_params=228096
step=     0 train_loss=4.7538 train_acc=0.0081 test_loss=4.7558 test_acc=0.0095 t=0.4s
step=   100 train_loss=0.0829 train_acc=1.0000 test_loss=4.7361 test_acc=0.2487 t=4.3s
step=   200 train_loss=0.0101 train_acc=1.0000 test_loss=5.0559 test_acc=0.2508 t=8.1s
step=   300 train_loss=0.0028 train_acc=1.0000 test_loss=5.3076 test_acc=0.2509 t=11.9s
step=   400 train_loss=0.0009 train_acc=1.0000 test_loss=5.5548 test_acc=0.2504 t=15.7s
step=   500 train_loss=0.0003 train_acc=1.0000 test_loss=5.8132 test_acc=0.2515 t=19.6s
step=   600 train_loss=0.0001 train_acc=1.0000 test_loss=6.0782 test_acc=0.2522 t=23.4s
step=   700 train_loss=0.0000 train_acc=1.0000 test_loss=6.3533 test_acc=0.2525 t=27.2s
step=   800 train_loss=0.0000 train_acc=1.0000 test_loss=6.6318 test_acc=0.2528 t=31.0s
step=   900 train_loss=0.0000 train_acc=1.0000 test_loss=6.9170 test_acc=0.2529 t=35.1s
step=  1000 train_loss=0.0000 train_acc=1.0000 test_loss=7.1996 test_acc=0.2532 t=38.9s
step=  1100 train_loss=0.0000 train_acc=1.0000 test_loss=7.4607 test_acc=0.2533 t=42.7s
step=  1200 train_loss=0.0000 train_acc=1.0000 test_loss=7.6614 test_acc=0.2531 t=46.5s
step=  1300 train_loss=0.0018 train_acc=1.0000 test_loss=7.7235 test_acc=0.2471 t=51.4s
step=  1400 train_loss=0.0003 train_acc=1.0000 test_loss=7.7414 test_acc=0.2509 t=56.0s
step=  1500 train_loss=0.0001 train_acc=1.0000 test_loss=7.7605 test_acc=0.2521 t=61.4s
step=  1600 train_loss=0.0001 train_acc=1.0000 test_loss=7.7874 test_acc=0.2529 t=65.3s
step=  1700 train_loss=0.0000 train_acc=1.0000 test_loss=7.8204 test_acc=0.2535 t=69.3s
step=  1800 train_loss=0.0000 train_acc=1.0000 test_loss=7.8608 test_acc=0.2540 t=73.0s
step=  1900 train_loss=0.0000 train_acc=1.0000 test_loss=7.9146 test_acc=0.2545 t=76.8s
step=  2000 train_loss=0.0000 train_acc=1.0000 test_loss=7.9892 test_acc=0.2548 t=80.5s
step=  2100 train_loss=0.0000 train_acc=1.0000 test_loss=8.0851 test_acc=0.2548 t=84.2s
step=  2200 train_loss=0.0000 train_acc=1.0000 test_loss=8.1922 test_acc=0.2547 t=87.9s
step=  2300 train_loss=0.0000 train_acc=1.0000 test_loss=8.2648 test_acc=0.2545 t=91.7s
step=  2400 train_loss=0.0000 train_acc=1.0000 test_loss=8.2422 test_acc=0.2537 t=95.4s
step=  2500 train_loss=0.0000 train_acc=1.0000 test_loss=8.1255 test_acc=0.2538 t=99.1s
step=  2600 train_loss=0.0000 train_acc=1.0000 test_loss=7.9725 test_acc=0.2527 t=102.8s
step=  2700 train_loss=0.0000 train_acc=1.0000 test_loss=7.8991 test_acc=0.2530 t=107.0s
step=  2800 train_loss=0.0001 train_acc=1.0000 test_loss=8.5583 test_acc=0.2505 t=110.7s
step=  2900 train_loss=0.0000 train_acc=1.0000 test_loss=8.5797 test_acc=0.2506 t=114.4s
step=  3000 train_loss=0.0000 train_acc=1.0000 test_loss=8.5960 test_acc=0.2509 t=118.2s
step=  3100 train_loss=0.0000 train_acc=1.0000 test_loss=8.6150 test_acc=0.2513 t=122.1s
step=  3200 train_loss=0.0000 train_acc=1.0000 test_loss=8.6393 test_acc=0.2515 t=126.2s
step=  3300 train_loss=0.0000 train_acc=1.0000 test_loss=8.6707 test_acc=0.2516 t=129.9s
step=  3400 train_loss=0.0000 train_acc=1.0000 test_loss=8.7129 test_acc=0.2526 t=133.6s
step=  3500 train_loss=0.0000 train_acc=1.0000 test_loss=8.7516 test_acc=0.2535 t=137.4s
step=  3600 train_loss=0.0000 train_acc=1.0000 test_loss=8.6699 test_acc=0.2540 t=141.1s
step=  3700 train_loss=0.0000 train_acc=1.0000 test_loss=8.4448 test_acc=0.2538 t=144.8s
step=  3800 train_loss=0.0000 train_acc=1.0000 test_loss=8.1664 test_acc=0.2549 t=148.5s
step=  3900 train_loss=0.0000 train_acc=1.0000 test_loss=7.9132 test_acc=0.2548 t=152.2s
step=  4000 train_loss=0.0000 train_acc=1.0000 test_loss=7.7070 test_acc=0.2552 t=155.9s
step=  4100 train_loss=0.0000 train_acc=1.0000 test_loss=7.5774 test_acc=0.2549 t=159.6s
step=  4200 train_loss=0.0003 train_acc=1.0000 test_loss=9.4312 test_acc=0.2477 t=163.3s
step=  4300 train_loss=0.0000 train_acc=1.0000 test_loss=9.3788 test_acc=0.2490 t=167.1s
step=  4400 train_loss=0.0000 train_acc=1.0000 test_loss=9.3690 test_acc=0.2499 t=170.8s
step=  4500 train_loss=0.0000 train_acc=1.0000 test_loss=9.3607 test_acc=0.2505 t=174.8s
step=  4600 train_loss=0.0000 train_acc=1.0000 test_loss=9.3536 test_acc=0.2506 t=178.6s
step=  4700 train_loss=0.0000 train_acc=1.0000 test_loss=9.3510 test_acc=0.2511 t=182.3s
step=  4800 train_loss=0.0000 train_acc=1.0000 test_loss=9.3493 test_acc=0.2516 t=186.1s
step=  4900 train_loss=0.0000 train_acc=1.0000 test_loss=9.3288 test_acc=0.2525 t=189.8s
step=  5000 train_loss=0.0000 train_acc=1.0000 test_loss=9.0688 test_acc=0.2531 t=193.5s
step=  5100 train_loss=0.0000 train_acc=1.0000 test_loss=8.5104 test_acc=0.2540 t=197.4s
step=  5200 train_loss=0.0000 train_acc=1.0000 test_loss=7.9273 test_acc=0.2555 t=201.2s
step=  5300 train_loss=0.0000 train_acc=1.0000 test_loss=7.5445 test_acc=0.2562 t=205.2s
step=  5400 train_loss=0.0000 train_acc=1.0000 test_loss=7.3473 test_acc=0.2560 t=208.9s
step=  5500 train_loss=0.0000 train_acc=1.0000 test_loss=7.2625 test_acc=0.2559 t=212.6s
step=  5600 train_loss=0.0000 train_acc=1.0000 test_loss=7.2643 test_acc=0.2559 t=216.3s
step=  5700 train_loss=0.0000 train_acc=1.0000 test_loss=7.2223 test_acc=0.2566 t=220.0s
step=  5800 train_loss=0.0000 train_acc=1.0000 test_loss=7.2079 test_acc=0.2570 t=223.7s
step=  5900 train_loss=0.0000 train_acc=1.0000 test_loss=7.1778 test_acc=0.2583 t=227.9s
step=  6000 train_loss=0.0000 train_acc=1.0000 test_loss=7.2456 test_acc=0.2577 t=231.7s
step=  6100 train_loss=0.0000 train_acc=1.0000 test_loss=7.1787 test_acc=0.2590 t=235.5s
step=  6200 train_loss=0.0000 train_acc=1.0000 test_loss=7.2247 test_acc=0.2591 t=239.3s
step=  6300 train_loss=0.0000 train_acc=1.0000 test_loss=7.2103 test_acc=0.2586 t=243.0s
step=  6400 train_loss=0.0000 train_acc=1.0000 test_loss=7.2325 test_acc=0.2590 t=246.8s
step=  6500 train_loss=0.0000 train_acc=1.0000 test_loss=7.2139 test_acc=0.2595 t=250.5s
step=  6600 train_loss=0.0000 train_acc=1.0000 test_loss=7.2533 test_acc=0.2597 t=254.3s
step=  6700 train_loss=0.0000 train_acc=1.0000 test_loss=7.2703 test_acc=0.2594 t=258.1s
step=  6800 train_loss=0.0000 train_acc=1.0000 test_loss=7.2932 test_acc=0.2593 t=261.8s
step=  6900 train_loss=0.0000 train_acc=1.0000 test_loss=7.2989 test_acc=0.2594 t=265.5s
step=  7000 train_loss=0.0000 train_acc=1.0000 test_loss=7.3151 test_acc=0.2596 t=269.3s
step=  7100 train_loss=0.0000 train_acc=1.0000 test_loss=7.3196 test_acc=0.2594 t=273.0s
step=  7200 train_loss=0.0000 train_acc=1.0000 test_loss=7.3250 test_acc=0.2601 t=276.7s
step=  7300 train_loss=0.0000 train_acc=1.0000 test_loss=7.3248 test_acc=0.2599 t=280.4s
step=  7400 train_loss=0.0000 train_acc=1.0000 test_loss=7.3426 test_acc=0.2594 t=284.5s
step=  7500 train_loss=0.0000 train_acc=1.0000 test_loss=7.3619 test_acc=0.2592 t=288.2s
step=  7600 train_loss=0.0000 train_acc=1.0000 test_loss=7.3594 test_acc=0.2597 t=291.9s
step=  7700 train_loss=0.0000 train_acc=1.0000 test_loss=7.3971 test_acc=0.2600 t=295.6s
step=  7800 train_loss=0.0000 train_acc=1.0000 test_loss=7.3868 test_acc=0.2596 t=299.4s
step=  7900 train_loss=0.0000 train_acc=1.0000 test_loss=7.4038 test_acc=0.2591 t=303.1s
step=  8000 train_loss=0.0000 train_acc=1.0000 test_loss=7.4098 test_acc=0.2594 t=306.9s
step=  8100 train_loss=0.0000 train_acc=1.0000 test_loss=7.4197 test_acc=0.2592 t=310.9s
step=  8200 train_loss=0.0000 train_acc=1.0000 test_loss=7.4326 test_acc=0.2587 t=314.7s
step=  8300 train_loss=0.0000 train_acc=1.0000 test_loss=7.4476 test_acc=0.2595 t=318.4s
step=  8400 train_loss=0.0000 train_acc=1.0000 test_loss=7.4662 test_acc=0.2595 t=322.1s
step=  8500 train_loss=0.0000 train_acc=1.0000 test_loss=7.4627 test_acc=0.2601 t=325.8s
step=  8600 train_loss=0.0000 train_acc=1.0000 test_loss=7.4592 test_acc=0.2594 t=329.5s
step=  8700 train_loss=0.0000 train_acc=1.0000 test_loss=7.4745 test_acc=0.2593 t=333.7s
step=  8800 train_loss=0.0000 train_acc=1.0000 test_loss=7.4870 test_acc=0.2595 t=338.0s
step=  8900 train_loss=0.0000 train_acc=1.0000 test_loss=7.4954 test_acc=0.2586 t=341.7s
step=  9000 train_loss=0.0000 train_acc=1.0000 test_loss=7.5008 test_acc=0.2576 t=345.4s
step=  9100 train_loss=0.0000 train_acc=1.0000 test_loss=7.5199 test_acc=0.2585 t=349.1s
step=  9200 train_loss=0.0000 train_acc=1.0000 test_loss=7.5272 test_acc=0.2591 t=352.9s
step=  9300 train_loss=0.0000 train_acc=1.0000 test_loss=7.5354 test_acc=0.2591 t=356.7s
step=  9400 train_loss=0.0000 train_acc=1.0000 test_loss=7.5312 test_acc=0.2595 t=360.7s
step=  9500 train_loss=0.0000 train_acc=1.0000 test_loss=7.5539 test_acc=0.2592 t=364.5s
step=  9600 train_loss=0.0000 train_acc=1.0000 test_loss=7.5552 test_acc=0.2593 t=368.5s
step=  9700 train_loss=0.0000 train_acc=1.0000 test_loss=7.5611 test_acc=0.2585 t=372.2s
step=  9800 train_loss=0.0000 train_acc=1.0000 test_loss=7.5760 test_acc=0.2584 t=375.9s
step=  9900 train_loss=0.0000 train_acc=1.0000 test_loss=7.5639 test_acc=0.2584 t=379.7s
step= 10000 train_loss=0.0000 train_acc=1.0000 test_loss=7.5832 test_acc=0.2590 t=383.4s
step= 10100 train_loss=0.0000 train_acc=1.0000 test_loss=7.5963 test_acc=0.2595 t=387.2s
step= 10200 train_loss=0.0000 train_acc=1.0000 test_loss=7.5922 test_acc=0.2592 t=391.0s
step= 10300 train_loss=0.0000 train_acc=1.0000 test_loss=7.5904 test_acc=0.2600 t=394.7s
step= 10400 train_loss=0.0000 train_acc=1.0000 test_loss=7.6006 test_acc=0.2591 t=398.4s
step= 10500 train_loss=0.0000 train_acc=1.0000 test_loss=7.6192 test_acc=0.2597 t=402.1s
step= 10600 train_loss=0.0000 train_acc=1.0000 test_loss=7.6339 test_acc=0.2599 t=405.8s
step= 10700 train_loss=0.0000 train_acc=1.0000 test_loss=7.6350 test_acc=0.2581 t=409.5s
step= 10800 train_loss=0.0000 train_acc=1.0000 test_loss=7.6400 test_acc=0.2593 t=413.2s
step= 10900 train_loss=0.0000 train_acc=1.0000 test_loss=7.6432 test_acc=0.2600 t=416.9s
step= 11000 train_loss=0.0000 train_acc=1.0000 test_loss=7.6431 test_acc=0.2596 t=420.7s
step= 11100 train_loss=0.0000 train_acc=1.0000 test_loss=7.6711 test_acc=0.2594 t=424.5s
step= 11200 train_loss=0.0000 train_acc=1.0000 test_loss=7.6608 test_acc=0.2588 t=428.2s
step= 11300 train_loss=0.0000 train_acc=1.0000 test_loss=7.6772 test_acc=0.2596 t=432.0s
step= 11400 train_loss=0.0000 train_acc=1.0000 test_loss=7.6770 test_acc=0.2585 t=435.7s
step= 11500 train_loss=0.0000 train_acc=1.0000 test_loss=7.6965 test_acc=0.2580 t=439.4s
step= 11600 train_loss=0.0000 train_acc=1.0000 test_loss=7.6838 test_acc=0.2591 t=443.2s
step= 11700 train_loss=0.0000 train_acc=1.0000 test_loss=7.6899 test_acc=0.2594 t=446.9s
step= 11800 train_loss=0.0000 train_acc=1.0000 test_loss=7.7088 test_acc=0.2590 t=450.6s
step= 11900 train_loss=0.0000 train_acc=1.0000 test_loss=7.6940 test_acc=0.2597 t=454.3s
step= 12000 train_loss=0.0000 train_acc=1.0000 test_loss=7.6996 test_acc=0.2598 t=458.0s
step= 12100 train_loss=0.0000 train_acc=1.0000 test_loss=7.7091 test_acc=0.2586 t=461.7s
step= 12200 train_loss=0.0000 train_acc=1.0000 test_loss=7.7168 test_acc=0.2596 t=465.4s
step= 12300 train_loss=0.0000 train_acc=1.0000 test_loss=7.7329 test_acc=0.2602 t=469.1s
step= 12400 train_loss=0.0000 train_acc=1.0000 test_loss=7.7212 test_acc=0.2598 t=472.8s
step= 12500 train_loss=0.0000 train_acc=1.0000 test_loss=7.7327 test_acc=0.2586 t=476.5s
step= 12600 train_loss=0.0000 train_acc=1.0000 test_loss=7.7181 test_acc=0.2591 t=480.3s
step= 12700 train_loss=0.0000 train_acc=1.0000 test_loss=7.7379 test_acc=0.2601 t=484.0s
step= 12800 train_loss=0.0000 train_acc=1.0000 test_loss=7.7299 test_acc=0.2599 t=487.8s
step= 12900 train_loss=0.0000 train_acc=1.0000 test_loss=7.7403 test_acc=0.2598 t=491.5s
step= 13000 train_loss=0.0000 train_acc=1.0000 test_loss=7.7376 test_acc=0.2588 t=495.2s
step= 13100 train_loss=0.0000 train_acc=1.0000 test_loss=7.7425 test_acc=0.2599 t=499.0s
step= 13200 train_loss=0.0000 train_acc=1.0000 test_loss=7.7476 test_acc=0.2599 t=502.7s
step= 13300 train_loss=0.0000 train_acc=1.0000 test_loss=7.7495 test_acc=0.2587 t=506.4s
step= 13400 train_loss=0.0000 train_acc=1.0000 test_loss=7.7593 test_acc=0.2594 t=510.2s
step= 13500 train_loss=0.0000 train_acc=1.0000 test_loss=7.7468 test_acc=0.2596 t=513.9s
step= 13600 train_loss=0.0000 train_acc=1.0000 test_loss=7.7526 test_acc=0.2595 t=517.6s
step= 13700 train_loss=0.0000 train_acc=1.0000 test_loss=7.7462 test_acc=0.2600 t=521.3s
step= 13800 train_loss=0.0000 train_acc=1.0000 test_loss=7.7593 test_acc=0.2598 t=525.1s
step= 13900 train_loss=0.0000 train_acc=1.0000 test_loss=7.7643 test_acc=0.2599 t=529.4s
step= 14000 train_loss=0.0000 train_acc=1.0000 test_loss=7.7602 test_acc=0.2601 t=533.3s
step= 14100 train_loss=0.0000 train_acc=1.0000 test_loss=7.7886 test_acc=0.2594 t=537.0s
step= 14200 train_loss=0.0000 train_acc=1.0000 test_loss=7.7782 test_acc=0.2605 t=540.8s
step= 14300 train_loss=0.0000 train_acc=1.0000 test_loss=7.7794 test_acc=0.2597 t=544.5s
step= 14400 train_loss=0.0000 train_acc=1.0000 test_loss=7.7860 test_acc=0.2596 t=548.3s
step= 14500 train_loss=0.0000 train_acc=1.0000 test_loss=7.7760 test_acc=0.2595 t=552.0s
step= 14600 train_loss=0.0000 train_acc=1.0000 test_loss=7.7952 test_acc=0.2603 t=555.7s
step= 14700 train_loss=0.0000 train_acc=1.0000 test_loss=7.7843 test_acc=0.2605 t=559.5s
step= 14800 train_loss=0.0000 train_acc=1.0000 test_loss=7.8011 test_acc=0.2595 t=563.2s
step= 14900 train_loss=0.0000 train_acc=1.0000 test_loss=7.8028 test_acc=0.2604 t=566.9s
step= 15000 train_loss=0.0000 train_acc=1.0000 test_loss=7.7987 test_acc=0.2593 t=570.6s
step= 15100 train_loss=0.0000 train_acc=1.0000 test_loss=7.8057 test_acc=0.2598 t=574.3s
step= 15200 train_loss=0.0000 train_acc=1.0000 test_loss=7.8172 test_acc=0.2602 t=578.0s
step= 15300 train_loss=0.0000 train_acc=1.0000 test_loss=7.8154 test_acc=0.2597 t=581.7s
step= 15400 train_loss=0.0000 train_acc=1.0000 test_loss=7.8125 test_acc=0.2595 t=586.4s
step= 15500 train_loss=0.0000 train_acc=1.0000 test_loss=7.8099 test_acc=0.2591 t=590.2s
step= 15600 train_loss=0.0000 train_acc=1.0000 test_loss=7.8171 test_acc=0.2596 t=594.1s
step= 15700 train_loss=0.0000 train_acc=1.0000 test_loss=7.8280 test_acc=0.2595 t=597.8s
step= 15800 train_loss=0.0000 train_acc=1.0000 test_loss=7.8227 test_acc=0.2601 t=601.7s
step= 15900 train_loss=0.0000 train_acc=1.0000 test_loss=7.8140 test_acc=0.2588 t=605.4s
step= 16000 train_loss=0.0000 train_acc=1.0000 test_loss=7.8318 test_acc=0.2586 t=609.2s
step= 16100 train_loss=0.0000 train_acc=1.0000 test_loss=7.8320 test_acc=0.2586 t=613.0s
step= 16200 train_loss=0.0000 train_acc=1.0000 test_loss=7.8298 test_acc=0.2595 t=616.8s
step= 16300 train_loss=0.0000 train_acc=1.0000 test_loss=7.8250 test_acc=0.2587 t=620.5s
step= 16400 train_loss=0.0000 train_acc=1.0000 test_loss=7.8427 test_acc=0.2587 t=624.9s
step= 16500 train_loss=0.0000 train_acc=1.0000 test_loss=7.8384 test_acc=0.2600 t=629.3s
step= 16600 train_loss=0.0000 train_acc=1.0000 test_loss=7.8465 test_acc=0.2584 t=633.4s
step= 16700 train_loss=0.0000 train_acc=1.0000 test_loss=7.8377 test_acc=0.2594 t=637.4s
step= 16800 train_loss=0.0000 train_acc=1.0000 test_loss=7.8459 test_acc=0.2588 t=641.9s
step= 16900 train_loss=0.0000 train_acc=1.0000 test_loss=7.8592 test_acc=0.2581 t=646.6s
step= 17000 train_loss=0.0000 train_acc=1.0000 test_loss=7.8495 test_acc=0.2590 t=651.2s
step= 17100 train_loss=0.0000 train_acc=1.0000 test_loss=7.8509 test_acc=0.2590 t=654.9s
step= 17200 train_loss=0.0000 train_acc=1.0000 test_loss=7.8555 test_acc=0.2585 t=658.7s
step= 17300 train_loss=0.0000 train_acc=1.0000 test_loss=7.8611 test_acc=0.2592 t=662.4s
step= 17400 train_loss=0.0000 train_acc=1.0000 test_loss=7.8592 test_acc=0.2587 t=666.3s
step= 17500 train_loss=0.0000 train_acc=1.0000 test_loss=7.8633 test_acc=0.2576 t=670.7s
step= 17600 train_loss=0.0000 train_acc=1.0000 test_loss=7.8671 test_acc=0.2587 t=674.4s
step= 17700 train_loss=0.0000 train_acc=1.0000 test_loss=7.8760 test_acc=0.2590 t=678.1s
step= 17800 train_loss=0.0000 train_acc=1.0000 test_loss=7.8608 test_acc=0.2583 t=682.7s
step= 17900 train_loss=0.0000 train_acc=1.0000 test_loss=7.8681 test_acc=0.2584 t=686.9s
step= 18000 train_loss=0.0000 train_acc=1.0000 test_loss=7.8618 test_acc=0.2577 t=690.9s
step= 18100 train_loss=0.0000 train_acc=1.0000 test_loss=7.8801 test_acc=0.2588 t=695.1s
step= 18200 train_loss=0.0000 train_acc=1.0000 test_loss=7.8770 test_acc=0.2581 t=698.8s
step= 18300 train_loss=0.0000 train_acc=1.0000 test_loss=7.8978 test_acc=0.2578 t=702.5s
step= 18400 train_loss=0.0000 train_acc=1.0000 test_loss=7.8726 test_acc=0.2578 t=706.4s
step= 18500 train_loss=0.0000 train_acc=1.0000 test_loss=7.8888 test_acc=0.2582 t=710.4s
step= 18600 train_loss=0.0000 train_acc=1.0000 test_loss=7.8781 test_acc=0.2579 t=714.1s
step= 18700 train_loss=0.0000 train_acc=1.0000 test_loss=7.8980 test_acc=0.2572 t=718.0s
step= 18800 train_loss=0.0000 train_acc=1.0000 test_loss=7.8747 test_acc=0.2583 t=722.5s
step= 18900 train_loss=0.0000 train_acc=1.0000 test_loss=7.8845 test_acc=0.2583 t=726.2s
step= 19000 train_loss=0.0000 train_acc=1.0000 test_loss=7.8803 test_acc=0.2578 t=729.9s
step= 19100 train_loss=0.0000 train_acc=1.0000 test_loss=7.8931 test_acc=0.2582 t=733.6s
step= 19200 train_loss=0.0000 train_acc=1.0000 test_loss=7.8734 test_acc=0.2579 t=737.4s
step= 19300 train_loss=0.0000 train_acc=1.0000 test_loss=7.8887 test_acc=0.2581 t=741.1s
step= 19400 train_loss=0.0000 train_acc=1.0000 test_loss=7.9040 test_acc=0.2579 t=744.8s
step= 19500 train_loss=0.0000 train_acc=1.0000 test_loss=7.8991 test_acc=0.2593 t=748.5s
step= 19600 train_loss=0.0000 train_acc=1.0000 test_loss=7.9046 test_acc=0.2582 t=752.2s
step= 19700 train_loss=0.0000 train_acc=1.0000 test_loss=7.8855 test_acc=0.2581 t=755.9s
step= 19800 train_loss=0.0000 train_acc=1.0000 test_loss=7.9041 test_acc=0.2575 t=759.6s
step= 19900 train_loss=0.0000 train_acc=1.0000 test_loss=7.9014 test_acc=0.2576 t=763.3s
step= 20000 train_loss=0.0000 train_acc=1.0000 test_loss=7.9096 test_acc=0.2582 t=767.0s
step= 20100 train_loss=0.0000 train_acc=1.0000 test_loss=7.9106 test_acc=0.2582 t=770.7s
step= 20200 train_loss=0.0000 train_acc=1.0000 test_loss=7.9188 test_acc=0.2582 t=774.4s
step= 20300 train_loss=0.0000 train_acc=1.0000 test_loss=7.9099 test_acc=0.2582 t=778.1s
step= 20400 train_loss=0.0000 train_acc=1.0000 test_loss=7.9092 test_acc=0.2578 t=782.0s
step= 20500 train_loss=0.0000 train_acc=1.0000 test_loss=7.9040 test_acc=0.2581 t=785.7s
step= 20600 train_loss=0.0000 train_acc=1.0000 test_loss=7.9141 test_acc=0.2588 t=789.4s
step= 20700 train_loss=0.0000 train_acc=1.0000 test_loss=7.9071 test_acc=0.2584 t=793.3s
step= 20800 train_loss=0.0000 train_acc=1.0000 test_loss=7.9151 test_acc=0.2572 t=797.2s
step= 20900 train_loss=0.0000 train_acc=1.0000 test_loss=7.9109 test_acc=0.2587 t=800.9s
step= 21000 train_loss=0.0000 train_acc=1.0000 test_loss=7.9044 test_acc=0.2587 t=804.6s
step= 21100 train_loss=0.0000 train_acc=1.0000 test_loss=7.9152 test_acc=0.2585 t=808.3s
step= 21200 train_loss=0.0000 train_acc=1.0000 test_loss=7.9324 test_acc=0.2592 t=812.0s
step= 21300 train_loss=0.0000 train_acc=1.0000 test_loss=7.9170 test_acc=0.2591 t=815.7s
step= 21400 train_loss=0.0000 train_acc=1.0000 test_loss=7.9250 test_acc=0.2593 t=819.6s
step= 21500 train_loss=0.0000 train_acc=1.0000 test_loss=7.9210 test_acc=0.2592 t=823.4s
step= 21600 train_loss=0.0000 train_acc=1.0000 test_loss=7.9316 test_acc=0.2587 t=827.2s
step= 21700 train_loss=0.0000 train_acc=1.0000 test_loss=7.9092 test_acc=0.2593 t=831.3s
step= 21800 train_loss=0.0000 train_acc=1.0000 test_loss=7.9298 test_acc=0.2583 t=834.9s
step= 21900 train_loss=0.0000 train_acc=1.0000 test_loss=7.9234 test_acc=0.2593 t=838.7s
step= 22000 train_loss=0.0000 train_acc=1.0000 test_loss=7.9319 test_acc=0.2593 t=842.5s
step= 22100 train_loss=0.0000 train_acc=1.0000 test_loss=7.9170 test_acc=0.2587 t=846.3s
step= 22200 train_loss=0.0000 train_acc=1.0000 test_loss=7.9285 test_acc=0.2586 t=850.0s
step= 22300 train_loss=0.0000 train_acc=1.0000 test_loss=7.9207 test_acc=0.2585 t=853.7s
step= 22400 train_loss=0.0000 train_acc=1.0000 test_loss=7.9514 test_acc=0.2584 t=857.4s
step= 22500 train_loss=0.0000 train_acc=1.0000 test_loss=7.9376 test_acc=0.2590 t=861.1s
step= 22600 train_loss=0.0000 train_acc=1.0000 test_loss=7.9426 test_acc=0.2590 t=864.8s
step= 22700 train_loss=0.0000 train_acc=1.0000 test_loss=7.9486 test_acc=0.2584 t=868.5s
step= 22800 train_loss=0.0000 train_acc=1.0000 test_loss=7.9401 test_acc=0.2590 t=872.2s
step= 22900 train_loss=0.0000 train_acc=1.0000 test_loss=7.9452 test_acc=0.2585 t=875.9s
step= 23000 train_loss=0.0000 train_acc=1.0000 test_loss=7.9596 test_acc=0.2594 t=879.6s
step= 23100 train_loss=0.0000 train_acc=1.0000 test_loss=7.9501 test_acc=0.2591 t=883.6s
step= 23200 train_loss=0.0000 train_acc=1.0000 test_loss=7.9573 test_acc=0.2582 t=887.3s
step= 23300 train_loss=0.0000 train_acc=1.0000 test_loss=7.9625 test_acc=0.2590 t=891.0s
step= 23400 train_loss=0.0000 train_acc=1.0000 test_loss=7.9470 test_acc=0.2585 t=894.7s
step= 23500 train_loss=0.0000 train_acc=1.0000 test_loss=7.9639 test_acc=0.2590 t=898.5s
step= 23600 train_loss=0.0000 train_acc=1.0000 test_loss=7.9492 test_acc=0.2586 t=902.2s
step= 23700 train_loss=0.0000 train_acc=1.0000 test_loss=7.9809 test_acc=0.2583 t=906.0s
step= 23800 train_loss=0.0000 train_acc=1.0000 test_loss=7.9555 test_acc=0.2588 t=909.8s
step= 23900 train_loss=0.0000 train_acc=1.0000 test_loss=7.9766 test_acc=0.2586 t=913.6s
step= 24000 train_loss=0.0000 train_acc=1.0000 test_loss=7.9596 test_acc=0.2588 t=917.3s
step= 24100 train_loss=0.0000 train_acc=1.0000 test_loss=7.9579 test_acc=0.2588 t=921.0s
step= 24200 train_loss=0.0000 train_acc=1.0000 test_loss=7.9634 test_acc=0.2592 t=924.7s
step= 24300 train_loss=0.0000 train_acc=1.0000 test_loss=7.9565 test_acc=0.2590 t=928.4s
step= 24400 train_loss=0.0000 train_acc=1.0000 test_loss=7.9625 test_acc=0.2580 t=932.1s
step= 24500 train_loss=0.0000 train_acc=1.0000 test_loss=7.9650 test_acc=0.2585 t=935.8s
step= 24600 train_loss=0.0000 train_acc=1.0000 test_loss=7.9707 test_acc=0.2588 t=939.5s
step= 24700 train_loss=0.0000 train_acc=1.0000 test_loss=7.9814 test_acc=0.2594 t=943.2s
step= 24800 train_loss=0.0000 train_acc=1.0000 test_loss=7.9828 test_acc=0.2586 t=946.9s
step= 24900 train_loss=0.0000 train_acc=1.0000 test_loss=7.9909 test_acc=0.2585 t=950.7s
step= 25000 train_loss=0.0000 train_acc=1.0000 test_loss=7.9774 test_acc=0.2587 t=954.4s
step= 25100 train_loss=0.0000 train_acc=1.0000 test_loss=7.9902 test_acc=0.2576 t=958.1s
step= 25200 train_loss=0.0000 train_acc=1.0000 test_loss=7.9795 test_acc=0.2588 t=961.9s
step= 25300 train_loss=0.0000 train_acc=1.0000 test_loss=7.9666 test_acc=0.2587 t=965.6s
step= 25400 train_loss=0.0000 train_acc=1.0000 test_loss=7.9799 test_acc=0.2591 t=969.3s
step= 25500 train_loss=0.0000 train_acc=1.0000 test_loss=7.9813 test_acc=0.2585 t=973.1s
step= 25600 train_loss=0.0000 train_acc=1.0000 test_loss=7.9820 test_acc=0.2593 t=976.8s
step= 25700 train_loss=0.0000 train_acc=1.0000 test_loss=8.0010 test_acc=0.2585 t=982.0s
step= 25800 train_loss=0.0000 train_acc=1.0000 test_loss=7.9921 test_acc=0.2596 t=987.1s
step= 25900 train_loss=0.0000 train_acc=1.0000 test_loss=7.9844 test_acc=0.2588 t=992.0s
step= 26000 train_loss=0.0000 train_acc=1.0000 test_loss=7.9947 test_acc=0.2594 t=995.7s
step= 26100 train_loss=0.0000 train_acc=1.0000 test_loss=8.0002 test_acc=0.2593 t=999.4s
step= 26200 train_loss=0.0000 train_acc=1.0000 test_loss=7.9832 test_acc=0.2585 t=1003.1s
step= 26300 train_loss=0.0000 train_acc=1.0000 test_loss=8.0013 test_acc=0.2593 t=1006.9s
step= 26400 train_loss=0.0000 train_acc=1.0000 test_loss=7.9990 test_acc=0.2591 t=1010.6s
step= 26500 train_loss=0.0000 train_acc=1.0000 test_loss=7.9849 test_acc=0.2593 t=1014.3s
step= 26600 train_loss=0.0000 train_acc=1.0000 test_loss=8.0185 test_acc=0.2598 t=1018.0s
step= 26700 train_loss=0.0000 train_acc=1.0000 test_loss=8.0223 test_acc=0.2597 t=1021.8s
step= 26800 train_loss=0.0000 train_acc=1.0000 test_loss=8.0288 test_acc=0.2591 t=1025.5s
step= 26900 train_loss=0.0000 train_acc=1.0000 test_loss=8.0060 test_acc=0.2596 t=1029.3s
step= 27000 train_loss=0.0000 train_acc=1.0000 test_loss=8.0244 test_acc=0.2592 t=1033.0s
step= 27100 train_loss=0.0000 train_acc=1.0000 test_loss=8.0292 test_acc=0.2582 t=1036.7s
step= 27200 train_loss=0.0000 train_acc=1.0000 test_loss=8.0073 test_acc=0.2597 t=1040.4s
step= 27300 train_loss=0.0000 train_acc=1.0000 test_loss=8.0097 test_acc=0.2594 t=1044.2s
step= 27400 train_loss=0.0000 train_acc=1.0000 test_loss=8.0386 test_acc=0.2592 t=1047.9s
step= 27500 train_loss=0.0000 train_acc=1.0000 test_loss=8.0339 test_acc=0.2595 t=1051.6s
step= 27600 train_loss=0.0000 train_acc=1.0000 test_loss=8.0351 test_acc=0.2598 t=1055.3s
step= 27700 train_loss=0.0000 train_acc=1.0000 test_loss=8.0235 test_acc=0.2590 t=1059.0s
step= 27800 train_loss=0.0000 train_acc=1.0000 test_loss=8.0141 test_acc=0.2594 t=1062.7s
step= 27900 train_loss=0.0000 train_acc=1.0000 test_loss=8.0188 test_acc=0.2591 t=1066.3s
step= 28000 train_loss=0.0000 train_acc=1.0000 test_loss=8.0599 test_acc=0.2586 t=1070.0s
step= 28100 train_loss=0.0000 train_acc=1.0000 test_loss=8.0280 test_acc=0.2587 t=1073.8s
step= 28200 train_loss=0.0000 train_acc=1.0000 test_loss=8.0470 test_acc=0.2596 t=1077.4s
step= 28300 train_loss=0.0000 train_acc=1.0000 test_loss=8.0500 test_acc=0.2602 t=1081.2s
step= 28400 train_loss=0.0000 train_acc=1.0000 test_loss=8.0242 test_acc=0.2594 t=1084.9s
step= 28500 train_loss=0.0000 train_acc=1.0000 test_loss=8.0432 test_acc=0.2596 t=1088.7s
step= 28600 train_loss=0.0000 train_acc=1.0000 test_loss=7.9978 test_acc=0.2601 t=1092.5s
step= 28700 train_loss=0.0000 train_acc=1.0000 test_loss=8.0299 test_acc=0.2597 t=1096.2s
step= 28800 train_loss=0.0000 train_acc=1.0000 test_loss=8.0605 test_acc=0.2603 t=1099.9s
step= 28900 train_loss=0.0000 train_acc=1.0000 test_loss=8.0210 test_acc=0.2605 t=1103.6s
step= 29000 train_loss=0.0000 train_acc=1.0000 test_loss=8.0528 test_acc=0.2593 t=1107.4s
step= 29100 train_loss=0.0000 train_acc=1.0000 test_loss=8.0373 test_acc=0.2591 t=1111.2s
step= 29200 train_loss=0.0000 train_acc=1.0000 test_loss=8.0164 test_acc=0.2594 t=1114.9s
step= 29300 train_loss=0.0000 train_acc=1.0000 test_loss=8.0595 test_acc=0.2600 t=1118.6s
step= 29400 train_loss=0.0000 train_acc=1.0000 test_loss=8.0349 test_acc=0.2591 t=1122.3s
step= 29500 train_loss=0.0000 train_acc=1.0000 test_loss=8.0671 test_acc=0.2590 t=1126.0s
step= 29600 train_loss=0.0000 train_acc=1.0000 test_loss=8.0495 test_acc=0.2596 t=1130.2s
step= 29700 train_loss=0.0000 train_acc=1.0000 test_loss=8.0234 test_acc=0.2603 t=1133.9s
step= 29800 train_loss=0.0000 train_acc=1.0000 test_loss=8.0749 test_acc=0.2595 t=1137.6s
step= 29900 train_loss=0.0000 train_acc=1.0000 test_loss=8.0351 test_acc=0.2598 t=1141.3s
step= 30000 train_loss=0.0000 train_acc=1.0000 test_loss=8.0669 test_acc=0.2587 t=1145.1s
step= 30100 train_loss=0.0000 train_acc=1.0000 test_loss=8.0760 test_acc=0.2598 t=1148.8s
step= 30200 train_loss=0.0000 train_acc=1.0000 test_loss=8.0722 test_acc=0.2595 t=1152.5s
step= 30300 train_loss=0.0000 train_acc=1.0000 test_loss=8.0636 test_acc=0.2594 t=1156.3s
step= 30400 train_loss=0.0000 train_acc=1.0000 test_loss=8.0330 test_acc=0.2601 t=1160.1s
step= 30500 train_loss=0.0000 train_acc=1.0000 test_loss=8.0682 test_acc=0.2597 t=1163.8s
step= 30600 train_loss=0.0000 train_acc=1.0000 test_loss=8.0594 test_acc=0.2595 t=1167.5s
step= 30700 train_loss=0.0000 train_acc=1.0000 test_loss=8.0409 test_acc=0.2593 t=1171.2s
step= 30800 train_loss=0.0000 train_acc=1.0000 test_loss=8.0542 test_acc=0.2597 t=1174.9s
step= 30900 train_loss=0.0000 train_acc=1.0000 test_loss=8.0729 test_acc=0.2602 t=1178.6s
step= 31000 train_loss=0.0000 train_acc=1.0000 test_loss=8.0712 test_acc=0.2595 t=1182.3s
step= 31100 train_loss=0.0000 train_acc=1.0000 test_loss=8.0618 test_acc=0.2591 t=1186.3s
step= 31200 train_loss=0.0000 train_acc=1.0000 test_loss=8.0752 test_acc=0.2591 t=1190.0s
step= 31300 train_loss=0.0000 train_acc=1.0000 test_loss=8.0522 test_acc=0.2588 t=1193.7s
step= 31400 train_loss=0.0000 train_acc=1.0000 test_loss=8.0238 test_acc=0.2598 t=1198.0s
step= 31500 train_loss=0.0000 train_acc=1.0000 test_loss=8.0768 test_acc=0.2590 t=1202.0s
step= 31600 train_loss=0.0000 train_acc=1.0000 test_loss=8.0505 test_acc=0.2600 t=1205.8s
step= 31700 train_loss=0.0000 train_acc=1.0000 test_loss=8.0506 test_acc=0.2590 t=1209.5s
step= 31800 train_loss=0.0000 train_acc=1.0000 test_loss=8.0762 test_acc=0.2588 t=1213.2s
step= 31900 train_loss=0.0000 train_acc=1.0000 test_loss=8.0689 test_acc=0.2599 t=1217.0s
step= 32000 train_loss=0.0000 train_acc=1.0000 test_loss=8.0391 test_acc=0.2590 t=1220.7s
step= 32100 train_loss=0.0000 train_acc=1.0000 test_loss=8.0703 test_acc=0.2595 t=1224.5s
step= 32200 train_loss=0.0000 train_acc=1.0000 test_loss=8.0729 test_acc=0.2598 t=1228.2s
step= 32300 train_loss=0.0000 train_acc=1.0000 test_loss=8.0938 test_acc=0.2592 t=1231.9s
step= 32400 train_loss=0.0000 train_acc=1.0000 test_loss=8.1233 test_acc=0.2595 t=1235.9s
step= 32500 train_loss=0.0000 train_acc=1.0000 test_loss=8.0748 test_acc=0.2583 t=1239.6s
step= 32600 train_loss=0.0000 train_acc=1.0000 test_loss=8.0892 test_acc=0.2601 t=1243.3s
step= 32700 train_loss=0.0000 train_acc=1.0000 test_loss=8.0932 test_acc=0.2598 t=1247.0s
step= 32800 train_loss=0.0000 train_acc=1.0000 test_loss=8.1272 test_acc=0.2585 t=1250.7s
step= 32900 train_loss=0.0000 train_acc=1.0000 test_loss=8.1659 test_acc=0.2595 t=1254.4s
step= 33000 train_loss=0.0000 train_acc=1.0000 test_loss=8.1177 test_acc=0.2598 t=1258.2s
step= 33100 train_loss=0.0000 train_acc=1.0000 test_loss=8.0478 test_acc=0.2597 t=1261.9s
step= 33200 train_loss=0.0000 train_acc=1.0000 test_loss=8.1451 test_acc=0.2602 t=1265.7s
step= 33300 train_loss=0.0000 train_acc=1.0000 test_loss=8.0389 test_acc=0.2602 t=1269.4s
step= 33400 train_loss=0.0000 train_acc=1.0000 test_loss=8.0753 test_acc=0.2598 t=1273.1s
step= 33500 train_loss=0.0000 train_acc=1.0000 test_loss=8.1184 test_acc=0.2594 t=1276.9s
step= 33600 train_loss=0.0000 train_acc=1.0000 test_loss=8.0647 test_acc=0.2597 t=1280.6s
step= 33700 train_loss=0.0000 train_acc=1.0000 test_loss=8.0852 test_acc=0.2590 t=1284.4s
step= 33800 train_loss=0.0000 train_acc=1.0000 test_loss=8.0596 test_acc=0.2597 t=1288.1s
step= 33900 train_loss=0.0001 train_acc=1.0000 test_loss=19.8185 test_acc=0.2507 t=1291.8s
step= 34000 train_loss=0.0000 train_acc=1.0000 test_loss=19.7532 test_acc=0.2526 t=1295.5s
step= 34100 train_loss=0.0000 train_acc=1.0000 test_loss=19.7246 test_acc=0.2534 t=1299.3s
step= 34200 train_loss=0.0000 train_acc=1.0000 test_loss=19.7102 test_acc=0.2546 t=1303.0s
step= 34300 train_loss=0.0000 train_acc=1.0000 test_loss=19.7090 test_acc=0.2558 t=1306.7s
step= 34400 train_loss=0.0000 train_acc=1.0000 test_loss=19.7302 test_acc=0.2561 t=1310.8s
step= 34500 train_loss=0.0000 train_acc=1.0000 test_loss=19.7393 test_acc=0.2568 t=1314.5s
step= 34600 train_loss=0.0000 train_acc=1.0000 test_loss=19.4786 test_acc=0.2561 t=1318.3s
step= 34700 train_loss=0.0000 train_acc=1.0000 test_loss=18.5372 test_acc=0.2564 t=1322.1s
step= 34800 train_loss=0.0000 train_acc=1.0000 test_loss=16.3213 test_acc=0.2568 t=1325.8s
step= 34900 train_loss=0.0000 train_acc=1.0000 test_loss=12.8221 test_acc=0.2601 t=1329.6s
step= 35000 train_loss=0.0000 train_acc=1.0000 test_loss=9.6485 test_acc=0.2609 t=1333.3s
step= 35100 train_loss=0.0000 train_acc=1.0000 test_loss=8.5336 test_acc=0.2616 t=1337.0s
step= 35200 train_loss=0.0000 train_acc=1.0000 test_loss=18.5609 test_acc=0.2500 t=1340.8s
step= 35300 train_loss=0.0000 train_acc=1.0000 test_loss=18.4771 test_acc=0.2523 t=1344.5s
step= 35400 train_loss=0.0000 train_acc=1.0000 test_loss=18.4311 test_acc=0.2533 t=1348.2s
step= 35500 train_loss=0.0000 train_acc=1.0000 test_loss=18.3960 test_acc=0.2543 t=1351.9s
step= 35600 train_loss=0.0000 train_acc=1.0000 test_loss=18.3744 test_acc=0.2546 t=1355.7s
step= 35700 train_loss=0.0000 train_acc=1.0000 test_loss=18.3624 test_acc=0.2549 t=1359.5s
step= 35800 train_loss=0.0000 train_acc=1.0000 test_loss=18.2191 test_acc=0.2552 t=1363.2s
step= 35900 train_loss=0.0000 train_acc=1.0000 test_loss=17.5927 test_acc=0.2558 t=1367.0s
step= 36000 train_loss=0.0000 train_acc=1.0000 test_loss=16.0914 test_acc=0.2563 t=1370.7s
step= 36100 train_loss=0.0000 train_acc=1.0000 test_loss=13.4601 test_acc=0.2568 t=1374.4s
step= 36200 train_loss=0.0000 train_acc=1.0000 test_loss=10.4291 test_acc=0.2583 t=1378.1s
step= 36300 train_loss=0.0000 train_acc=1.0000 test_loss=8.3650 test_acc=0.2609 t=1381.8s
step= 36400 train_loss=0.0000 train_acc=1.0000 test_loss=7.5486 test_acc=0.2629 t=1385.6s
step= 36500 train_loss=0.0000 train_acc=1.0000 test_loss=7.2981 test_acc=0.2623 t=1390.0s
step= 36600 train_loss=0.0000 train_acc=1.0000 test_loss=7.3236 test_acc=0.2607 t=1393.8s
step= 36700 train_loss=0.0000 train_acc=1.0000 test_loss=7.3450 test_acc=0.2599 t=1397.6s
step= 36800 train_loss=0.0000 train_acc=1.0000 test_loss=7.4115 test_acc=0.2609 t=1401.3s
step= 36900 train_loss=0.0000 train_acc=1.0000 test_loss=7.4121 test_acc=0.2620 t=1405.0s
step= 37000 train_loss=0.0000 train_acc=1.0000 test_loss=7.4473 test_acc=0.2613 t=1408.7s
step= 37100 train_loss=0.0000 train_acc=1.0000 test_loss=7.5024 test_acc=0.2602 t=1412.4s
step= 37200 train_loss=0.0000 train_acc=1.0000 test_loss=7.5512 test_acc=0.2610 t=1416.1s
step= 37300 train_loss=0.0000 train_acc=1.0000 test_loss=7.6148 test_acc=0.2604 t=1419.8s
step= 37400 train_loss=0.0000 train_acc=1.0000 test_loss=7.5939 test_acc=0.2604 t=1423.5s
step= 37500 train_loss=0.0000 train_acc=1.0000 test_loss=7.6280 test_acc=0.2605 t=1427.2s
step= 37600 train_loss=0.0000 train_acc=1.0000 test_loss=7.6220 test_acc=0.2600 t=1431.4s
step= 37700 train_loss=0.0000 train_acc=1.0000 test_loss=7.7176 test_acc=0.2600 t=1435.1s
step= 37800 train_loss=0.0000 train_acc=1.0000 test_loss=7.6505 test_acc=0.2602 t=1438.8s
step= 37900 train_loss=0.0001 train_acc=1.0000 test_loss=16.5545 test_acc=0.2519 t=1442.5s
step= 38000 train_loss=0.0000 train_acc=1.0000 test_loss=16.4723 test_acc=0.2532 t=1446.3s
step= 38100 train_loss=0.0000 train_acc=1.0000 test_loss=16.4338 test_acc=0.2534 t=1450.0s
step= 38200 train_loss=0.0000 train_acc=1.0000 test_loss=16.4082 test_acc=0.2536 t=1453.7s
step= 38300 train_loss=0.0000 train_acc=1.0000 test_loss=16.3952 test_acc=0.2536 t=1457.4s
step= 38400 train_loss=0.0000 train_acc=1.0000 test_loss=16.3944 test_acc=0.2539 t=1461.1s
step= 38500 train_loss=0.0000 train_acc=1.0000 test_loss=16.3610 test_acc=0.2534 t=1464.9s
step= 38600 train_loss=0.0000 train_acc=1.0000 test_loss=15.9946 test_acc=0.2540 t=1468.5s
step= 38700 train_loss=0.0000 train_acc=1.0000 test_loss=14.9149 test_acc=0.2548 t=1472.2s
step= 38800 train_loss=0.0000 train_acc=1.0000 test_loss=13.0511 test_acc=0.2562 t=1475.9s
step= 38900 train_loss=0.0000 train_acc=1.0000 test_loss=10.7930 test_acc=0.2594 t=1479.8s
step= 39000 train_loss=0.0000 train_acc=1.0000 test_loss=8.8319 test_acc=0.2610 t=1483.8s
step= 39100 train_loss=0.0000 train_acc=1.0000 test_loss=7.7854 test_acc=0.2630 t=1487.5s
step= 39200 train_loss=0.0000 train_acc=1.0000 test_loss=7.4898 test_acc=0.2619 t=1491.2s
step= 39300 train_loss=0.0000 train_acc=1.0000 test_loss=7.4568 test_acc=0.2608 t=1495.0s
step= 39400 train_loss=0.0000 train_acc=1.0000 test_loss=7.5026 test_acc=0.2595 t=1498.7s
step= 39500 train_loss=0.0000 train_acc=1.0000 test_loss=19.3245 test_acc=0.2509 t=1502.4s
step= 39600 train_loss=0.0000 train_acc=1.0000 test_loss=19.2791 test_acc=0.2517 t=1506.2s
step= 39700 train_loss=0.0000 train_acc=1.0000 test_loss=19.2560 test_acc=0.2529 t=1509.9s
step= 39800 train_loss=0.0000 train_acc=1.0000 test_loss=19.2470 test_acc=0.2537 t=1513.6s
step= 39900 train_loss=0.0000 train_acc=1.0000 test_loss=19.2520 test_acc=0.2537 t=1517.3s
step= 40000 train_loss=0.0000 train_acc=1.0000 test_loss=19.2292 test_acc=0.2540 t=1521.1s
